{"meta": {"format": 3, "version": "7.11.2", "timestamp": "2025-11-08T22:49:43.915862", "branch_coverage": false, "show_contexts": false}, "files": {"quasim/__init__.py": {"executed_lines": [1, 13, 15, 16, 17, 19, 20, 23, 24, 25, 34, 35, 36, 37, 40, 41, 43, 49, 50, 51, 53, 55, 56, 58, 60, 61, 63, 72, 76, 77, 79, 80, 83, 85, 88, 89, 98, 99, 100, 102, 105], "summary": {"covered_lines": 38, "num_statements": 39, "percent_covered": 97.43589743589743, "percent_covered_display": "97.44", "missing_lines": 1, "excluded_lines": 0}, "missing_lines": [73], "excluded_lines": [], "functions": {"Runtime.__init__": {"executed_lines": [49, 50, 51], "summary": {"covered_lines": 3, "num_statements": 3, "percent_covered": 100.0, "percent_covered_display": "100.00", "missing_lines": 0, "excluded_lines": 0}, "missing_lines": [], "excluded_lines": []}, "Runtime.__enter__": {"executed_lines": [55, 56], "summary": {"covered_lines": 2, "num_statements": 2, "percent_covered": 100.0, "percent_covered_display": "100.00", "missing_lines": 0, "excluded_lines": 0}, "missing_lines": [], "excluded_lines": []}, "Runtime.__exit__": {"executed_lines": [60, 61], "summary": {"covered_lines": 2, "num_statements": 2, "percent_covered": 100.0, "percent_covered_display": "100.00", "missing_lines": 0, "excluded_lines": 0}, "missing_lines": [], "excluded_lines": []}, "Runtime.simulate": {"executed_lines": [72, 76, 77, 79, 80, 83, 85], "summary": {"covered_lines": 7, "num_statements": 8, "percent_covered": 87.5, "percent_covered_display": "87.50", "missing_lines": 1, "excluded_lines": 0}, "missing_lines": [73], "excluded_lines": []}, "runtime": {"executed_lines": [98, 99, 100, 102], "summary": {"covered_lines": 4, "num_statements": 4, "percent_covered": 100.0, "percent_covered_display": "100.00", "missing_lines": 0, "excluded_lines": 0}, "missing_lines": [], "excluded_lines": []}, "": {"executed_lines": [1, 13, 15, 16, 17, 19, 20, 23, 24, 25, 34, 35, 36, 37, 40, 41, 43, 53, 58, 63, 88, 89, 105], "summary": {"covered_lines": 20, "num_statements": 20, "percent_covered": 100.0, "percent_covered_display": "100.00", "missing_lines": 0, "excluded_lines": 0}, "missing_lines": [], "excluded_lines": []}}, "classes": {"Config": {"executed_lines": [], "summary": {"covered_lines": 0, "num_statements": 0, "percent_covered": 100.0, "percent_covered_display": "100.00", "missing_lines": 0, "excluded_lines": 0}, "missing_lines": [], "excluded_lines": []}, "Runtime": {"executed_lines": [49, 50, 51, 55, 56, 60, 61, 72, 76, 77, 79, 80, 83, 85], "summary": {"covered_lines": 14, "num_statements": 15, "percent_covered": 93.33333333333333, "percent_covered_display": "93.33", "missing_lines": 1, "excluded_lines": 0}, "missing_lines": [73], "excluded_lines": []}, "": {"executed_lines": [1, 13, 15, 16, 17, 19, 20, 23, 24, 25, 34, 35, 36, 37, 40, 41, 43, 53, 58, 63, 88, 89, 98, 99, 100, 102, 105], "summary": {"covered_lines": 24, "num_statements": 24, "percent_covered": 100.0, "percent_covered_display": "100.00", "missing_lines": 0, "excluded_lines": 0}, "missing_lines": [], "excluded_lines": []}}}, "quasim/analog/__init__.py": {"executed_lines": [], "summary": {"covered_lines": 0, "num_statements": 2, "percent_covered": 0.0, "percent_covered_display": "0.00", "missing_lines": 2, "excluded_lines": 0}, "missing_lines": [3, 8], "excluded_lines": [], "functions": {"": {"executed_lines": [], "summary": {"covered_lines": 0, "num_statements": 2, "percent_covered": 0.0, "percent_covered_display": "0.00", "missing_lines": 2, "excluded_lines": 0}, "missing_lines": [3, 8], "excluded_lines": []}}, "classes": {"": {"executed_lines": [], "summary": {"covered_lines": 0, "num_statements": 2, "percent_covered": 0.0, "percent_covered_display": "0.00", "missing_lines": 2, "excluded_lines": 0}, "missing_lines": [3, 8], "excluded_lines": []}}}, "quasim/analog/metric.py": {"executed_lines": [], "summary": {"covered_lines": 0, "num_statements": 68, "percent_covered": 0.0, "percent_covered_display": "0.00", "missing_lines": 68, "excluded_lines": 0}, "missing_lines": [7, 9, 10, 12, 15, 41, 44, 46, 47, 50, 51, 54, 55, 56, 57, 59, 61, 64, 92, 94, 95, 97, 98, 100, 101, 102, 105, 108, 115, 116, 119, 122, 123, 124, 125, 127, 129, 132, 134, 137, 161, 164, 165, 166, 167, 168, 171, 172, 174, 175, 177, 180, 198, 199, 201, 202, 204, 205, 206, 209, 211, 213, 216, 239, 242, 245, 248, 250], "excluded_lines": [], "functions": {"refractive_index_to_metric": {"executed_lines": [], "summary": {"covered_lines": 0, "num_statements": 12, "percent_covered": 0.0, "percent_covered_display": "0.00", "missing_lines": 12, "excluded_lines": 0}, "missing_lines": [41, 44, 46, 47, 50, 51, 54, 55, 56, 57, 59, 61], "excluded_lines": []}, "geodesic_propagation": {"executed_lines": [], "summary": {"covered_lines": 0, "num_statements": 21, "percent_covered": 0.0, "percent_covered_display": "0.00", "missing_lines": 21, "excluded_lines": 0}, "missing_lines": [92, 94, 95, 97, 98, 100, 101, 102, 105, 108, 115, 116, 119, 122, 123, 124, 125, 127, 129, 132, 134], "excluded_lines": []}, "check_normalization_preservation": {"executed_lines": [], "summary": {"covered_lines": 0, "num_statements": 11, "percent_covered": 0.0, "percent_covered_display": "0.00", "missing_lines": 11, "excluded_lines": 0}, "missing_lines": [161, 164, 165, 166, 167, 168, 171, 172, 174, 175, 177], "excluded_lines": []}, "effective_potential_from_metric": {"executed_lines": [], "summary": {"covered_lines": 0, "num_statements": 10, "percent_covered": 0.0, "percent_covered_display": "0.00", "missing_lines": 10, "excluded_lines": 0}, "missing_lines": [198, 199, 201, 202, 204, 205, 206, 209, 211, 213], "excluded_lines": []}, "acoustic_black_hole_metric": {"executed_lines": [], "summary": {"covered_lines": 0, "num_statements": 5, "percent_covered": 0.0, "percent_covered_display": "0.00", "missing_lines": 5, "excluded_lines": 0}, "missing_lines": [239, 242, 245, 248, 250], "excluded_lines": []}, "": {"executed_lines": [], "summary": {"covered_lines": 0, "num_statements": 9, "percent_covered": 0.0, "percent_covered_display": "0.00", "missing_lines": 9, "excluded_lines": 0}, "missing_lines": [7, 9, 10, 12, 15, 64, 137, 180, 216], "excluded_lines": []}}, "classes": {"": {"executed_lines": [], "summary": {"covered_lines": 0, "num_statements": 68, "percent_covered": 0.0, "percent_covered_display": "0.00", "missing_lines": 68, "excluded_lines": 0}, "missing_lines": [7, 9, 10, 12, 15, 41, 44, 46, 47, 50, 51, 54, 55, 56, 57, 59, 61, 64, 92, 94, 95, 97, 98, 100, 101, 102, 105, 108, 115, 116, 119, 122, 123, 124, 125, 127, 129, 132, 134, 137, 161, 164, 165, 166, 167, 168, 171, 172, 174, 175, 177, 180, 198, 199, 201, 202, 204, 205, 206, 209, 211, 213, 216, 239, 242, 245, 248, 250], "excluded_lines": []}}}, "quasim/api/__init__.py": {"executed_lines": [], "summary": {"covered_lines": 0, "num_statements": 3, "percent_covered": 0.0, "percent_covered_display": "0.00", "missing_lines": 3, "excluded_lines": 0}, "missing_lines": [7, 9, 11], "excluded_lines": [], "functions": {"": {"executed_lines": [], "summary": {"covered_lines": 0, "num_statements": 3, "percent_covered": 0.0, "percent_covered_display": "0.00", "missing_lines": 3, "excluded_lines": 0}, "missing_lines": [7, 9, 11], "excluded_lines": []}}, "classes": {"": {"executed_lines": [], "summary": {"covered_lines": 0, "num_statements": 3, "percent_covered": 0.0, "percent_covered_display": "0.00", "missing_lines": 3, "excluded_lines": 0}, "missing_lines": [7, 9, 11], "excluded_lines": []}}}, "quasim/api/grpc_service.py": {"executed_lines": [], "summary": {"covered_lines": 0, "num_statements": 26, "percent_covered": 0.0, "percent_covered_display": "0.00", "missing_lines": 26, "excluded_lines": 0}, "missing_lines": [7, 9, 12, 24, 26, 28, 37, 39, 48, 50, 59, 61, 70, 73, 90, 93, 94, 95, 96, 98, 100, 101, 103, 105, 106, 108], "excluded_lines": [], "functions": {"QuASIMService.__init__": {"executed_lines": [], "summary": {"covered_lines": 0, "num_statements": 1, "percent_covered": 0.0, "percent_covered_display": "0.00", "missing_lines": 1, "excluded_lines": 0}, "missing_lines": [26], "excluded_lines": []}, "QuASIMService.SimulateCircuit": {"executed_lines": [], "summary": {"covered_lines": 0, "num_statements": 1, "percent_covered": 0.0, "percent_covered_display": "0.00", "missing_lines": 1, "excluded_lines": 0}, "missing_lines": [37], "excluded_lines": []}, "QuASIMService.CreateDigitalTwin": {"executed_lines": [], "summary": {"covered_lines": 0, "num_statements": 1, "percent_covered": 0.0, "percent_covered_display": "0.00", "missing_lines": 1, "excluded_lines": 0}, "missing_lines": [48], "excluded_lines": []}, "QuASIMService.SubmitOptimization": {"executed_lines": [], "summary": {"covered_lines": 0, "num_statements": 1, "percent_covered": 0.0, "percent_covered_display": "0.00", "missing_lines": 1, "excluded_lines": 0}, "missing_lines": [59], "excluded_lines": []}, "QuASIMService.GetClusterStatus": {"executed_lines": [], "summary": {"covered_lines": 0, "num_statements": 1, "percent_covered": 0.0, "percent_covered_display": "0.00", "missing_lines": 1, "excluded_lines": 0}, "missing_lines": [70], "excluded_lines": []}, "create_grpc_server": {"executed_lines": [], "summary": {"covered_lines": 0, "num_statements": 5, "percent_covered": 0.0, "percent_covered_display": "0.00", "missing_lines": 5, "excluded_lines": 0}, "missing_lines": [90, 93, 98, 103, 108], "excluded_lines": []}, "create_grpc_server.MockGRPCServer.__init__": {"executed_lines": [], "summary": {"covered_lines": 0, "num_statements": 3, "percent_covered": 0.0, "percent_covered_display": "0.00", "missing_lines": 3, "excluded_lines": 0}, "missing_lines": [94, 95, 96], "excluded_lines": []}, "create_grpc_server.MockGRPCServer.start": {"executed_lines": [], "summary": {"covered_lines": 0, "num_statements": 2, "percent_covered": 0.0, "percent_covered_display": "0.00", "missing_lines": 2, "excluded_lines": 0}, "missing_lines": [100, 101], "excluded_lines": []}, "create_grpc_server.MockGRPCServer.stop": {"executed_lines": [], "summary": {"covered_lines": 0, "num_statements": 2, "percent_covered": 0.0, "percent_covered_display": "0.00", "missing_lines": 2, "excluded_lines": 0}, "missing_lines": [105, 106], "excluded_lines": []}, "": {"executed_lines": [], "summary": {"covered_lines": 0, "num_statements": 9, "percent_covered": 0.0, "percent_covered_display": "0.00", "missing_lines": 9, "excluded_lines": 0}, "missing_lines": [7, 9, 12, 24, 28, 39, 50, 61, 73], "excluded_lines": []}}, "classes": {"QuASIMService": {"executed_lines": [], "summary": {"covered_lines": 0, "num_statements": 5, "percent_covered": 0.0, "percent_covered_display": "0.00", "missing_lines": 5, "excluded_lines": 0}, "missing_lines": [26, 37, 48, 59, 70], "excluded_lines": []}, "create_grpc_server.MockGRPCServer": {"executed_lines": [], "summary": {"covered_lines": 0, "num_statements": 7, "percent_covered": 0.0, "percent_covered_display": "0.00", "missing_lines": 7, "excluded_lines": 0}, "missing_lines": [94, 95, 96, 100, 101, 105, 106], "excluded_lines": []}, "": {"executed_lines": [], "summary": {"covered_lines": 0, "num_statements": 14, "percent_covered": 0.0, "percent_covered_display": "0.00", "missing_lines": 14, "excluded_lines": 0}, "missing_lines": [7, 9, 12, 24, 28, 39, 50, 61, 73, 90, 93, 98, 103, 108], "excluded_lines": []}}}, "quasim/api/server.py": {"executed_lines": [], "summary": {"covered_lines": 0, "num_statements": 65, "percent_covered": 0.0, "percent_covered_display": "0.00", "missing_lines": 65, "excluded_lines": 0}, "missing_lines": [3, 5, 13, 16, 17, 18, 19, 22, 25, 26, 27, 28, 31, 34, 37, 38, 39, 40, 43, 46, 49, 50, 51, 52, 55, 77, 80, 81, 82, 83, 85, 88, 89, 90, 92, 94, 97, 98, 99, 101, 103, 106, 107, 109, 112, 113, 123, 124, 126, 127, 136, 146, 147, 156, 162, 163, 173, 176, 177, 186, 187, 190, 191, 197, 199], "excluded_lines": [], "functions": {"SimulationRequest.__init__": {"executed_lines": [], "summary": {"covered_lines": 0, "num_statements": 3, "percent_covered": 0.0, "percent_covered_display": "0.00", "missing_lines": 3, "excluded_lines": 0}, "missing_lines": [17, 18, 19], "excluded_lines": []}, "SimulationResponse.__init__": {"executed_lines": [], "summary": {"covered_lines": 0, "num_statements": 3, "percent_covered": 0.0, "percent_covered_display": "0.00", "missing_lines": 3, "excluded_lines": 0}, "missing_lines": [26, 27, 28], "excluded_lines": []}, "DigitalTwinRequest.__init__": {"executed_lines": [], "summary": {"covered_lines": 0, "num_statements": 4, "percent_covered": 0.0, "percent_covered_display": "0.00", "missing_lines": 4, "excluded_lines": 0}, "missing_lines": [37, 38, 39, 40], "excluded_lines": []}, "OptimizationRequest.__init__": {"executed_lines": [], "summary": {"covered_lines": 0, "num_statements": 4, "percent_covered": 0.0, "percent_covered_display": "0.00", "missing_lines": 4, "excluded_lines": 0}, "missing_lines": [49, 50, 51, 52], "excluded_lines": []}, "create_app": {"executed_lines": [], "summary": {"covered_lines": 0, "num_statements": 20, "percent_covered": 0.0, "percent_covered_display": "0.00", "missing_lines": 20, "excluded_lines": 0}, "missing_lines": [77, 80, 85, 94, 103, 106, 107, 112, 113, 126, 127, 146, 147, 162, 163, 176, 177, 190, 191, 199], "excluded_lines": []}, "create_app.MockApp.__init__": {"executed_lines": [], "summary": {"covered_lines": 0, "num_statements": 3, "percent_covered": 0.0, "percent_covered_display": "0.00", "missing_lines": 3, "excluded_lines": 0}, "missing_lines": [81, 82, 83], "excluded_lines": []}, "create_app.MockApp.get": {"executed_lines": [], "summary": {"covered_lines": 0, "num_statements": 2, "percent_covered": 0.0, "percent_covered_display": "0.00", "missing_lines": 2, "excluded_lines": 0}, "missing_lines": [88, 92], "excluded_lines": []}, "create_app.MockApp.get.decorator": {"executed_lines": [], "summary": {"covered_lines": 0, "num_statements": 2, "percent_covered": 0.0, "percent_covered_display": "0.00", "missing_lines": 2, "excluded_lines": 0}, "missing_lines": [89, 90], "excluded_lines": []}, "create_app.MockApp.post": {"executed_lines": [], "summary": {"covered_lines": 0, "num_statements": 2, "percent_covered": 0.0, "percent_covered_display": "0.00", "missing_lines": 2, "excluded_lines": 0}, "missing_lines": [97, 101], "excluded_lines": []}, "create_app.MockApp.post.decorator": {"executed_lines": [], "summary": {"covered_lines": 0, "num_statements": 2, "percent_covered": 0.0, "percent_covered_display": "0.00", "missing_lines": 2, "excluded_lines": 0}, "missing_lines": [98, 99], "excluded_lines": []}, "create_app.health_check": {"executed_lines": [], "summary": {"covered_lines": 0, "num_statements": 1, "percent_covered": 0.0, "percent_covered_display": "0.00", "missing_lines": 1, "excluded_lines": 0}, "missing_lines": [109], "excluded_lines": []}, "create_app.simulate_circuit": {"executed_lines": [], "summary": {"covered_lines": 0, "num_statements": 2, "percent_covered": 0.0, "percent_covered_display": "0.00", "missing_lines": 2, "excluded_lines": 0}, "missing_lines": [123, 124], "excluded_lines": []}, "create_app.get_simulation_status": {"executed_lines": [], "summary": {"covered_lines": 0, "num_statements": 1, "percent_covered": 0.0, "percent_covered_display": "0.00", "missing_lines": 1, "excluded_lines": 0}, "missing_lines": [136], "excluded_lines": []}, "create_app.create_digital_twin": {"executed_lines": [], "summary": {"covered_lines": 0, "num_statements": 1, "percent_covered": 0.0, "percent_covered_display": "0.00", "missing_lines": 1, "excluded_lines": 0}, "missing_lines": [156], "excluded_lines": []}, "create_app.simulate_digital_twin": {"executed_lines": [], "summary": {"covered_lines": 0, "num_statements": 1, "percent_covered": 0.0, "percent_covered_display": "0.00", "missing_lines": 1, "excluded_lines": 0}, "missing_lines": [173], "excluded_lines": []}, "create_app.run_optimization": {"executed_lines": [], "summary": {"covered_lines": 0, "num_statements": 2, "percent_covered": 0.0, "percent_covered_display": "0.00", "missing_lines": 2, "excluded_lines": 0}, "missing_lines": [186, 187], "excluded_lines": []}, "create_app.get_cluster_status": {"executed_lines": [], "summary": {"covered_lines": 0, "num_statements": 1, "percent_covered": 0.0, "percent_covered_display": "0.00", "missing_lines": 1, "excluded_lines": 0}, "missing_lines": [197], "excluded_lines": []}, "": {"executed_lines": [], "summary": {"covered_lines": 0, "num_statements": 11, "percent_covered": 0.0, "percent_covered_display": "0.00", "missing_lines": 11, "excluded_lines": 0}, "missing_lines": [3, 5, 13, 16, 22, 25, 31, 34, 43, 46, 55], "excluded_lines": []}}, "classes": {"SimulationRequest": {"executed_lines": [], "summary": {"covered_lines": 0, "num_statements": 3, "percent_covered": 0.0, "percent_covered_display": "0.00", "missing_lines": 3, "excluded_lines": 0}, "missing_lines": [17, 18, 19], "excluded_lines": []}, "SimulationResponse": {"executed_lines": [], "summary": {"covered_lines": 0, "num_statements": 3, "percent_covered": 0.0, "percent_covered_display": "0.00", "missing_lines": 3, "excluded_lines": 0}, "missing_lines": [26, 27, 28], "excluded_lines": []}, "DigitalTwinRequest": {"executed_lines": [], "summary": {"covered_lines": 0, "num_statements": 4, "percent_covered": 0.0, "percent_covered_display": "0.00", "missing_lines": 4, "excluded_lines": 0}, "missing_lines": [37, 38, 39, 40], "excluded_lines": []}, "OptimizationRequest": {"executed_lines": [], "summary": {"covered_lines": 0, "num_statements": 4, "percent_covered": 0.0, "percent_covered_display": "0.00", "missing_lines": 4, "excluded_lines": 0}, "missing_lines": [49, 50, 51, 52], "excluded_lines": []}, "create_app.MockApp": {"executed_lines": [], "summary": {"covered_lines": 0, "num_statements": 11, "percent_covered": 0.0, "percent_covered_display": "0.00", "missing_lines": 11, "excluded_lines": 0}, "missing_lines": [81, 82, 83, 88, 89, 90, 92, 97, 98, 99, 101], "excluded_lines": []}, "": {"executed_lines": [], "summary": {"covered_lines": 0, "num_statements": 40, "percent_covered": 0.0, "percent_covered_display": "0.00", "missing_lines": 40, "excluded_lines": 0}, "missing_lines": [3, 5, 13, 16, 22, 25, 31, 34, 43, 46, 55, 77, 80, 85, 94, 103, 106, 107, 109, 112, 113, 123, 124, 126, 127, 136, 146, 147, 156, 162, 163, 173, 176, 177, 186, 187, 190, 191, 197, 199], "excluded_lines": []}}}, "quasim/cli/__init__.py": {"executed_lines": [1, 3, 5], "summary": {"covered_lines": 2, "num_statements": 2, "percent_covered": 100.0, "percent_covered_display": "100.00", "missing_lines": 0, "excluded_lines": 0}, "missing_lines": [], "excluded_lines": [], "functions": {"": {"executed_lines": [1, 3, 5], "summary": {"covered_lines": 2, "num_statements": 2, "percent_covered": 100.0, "percent_covered_display": "100.00", "missing_lines": 0, "excluded_lines": 0}, "missing_lines": [], "excluded_lines": []}}, "classes": {"": {"executed_lines": [1, 3, 5], "summary": {"covered_lines": 2, "num_statements": 2, "percent_covered": 100.0, "percent_covered_display": "100.00", "missing_lines": 0, "excluded_lines": 0}, "missing_lines": [], "excluded_lines": []}}}, "quasim/cli/main.py": {"executed_lines": [2, 4, 5, 6, 7, 9, 12, 13, 14, 20, 23, 24, 25, 32, 64, 65, 67, 68, 69, 70, 71, 72, 73, 74, 75, 76, 77, 78, 79, 80, 83, 84, 89, 90, 91, 98, 101, 122, 123, 124, 125, 127, 139, 140, 154, 155, 156, 158, 159, 160, 161, 162, 163, 166, 167, 168, 171, 172, 178, 180, 181, 182, 184, 185, 187, 188, 189, 190, 196, 200, 201, 202, 203, 205, 206, 207, 208, 209, 211, 213, 214, 215, 216, 217, 219, 220, 221, 222, 223, 224, 225, 227, 228, 229, 230, 235, 236, 237, 240, 241, 242, 249, 250, 251, 252, 253, 256, 274, 275, 276, 277, 278, 279, 280, 281, 283, 285, 288, 289, 290, 292, 293, 298, 306, 307, 310, 311, 312, 313, 319, 320, 321, 323, 324, 325, 327, 328, 330, 331, 332, 333, 334, 336, 337, 339, 340, 343], "summary": {"covered_lines": 146, "num_statements": 149, "percent_covered": 97.98657718120805, "percent_covered_display": "97.99", "missing_lines": 3, "excluded_lines": 0}, "missing_lines": [197, 198, 344], "excluded_lines": [], "functions": {"main": {"executed_lines": [20], "summary": {"covered_lines": 1, "num_statements": 1, "percent_covered": 100.0, "percent_covered_display": "100.00", "missing_lines": 0, "excluded_lines": 0}, "missing_lines": [], "excluded_lines": []}, "discover": {"executed_lines": [32, 64, 65, 67, 68, 69, 70, 71, 72, 73, 74, 75, 76, 77, 78, 79, 80], "summary": {"covered_lines": 17, "num_statements": 17, "percent_covered": 100.0, "percent_covered_display": "100.00", "missing_lines": 0, "excluded_lines": 0}, "missing_lines": [], "excluded_lines": []}, "plan": {"executed_lines": [98, 101, 122, 123, 124, 125, 127, 139, 140, 154, 155, 156, 158, 159, 160, 161, 162, 163], "summary": {"covered_lines": 18, "num_statements": 18, "percent_covered": 100.0, "percent_covered_display": "100.00", "missing_lines": 0, "excluded_lines": 0}, "missing_lines": [], "excluded_lines": []}, "apply": {"executed_lines": [178, 180, 181, 182, 184, 185, 187, 188, 189, 190, 196, 200, 201, 202, 203, 205, 206, 207, 208, 209, 211, 213, 214, 215, 216, 217, 219, 220, 221, 222, 223, 224, 225, 227, 228, 229, 230], "summary": {"covered_lines": 37, "num_statements": 39, "percent_covered": 94.87179487179488, "percent_covered_display": "94.87", "missing_lines": 2, "excluded_lines": 0}, "missing_lines": [197, 198], "excluded_lines": []}, "calibrate": {"executed_lines": [249, 250, 251, 252, 253, 256, 274, 275, 276, 277, 278, 279, 280, 281, 283, 285, 288, 289, 290, 292, 293, 298, 306, 307], "summary": {"covered_lines": 24, "num_statements": 24, "percent_covered": 100.0, "percent_covered_display": "100.00", "missing_lines": 0, "excluded_lines": 0}, "missing_lines": [], "excluded_lines": []}, "stop": {"executed_lines": [319, 320, 321, 323, 324, 325, 327, 328, 330, 331, 332, 333, 334, 336, 337, 339, 340], "summary": {"covered_lines": 17, "num_statements": 17, "percent_covered": 100.0, "percent_covered_display": "100.00", "missing_lines": 0, "excluded_lines": 0}, "missing_lines": [], "excluded_lines": []}, "": {"executed_lines": [2, 4, 5, 6, 7, 9, 12, 13, 14, 23, 24, 25, 83, 84, 89, 90, 91, 166, 167, 168, 171, 172, 235, 236, 237, 240, 241, 242, 310, 311, 312, 313, 343], "summary": {"covered_lines": 32, "num_statements": 33, "percent_covered": 96.96969696969697, "percent_covered_display": "96.97", "missing_lines": 1, "excluded_lines": 0}, "missing_lines": [344], "excluded_lines": []}}, "classes": {"": {"executed_lines": [2, 4, 5, 6, 7, 9, 12, 13, 14, 20, 23, 24, 25, 32, 64, 65, 67, 68, 69, 70, 71, 72, 73, 74, 75, 76, 77, 78, 79, 80, 83, 84, 89, 90, 91, 98, 101, 122, 123, 124, 125, 127, 139, 140, 154, 155, 156, 158, 159, 160, 161, 162, 163, 166, 167, 168, 171, 172, 178, 180, 181, 182, 184, 185, 187, 188, 189, 190, 196, 200, 201, 202, 203, 205, 206, 207, 208, 209, 211, 213, 214, 215, 216, 217, 219, 220, 221, 222, 223, 224, 225, 227, 228, 229, 230, 235, 236, 237, 240, 241, 242, 249, 250, 251, 252, 253, 256, 274, 275, 276, 277, 278, 279, 280, 281, 283, 285, 288, 289, 290, 292, 293, 298, 306, 307, 310, 311, 312, 313, 319, 320, 321, 323, 324, 325, 327, 328, 330, 331, 332, 333, 334, 336, 337, 339, 340, 343], "summary": {"covered_lines": 146, "num_statements": 149, "percent_covered": 97.98657718120805, "percent_covered_display": "97.99", "missing_lines": 3, "excluded_lines": 0}, "missing_lines": [197, 198, 344], "excluded_lines": []}}}, "quasim/distributed/__init__.py": {"executed_lines": [], "summary": {"covered_lines": 0, "num_statements": 4, "percent_covered": 0.0, "percent_covered_display": "0.00", "missing_lines": 4, "excluded_lines": 0}, "missing_lines": [7, 9, 10, 12], "excluded_lines": [], "functions": {"": {"executed_lines": [], "summary": {"covered_lines": 0, "num_statements": 4, "percent_covered": 0.0, "percent_covered_display": "0.00", "missing_lines": 4, "excluded_lines": 0}, "missing_lines": [7, 9, 10, 12], "excluded_lines": []}}, "classes": {"": {"executed_lines": [], "summary": {"covered_lines": 0, "num_statements": 4, "percent_covered": 0.0, "percent_covered_display": "0.00", "missing_lines": 4, "excluded_lines": 0}, "missing_lines": [7, 9, 10, 12], "excluded_lines": []}}}, "quasim/distributed/executor.py": {"executed_lines": [], "summary": {"covered_lines": 0, "num_statements": 64, "percent_covered": 0.0, "percent_covered_display": "0.00", "missing_lines": 64, "excluded_lines": 0}, "missing_lines": [3, 5, 6, 9, 10, 24, 25, 26, 27, 28, 30, 32, 33, 34, 35, 37, 47, 48, 51, 54, 60, 61, 63, 74, 75, 78, 80, 82, 96, 97, 100, 101, 103, 104, 105, 106, 108, 110, 122, 123, 126, 127, 129, 139, 141, 146, 147, 149, 150, 152, 158, 165, 172, 175, 176, 187, 188, 190, 192, 193, 195, 209, 211, 225], "excluded_lines": [], "functions": {"DistributedExecutor.__post_init__": {"executed_lines": [], "summary": {"covered_lines": 0, "num_statements": 4, "percent_covered": 0.0, "percent_covered_display": "0.00", "missing_lines": 4, "excluded_lines": 0}, "missing_lines": [32, 33, 34, 35], "excluded_lines": []}, "DistributedExecutor.initialize": {"executed_lines": [], "summary": {"covered_lines": 0, "num_statements": 6, "percent_covered": 0.0, "percent_covered_display": "0.00", "missing_lines": 6, "excluded_lines": 0}, "missing_lines": [47, 48, 51, 54, 60, 61], "excluded_lines": []}, "DistributedExecutor.submit_task": {"executed_lines": [], "summary": {"covered_lines": 0, "num_statements": 4, "percent_covered": 0.0, "percent_covered_display": "0.00", "missing_lines": 4, "excluded_lines": 0}, "missing_lines": [74, 75, 78, 80], "excluded_lines": []}, "DistributedExecutor.map": {"executed_lines": [], "summary": {"covered_lines": 0, "num_statements": 9, "percent_covered": 0.0, "percent_covered_display": "0.00", "missing_lines": 9, "excluded_lines": 0}, "missing_lines": [96, 97, 100, 101, 103, 104, 105, 106, 108], "excluded_lines": []}, "DistributedExecutor.scatter": {"executed_lines": [], "summary": {"covered_lines": 0, "num_statements": 4, "percent_covered": 0.0, "percent_covered_display": "0.00", "missing_lines": 4, "excluded_lines": 0}, "missing_lines": [122, 123, 126, 127], "excluded_lines": []}, "DistributedExecutor.gather": {"executed_lines": [], "summary": {"covered_lines": 0, "num_statements": 1, "percent_covered": 0.0, "percent_covered_display": "0.00", "missing_lines": 1, "excluded_lines": 0}, "missing_lines": [139], "excluded_lines": []}, "DistributedExecutor.shutdown": {"executed_lines": [], "summary": {"covered_lines": 0, "num_statements": 4, "percent_covered": 0.0, "percent_covered_display": "0.00", "missing_lines": 4, "excluded_lines": 0}, "missing_lines": [146, 147, 149, 150], "excluded_lines": []}, "DistributedExecutor.get_cluster_info": {"executed_lines": [], "summary": {"covered_lines": 0, "num_statements": 1, "percent_covered": 0.0, "percent_covered_display": "0.00", "missing_lines": 1, "excluded_lines": 0}, "missing_lines": [158], "excluded_lines": []}, "DistributedExecutor._get_available_gpus": {"executed_lines": [], "summary": {"covered_lines": 0, "num_statements": 1, "percent_covered": 0.0, "percent_covered_display": "0.00", "missing_lines": 1, "excluded_lines": 0}, "missing_lines": [172], "excluded_lines": []}, "TensorExecutor.__post_init__": {"executed_lines": [], "summary": {"covered_lines": 0, "num_statements": 2, "percent_covered": 0.0, "percent_covered_display": "0.00", "missing_lines": 2, "excluded_lines": 0}, "missing_lines": [192, 193], "excluded_lines": []}, "TensorExecutor.matmul": {"executed_lines": [], "summary": {"covered_lines": 0, "num_statements": 1, "percent_covered": 0.0, "percent_covered_display": "0.00", "missing_lines": 1, "excluded_lines": 0}, "missing_lines": [209], "excluded_lines": []}, "TensorExecutor.tensor_contract": {"executed_lines": [], "summary": {"covered_lines": 0, "num_statements": 1, "percent_covered": 0.0, "percent_covered_display": "0.00", "missing_lines": 1, "excluded_lines": 0}, "missing_lines": [225], "excluded_lines": []}, "": {"executed_lines": [], "summary": {"covered_lines": 0, "num_statements": 26, "percent_covered": 0.0, "percent_covered_display": "0.00", "missing_lines": 26, "excluded_lines": 0}, "missing_lines": [3, 5, 6, 9, 10, 24, 25, 26, 27, 28, 30, 37, 63, 82, 110, 129, 141, 152, 165, 175, 176, 187, 188, 190, 195, 211], "excluded_lines": []}}, "classes": {"DistributedExecutor": {"executed_lines": [], "summary": {"covered_lines": 0, "num_statements": 34, "percent_covered": 0.0, "percent_covered_display": "0.00", "missing_lines": 34, "excluded_lines": 0}, "missing_lines": [32, 33, 34, 35, 47, 48, 51, 54, 60, 61, 74, 75, 78, 80, 96, 97, 100, 101, 103, 104, 105, 106, 108, 122, 123, 126, 127, 139, 146, 147, 149, 150, 158, 172], "excluded_lines": []}, "TensorExecutor": {"executed_lines": [], "summary": {"covered_lines": 0, "num_statements": 4, "percent_covered": 0.0, "percent_covered_display": "0.00", "missing_lines": 4, "excluded_lines": 0}, "missing_lines": [192, 193, 209, 225], "excluded_lines": []}, "": {"executed_lines": [], "summary": {"covered_lines": 0, "num_statements": 26, "percent_covered": 0.0, "percent_covered_display": "0.00", "missing_lines": 26, "excluded_lines": 0}, "missing_lines": [3, 5, 6, 9, 10, 24, 25, 26, 27, 28, 30, 37, 63, 82, 110, 129, 141, 152, 165, 175, 176, 187, 188, 190, 195, 211], "excluded_lines": []}}}, "quasim/distributed/scheduler.py": {"executed_lines": [], "summary": {"covered_lines": 0, "num_statements": 80, "percent_covered": 0.0, "percent_covered_display": "0.00", "missing_lines": 80, "excluded_lines": 0}, "missing_lines": [3, 5, 6, 7, 10, 13, 14, 15, 16, 19, 22, 23, 24, 25, 26, 29, 30, 44, 45, 46, 47, 48, 49, 50, 51, 54, 55, 70, 71, 72, 73, 74, 76, 82, 83, 85, 87, 89, 96, 97, 100, 101, 103, 104, 107, 108, 109, 110, 112, 114, 121, 122, 124, 131, 132, 133, 134, 135, 137, 144, 145, 146, 147, 148, 150, 160, 161, 162, 163, 164, 165, 166, 169, 170, 171, 172, 173, 175, 177, 183], "excluded_lines": [], "functions": {"TaskScheduler.submit": {"executed_lines": [], "summary": {"covered_lines": 0, "num_statements": 2, "percent_covered": 0.0, "percent_covered_display": "0.00", "missing_lines": 2, "excluded_lines": 0}, "missing_lines": [82, 83], "excluded_lines": []}, "TaskScheduler._sort_queue": {"executed_lines": [], "summary": {"covered_lines": 0, "num_statements": 1, "percent_covered": 0.0, "percent_covered_display": "0.00", "missing_lines": 1, "excluded_lines": 0}, "missing_lines": [87], "excluded_lines": []}, "TaskScheduler.schedule_next": {"executed_lines": [], "summary": {"covered_lines": 0, "num_statements": 11, "percent_covered": 0.0, "percent_covered_display": "0.00", "missing_lines": 11, "excluded_lines": 0}, "missing_lines": [96, 97, 100, 101, 103, 104, 107, 108, 109, 110, 112], "excluded_lines": []}, "TaskScheduler._has_available_gpu": {"executed_lines": [], "summary": {"covered_lines": 0, "num_statements": 2, "percent_covered": 0.0, "percent_covered_display": "0.00", "missing_lines": 2, "excluded_lines": 0}, "missing_lines": [121, 122], "excluded_lines": []}, "TaskScheduler.complete_task": {"executed_lines": [], "summary": {"covered_lines": 0, "num_statements": 5, "percent_covered": 0.0, "percent_covered_display": "0.00", "missing_lines": 5, "excluded_lines": 0}, "missing_lines": [131, 132, 133, 134, 135], "excluded_lines": []}, "TaskScheduler.fail_task": {"executed_lines": [], "summary": {"covered_lines": 0, "num_statements": 5, "percent_covered": 0.0, "percent_covered_display": "0.00", "missing_lines": 5, "excluded_lines": 0}, "missing_lines": [144, 145, 146, 147, 148], "excluded_lines": []}, "TaskScheduler.cancel_task": {"executed_lines": [], "summary": {"covered_lines": 0, "num_statements": 13, "percent_covered": 0.0, "percent_covered_display": "0.00", "missing_lines": 13, "excluded_lines": 0}, "missing_lines": [160, 161, 162, 163, 164, 165, 166, 169, 170, 171, 172, 173, 175], "excluded_lines": []}, "TaskScheduler.get_queue_status": {"executed_lines": [], "summary": {"covered_lines": 0, "num_statements": 1, "percent_covered": 0.0, "percent_covered_display": "0.00", "missing_lines": 1, "excluded_lines": 0}, "missing_lines": [183], "excluded_lines": []}, "": {"executed_lines": [], "summary": {"covered_lines": 0, "num_statements": 40, "percent_covered": 0.0, "percent_covered_display": "0.00", "missing_lines": 40, "excluded_lines": 0}, "missing_lines": [3, 5, 6, 7, 10, 13, 14, 15, 16, 19, 22, 23, 24, 25, 26, 29, 30, 44, 45, 46, 47, 48, 49, 50, 51, 54, 55, 70, 71, 72, 73, 74, 76, 85, 89, 114, 124, 137, 150, 177], "excluded_lines": []}}, "classes": {"TaskPriority": {"executed_lines": [], "summary": {"covered_lines": 0, "num_statements": 0, "percent_covered": 100.0, "percent_covered_display": "100.00", "missing_lines": 0, "excluded_lines": 0}, "missing_lines": [], "excluded_lines": []}, "TaskStatus": {"executed_lines": [], "summary": {"covered_lines": 0, "num_statements": 0, "percent_covered": 100.0, "percent_covered_display": "100.00", "missing_lines": 0, "excluded_lines": 0}, "missing_lines": [], "excluded_lines": []}, "Task": {"executed_lines": [], "summary": {"covered_lines": 0, "num_statements": 0, "percent_covered": 100.0, "percent_covered_display": "100.00", "missing_lines": 0, "excluded_lines": 0}, "missing_lines": [], "excluded_lines": []}, "TaskScheduler": {"executed_lines": [], "summary": {"covered_lines": 0, "num_statements": 40, "percent_covered": 0.0, "percent_covered_display": "0.00", "missing_lines": 40, "excluded_lines": 0}, "missing_lines": [82, 83, 87, 96, 97, 100, 101, 103, 104, 107, 108, 109, 110, 112, 121, 122, 131, 132, 133, 134, 135, 144, 145, 146, 147, 148, 160, 161, 162, 163, 164, 165, 166, 169, 170, 171, 172, 173, 175, 183], "excluded_lines": []}, "": {"executed_lines": [], "summary": {"covered_lines": 0, "num_statements": 40, "percent_covered": 0.0, "percent_covered_display": "0.00", "missing_lines": 40, "excluded_lines": 0}, "missing_lines": [3, 5, 6, 7, 10, 13, 14, 15, 16, 19, 22, 23, 24, 25, 26, 29, 30, 44, 45, 46, 47, 48, 49, 50, 51, 54, 55, 70, 71, 72, 73, 74, 76, 85, 89, 114, 124, 137, 150, 177], "excluded_lines": []}}}, "quasim/dtwin/__init__.py": {"executed_lines": [], "summary": {"covered_lines": 0, "num_statements": 4, "percent_covered": 0.0, "percent_covered_display": "0.00", "missing_lines": 4, "excluded_lines": 0}, "missing_lines": [7, 9, 10, 12], "excluded_lines": [], "functions": {"": {"executed_lines": [], "summary": {"covered_lines": 0, "num_statements": 4, "percent_covered": 0.0, "percent_covered_display": "0.00", "missing_lines": 4, "excluded_lines": 0}, "missing_lines": [7, 9, 10, 12], "excluded_lines": []}}, "classes": {"": {"executed_lines": [], "summary": {"covered_lines": 0, "num_statements": 4, "percent_covered": 0.0, "percent_covered_display": "0.00", "missing_lines": 4, "excluded_lines": 0}, "missing_lines": [7, 9, 10, 12], "excluded_lines": []}}}, "quasim/dtwin/simulation.py": {"executed_lines": [], "summary": {"covered_lines": 0, "num_statements": 45, "percent_covered": 0.0, "percent_covered_display": "0.00", "missing_lines": 45, "excluded_lines": 0}, "missing_lines": [3, 5, 6, 8, 11, 12, 26, 27, 28, 29, 31, 33, 34, 35, 37, 43, 45, 57, 58, 60, 62, 63, 64, 66, 68, 83, 85, 87, 88, 90, 91, 93, 94, 96, 98, 100, 110, 116, 118, 125, 126, 128, 134, 135, 136], "excluded_lines": [], "functions": {"DigitalTwin.__post_init__": {"executed_lines": [], "summary": {"covered_lines": 0, "num_statements": 3, "percent_covered": 0.0, "percent_covered_display": "0.00", "missing_lines": 3, "excluded_lines": 0}, "missing_lines": [33, 34, 35], "excluded_lines": []}, "DigitalTwin.update_state": {"executed_lines": [], "summary": {"covered_lines": 0, "num_statements": 1, "percent_covered": 0.0, "percent_covered_display": "0.00", "missing_lines": 1, "excluded_lines": 0}, "missing_lines": [43], "excluded_lines": []}, "DigitalTwin.simulate_forward": {"executed_lines": [], "summary": {"covered_lines": 0, "num_statements": 7, "percent_covered": 0.0, "percent_covered_display": "0.00", "missing_lines": 7, "excluded_lines": 0}, "missing_lines": [57, 58, 60, 62, 63, 64, 66], "excluded_lines": []}, "DigitalTwin._evolve_state": {"executed_lines": [], "summary": {"covered_lines": 0, "num_statements": 10, "percent_covered": 0.0, "percent_covered_display": "0.00", "missing_lines": 10, "excluded_lines": 0}, "missing_lines": [83, 85, 87, 88, 90, 91, 93, 94, 96, 98], "excluded_lines": []}, "DigitalTwin.optimize_parameters": {"executed_lines": [], "summary": {"covered_lines": 0, "num_statements": 1, "percent_covered": 0.0, "percent_covered_display": "0.00", "missing_lines": 1, "excluded_lines": 0}, "missing_lines": [110], "excluded_lines": []}, "DigitalTwin.to_dict": {"executed_lines": [], "summary": {"covered_lines": 0, "num_statements": 1, "percent_covered": 0.0, "percent_covered_display": "0.00", "missing_lines": 1, "excluded_lines": 0}, "missing_lines": [118], "excluded_lines": []}, "DigitalTwin.from_dict": {"executed_lines": [], "summary": {"covered_lines": 0, "num_statements": 4, "percent_covered": 0.0, "percent_covered_display": "0.00", "missing_lines": 4, "excluded_lines": 0}, "missing_lines": [128, 134, 135, 136], "excluded_lines": []}, "": {"executed_lines": [], "summary": {"covered_lines": 0, "num_statements": 18, "percent_covered": 0.0, "percent_covered_display": "0.00", "missing_lines": 18, "excluded_lines": 0}, "missing_lines": [3, 5, 6, 8, 11, 12, 26, 27, 28, 29, 31, 37, 45, 68, 100, 116, 125, 126], "excluded_lines": []}}, "classes": {"DigitalTwin": {"executed_lines": [], "summary": {"covered_lines": 0, "num_statements": 27, "percent_covered": 0.0, "percent_covered_display": "0.00", "missing_lines": 27, "excluded_lines": 0}, "missing_lines": [33, 34, 35, 43, 57, 58, 60, 62, 63, 64, 66, 83, 85, 87, 88, 90, 91, 93, 94, 96, 98, 110, 118, 128, 134, 135, 136], "excluded_lines": []}, "": {"executed_lines": [], "summary": {"covered_lines": 0, "num_statements": 18, "percent_covered": 0.0, "percent_covered_display": "0.00", "missing_lines": 18, "excluded_lines": 0}, "missing_lines": [3, 5, 6, 8, 11, 12, 26, 27, 28, 29, 31, 37, 45, 68, 100, 116, 125, 126], "excluded_lines": []}}}, "quasim/dtwin/state.py": {"executed_lines": [], "summary": {"covered_lines": 0, "num_statements": 31, "percent_covered": 0.0, "percent_covered_display": "0.00", "missing_lines": 31, "excluded_lines": 0}, "missing_lines": [3, 5, 6, 9, 10, 22, 23, 25, 31, 34, 35, 37, 43, 44, 45, 47, 56, 57, 58, 60, 69, 70, 71, 73, 75, 77, 83, 84, 85, 86, 88], "excluded_lines": [], "functions": {"StateManager.update": {"executed_lines": [], "summary": {"covered_lines": 0, "num_statements": 3, "percent_covered": 0.0, "percent_covered_display": "0.00", "missing_lines": 3, "excluded_lines": 0}, "missing_lines": [31, 34, 35], "excluded_lines": []}, "StateManager.get_current_state": {"executed_lines": [], "summary": {"covered_lines": 0, "num_statements": 3, "percent_covered": 0.0, "percent_covered_display": "0.00", "missing_lines": 3, "excluded_lines": 0}, "missing_lines": [43, 44, 45], "excluded_lines": []}, "StateManager.get_state_at": {"executed_lines": [], "summary": {"covered_lines": 0, "num_statements": 3, "percent_covered": 0.0, "percent_covered_display": "0.00", "missing_lines": 3, "excluded_lines": 0}, "missing_lines": [56, 57, 58], "excluded_lines": []}, "StateManager.get_history": {"executed_lines": [], "summary": {"covered_lines": 0, "num_statements": 3, "percent_covered": 0.0, "percent_covered_display": "0.00", "missing_lines": 3, "excluded_lines": 0}, "missing_lines": [69, 70, 71], "excluded_lines": []}, "StateManager.clear_history": {"executed_lines": [], "summary": {"covered_lines": 0, "num_statements": 1, "percent_covered": 0.0, "percent_covered_display": "0.00", "missing_lines": 1, "excluded_lines": 0}, "missing_lines": [75], "excluded_lines": []}, "StateManager.rollback": {"executed_lines": [], "summary": {"covered_lines": 0, "num_statements": 5, "percent_covered": 0.0, "percent_covered_display": "0.00", "missing_lines": 5, "excluded_lines": 0}, "missing_lines": [83, 84, 85, 86, 88], "excluded_lines": []}, "": {"executed_lines": [], "summary": {"covered_lines": 0, "num_statements": 13, "percent_covered": 0.0, "percent_covered_display": "0.00", "missing_lines": 13, "excluded_lines": 0}, "missing_lines": [3, 5, 6, 9, 10, 22, 23, 25, 37, 47, 60, 73, 77], "excluded_lines": []}}, "classes": {"StateManager": {"executed_lines": [], "summary": {"covered_lines": 0, "num_statements": 18, "percent_covered": 0.0, "percent_covered_display": "0.00", "missing_lines": 18, "excluded_lines": 0}, "missing_lines": [31, 34, 35, 43, 44, 45, 56, 57, 58, 69, 70, 71, 75, 83, 84, 85, 86, 88], "excluded_lines": []}, "": {"executed_lines": [], "summary": {"covered_lines": 0, "num_statements": 13, "percent_covered": 0.0, "percent_covered_display": "0.00", "missing_lines": 13, "excluded_lines": 0}, "missing_lines": [3, 5, 6, 9, 10, 22, 23, 25, 37, 47, 60, 73, 77], "excluded_lines": []}}}, "quasim/fractal/__init__.py": {"executed_lines": [], "summary": {"covered_lines": 0, "num_statements": 2, "percent_covered": 0.0, "percent_covered_display": "0.00", "missing_lines": 2, "excluded_lines": 0}, "missing_lines": [3, 8], "excluded_lines": [], "functions": {"": {"executed_lines": [], "summary": {"covered_lines": 0, "num_statements": 2, "percent_covered": 0.0, "percent_covered_display": "0.00", "missing_lines": 2, "excluded_lines": 0}, "missing_lines": [3, 8], "excluded_lines": []}}, "classes": {"": {"executed_lines": [], "summary": {"covered_lines": 0, "num_statements": 2, "percent_covered": 0.0, "percent_covered_display": "0.00", "missing_lines": 2, "excluded_lines": 0}, "missing_lines": [3, 8], "excluded_lines": []}}}, "quasim/fractal/fractional.py": {"executed_lines": [], "summary": {"covered_lines": 0, "num_statements": 67, "percent_covered": 0.0, "percent_covered_display": "0.00", "missing_lines": 67, "excluded_lines": 0}, "missing_lines": [7, 9, 10, 12, 15, 40, 43, 46, 49, 52, 54, 57, 85, 88, 91, 94, 97, 99, 102, 133, 135, 136, 137, 140, 143, 146, 149, 150, 152, 155, 182, 185, 186, 187, 190, 191, 192, 193, 194, 196, 197, 199, 202, 227, 229, 231, 234, 235, 238, 239, 245, 247, 250, 273, 275, 276, 278, 279, 280, 282, 285, 286, 289, 290, 291, 293, 295], "excluded_lines": [], "functions": {"fractional_laplacian_fft": {"executed_lines": [], "summary": {"covered_lines": 0, "num_statements": 6, "percent_covered": 0.0, "percent_covered_display": "0.00", "missing_lines": 6, "excluded_lines": 0}, "missing_lines": [40, 43, 46, 49, 52, 54], "excluded_lines": []}, "fractional_schrodinger_step": {"executed_lines": [], "summary": {"covered_lines": 0, "num_statements": 6, "percent_covered": 0.0, "percent_covered_display": "0.00", "missing_lines": 6, "excluded_lines": 0}, "missing_lines": [85, 88, 91, 94, 97, 99], "excluded_lines": []}, "anomalous_diffusion_propagator": {"executed_lines": [], "summary": {"covered_lines": 0, "num_statements": 10, "percent_covered": 0.0, "percent_covered_display": "0.00", "missing_lines": 10, "excluded_lines": 0}, "missing_lines": [133, 135, 136, 137, 140, 143, 146, 149, 150, 152], "excluded_lines": []}, "measure_diffusion_exponent": {"executed_lines": [], "summary": {"covered_lines": 0, "num_statements": 12, "percent_covered": 0.0, "percent_covered_display": "0.00", "missing_lines": 12, "excluded_lines": 0}, "missing_lines": [182, 185, 186, 187, 190, 191, 192, 193, 194, 196, 197, 199], "excluded_lines": []}, "levy_flight_step": {"executed_lines": [], "summary": {"covered_lines": 0, "num_statements": 9, "percent_covered": 0.0, "percent_covered_display": "0.00", "missing_lines": 9, "excluded_lines": 0}, "missing_lines": [227, 229, 231, 234, 235, 238, 239, 245, 247], "excluded_lines": []}, "fractal_dimension_capacity": {"executed_lines": [], "summary": {"covered_lines": 0, "num_statements": 14, "percent_covered": 0.0, "percent_covered_display": "0.00", "missing_lines": 14, "excluded_lines": 0}, "missing_lines": [273, 275, 276, 278, 279, 280, 282, 285, 286, 289, 290, 291, 293, 295], "excluded_lines": []}, "": {"executed_lines": [], "summary": {"covered_lines": 0, "num_statements": 10, "percent_covered": 0.0, "percent_covered_display": "0.00", "missing_lines": 10, "excluded_lines": 0}, "missing_lines": [7, 9, 10, 12, 15, 57, 102, 155, 202, 250], "excluded_lines": []}}, "classes": {"": {"executed_lines": [], "summary": {"covered_lines": 0, "num_statements": 67, "percent_covered": 0.0, "percent_covered_display": "0.00", "missing_lines": 67, "excluded_lines": 0}, "missing_lines": [7, 9, 10, 12, 15, 40, 43, 46, 49, 52, 54, 57, 85, 88, 91, 94, 97, 99, 102, 133, 135, 136, 137, 140, 143, 146, 149, 150, 152, 155, 182, 185, 186, 187, 190, 191, 192, 193, 194, 196, 197, 199, 202, 227, 229, 231, 234, 235, 238, 239, 245, 247, 250, 273, 275, 276, 278, 279, 280, 282, 285, 286, 289, 290, 291, 293, 295], "excluded_lines": []}}}, "quasim/geo/__init__.py": {"executed_lines": [], "summary": {"covered_lines": 0, "num_statements": 2, "percent_covered": 0.0, "percent_covered_display": "0.00", "missing_lines": 2, "excluded_lines": 0}, "missing_lines": [3, 6], "excluded_lines": [], "functions": {"": {"executed_lines": [], "summary": {"covered_lines": 0, "num_statements": 2, "percent_covered": 0.0, "percent_covered_display": "0.00", "missing_lines": 2, "excluded_lines": 0}, "missing_lines": [3, 6], "excluded_lines": []}}, "classes": {"": {"executed_lines": [], "summary": {"covered_lines": 0, "num_statements": 2, "percent_covered": 0.0, "percent_covered_display": "0.00", "missing_lines": 2, "excluded_lines": 0}, "missing_lines": [3, 6], "excluded_lines": []}}}, "quasim/geo/berry.py": {"executed_lines": [], "summary": {"covered_lines": 0, "num_statements": 39, "percent_covered": 0.0, "percent_covered_display": "0.00", "missing_lines": 39, "excluded_lines": 0}, "missing_lines": [8, 10, 11, 13, 16, 43, 44, 45, 48, 51, 53, 54, 55, 58, 61, 64, 65, 66, 67, 68, 70, 73, 101, 102, 104, 105, 108, 111, 114, 115, 118, 119, 122, 125, 128, 129, 131, 134, 149], "excluded_lines": [], "functions": {"compute_berry_phase": {"executed_lines": [], "summary": {"covered_lines": 0, "num_statements": 16, "percent_covered": 0.0, "percent_covered_display": "0.00", "missing_lines": 16, "excluded_lines": 0}, "missing_lines": [43, 44, 45, 48, 51, 53, 54, 55, 58, 61, 64, 65, 66, 67, 68, 70], "excluded_lines": []}, "evolve_with_berry_phase": {"executed_lines": [], "summary": {"covered_lines": 0, "num_statements": 15, "percent_covered": 0.0, "percent_covered_display": "0.00", "missing_lines": 15, "excluded_lines": 0}, "missing_lines": [101, 102, 104, 105, 108, 111, 114, 115, 118, 119, 122, 125, 128, 129, 131], "excluded_lines": []}, "analytical_berry_phase_spin_half": {"executed_lines": [], "summary": {"covered_lines": 0, "num_statements": 1, "percent_covered": 0.0, "percent_covered_display": "0.00", "missing_lines": 1, "excluded_lines": 0}, "missing_lines": [149], "excluded_lines": []}, "": {"executed_lines": [], "summary": {"covered_lines": 0, "num_statements": 7, "percent_covered": 0.0, "percent_covered_display": "0.00", "missing_lines": 7, "excluded_lines": 0}, "missing_lines": [8, 10, 11, 13, 16, 73, 134], "excluded_lines": []}}, "classes": {"": {"executed_lines": [], "summary": {"covered_lines": 0, "num_statements": 39, "percent_covered": 0.0, "percent_covered_display": "0.00", "missing_lines": 39, "excluded_lines": 0}, "missing_lines": [8, 10, 11, 13, 16, 43, 44, 45, 48, 51, 53, 54, 55, 58, 61, 64, 65, 66, 67, 68, 70, 73, 101, 102, 104, 105, 108, 111, 114, 115, 118, 119, 122, 125, 128, 129, 131, 134, 149], "excluded_lines": []}}}, "quasim/hardware/__init__.py": {"executed_lines": [1, 7, 9, 10, 12, 14], "summary": {"covered_lines": 5, "num_statements": 5, "percent_covered": 100.0, "percent_covered_display": "100.00", "missing_lines": 0, "excluded_lines": 0}, "missing_lines": [], "excluded_lines": [], "functions": {"": {"executed_lines": [1, 7, 9, 10, 12, 14], "summary": {"covered_lines": 5, "num_statements": 5, "percent_covered": 100.0, "percent_covered_display": "100.00", "missing_lines": 0, "excluded_lines": 0}, "missing_lines": [], "excluded_lines": []}}, "classes": {"": {"executed_lines": [1, 7, 9, 10, 12, 14], "summary": {"covered_lines": 5, "num_statements": 5, "percent_covered": 100.0, "percent_covered_display": "100.00", "missing_lines": 0, "excluded_lines": 0}, "missing_lines": [], "excluded_lines": []}}}, "quasim/hardware/backends/__init__.py": {"executed_lines": [1, 8, 10], "summary": {"covered_lines": 2, "num_statements": 2, "percent_covered": 100.0, "percent_covered_display": "100.00", "missing_lines": 0, "excluded_lines": 0}, "missing_lines": [], "excluded_lines": [], "functions": {"": {"executed_lines": [1, 8, 10], "summary": {"covered_lines": 2, "num_statements": 2, "percent_covered": 100.0, "percent_covered_display": "100.00", "missing_lines": 0, "excluded_lines": 0}, "missing_lines": [], "excluded_lines": []}}, "classes": {"": {"executed_lines": [1, 8, 10], "summary": {"covered_lines": 2, "num_statements": 2, "percent_covered": 100.0, "percent_covered_display": "100.00", "missing_lines": 0, "excluded_lines": 0}, "missing_lines": [], "excluded_lines": []}}}, "quasim/hardware/backends/nvml_backend.py": {"executed_lines": [1, 8, 9, 10, 12, 14, 15, 16, 22, 23, 25, 26, 27, 28, 29, 30, 31, 32, 33, 35, 36, 37, 38, 40, 42, 43, 45, 46, 47, 48, 49, 50, 51, 54, 56, 59, 68, 70, 72, 73, 75, 76, 77, 80, 81, 82, 83, 84, 87, 88, 93, 94, 95, 96, 97, 100, 101, 106, 107, 111, 125, 142, 143, 145, 146, 147, 149, 150, 151, 160, 161, 162, 163, 165, 167, 168, 171, 172, 174, 176, 177, 180, 181, 183, 184, 185, 187, 188, 189, 190, 193, 195, 203, 204, 205, 207, 209, 212, 213, 214, 216, 217, 218, 221, 224, 225, 226, 227, 228, 230, 231, 233, 234, 235], "summary": {"covered_lines": 112, "num_statements": 133, "percent_covered": 84.21052631578948, "percent_covered_display": "84.21", "missing_lines": 21, "excluded_lines": 0}, "missing_lines": [17, 18, 19, 55, 57, 65, 66, 89, 90, 102, 103, 108, 109, 121, 122, 123, 169, 170, 178, 179, 210], "excluded_lines": [], "functions": {"NVMLBackend.__init__": {"executed_lines": [26, 27, 28, 29, 30, 31, 32, 33], "summary": {"covered_lines": 8, "num_statements": 8, "percent_covered": 100.0, "percent_covered_display": "100.00", "missing_lines": 0, "excluded_lines": 0}, "missing_lines": [], "excluded_lines": []}, "NVMLBackend.__del__": {"executed_lines": [36, 37, 38], "summary": {"covered_lines": 3, "num_statements": 3, "percent_covered": 100.0, "percent_covered_display": "100.00", "missing_lines": 0, "excluded_lines": 0}, "missing_lines": [], "excluded_lines": []}, "NVMLBackend.list_devices": {"executed_lines": [42, 43, 45, 46, 47, 48, 49, 50, 51, 54, 56, 59, 68], "summary": {"covered_lines": 13, "num_statements": 17, "percent_covered": 76.47058823529412, "percent_covered_display": "76.47", "missing_lines": 4, "excluded_lines": 0}, "missing_lines": [55, 57, 65, 66], "excluded_lines": []}, "NVMLBackend.get_state": {"executed_lines": [72, 73, 75, 76, 77, 80, 81, 82, 83, 84, 87, 88, 93, 94, 95, 96, 97, 100, 101, 106, 107, 111], "summary": {"covered_lines": 22, "num_statements": 31, "percent_covered": 70.96774193548387, "percent_covered_display": "70.97", "missing_lines": 9, "excluded_lines": 0}, "missing_lines": [89, 90, 102, 103, 108, 109, 121, 122, 123], "excluded_lines": []}, "NVMLBackend.apply_setpoint": {"executed_lines": [142, 143, 145, 146, 147, 149, 150, 151, 160, 161, 162, 163, 165, 167, 168, 171, 172, 174, 176, 177, 180, 181, 183, 184, 185, 187, 188, 189, 190, 193, 195, 203, 204, 205], "summary": {"covered_lines": 34, "num_statements": 38, "percent_covered": 89.47368421052632, "percent_covered_display": "89.47", "missing_lines": 4, "excluded_lines": 0}, "missing_lines": [169, 170, 178, 179], "excluded_lines": []}, "NVMLBackend.reset_to_defaults": {"executed_lines": [209, 212, 213, 214, 216, 217, 218, 221, 224, 225, 226, 227, 228, 230, 231, 233, 234, 235], "summary": {"covered_lines": 18, "num_statements": 19, "percent_covered": 94.73684210526316, "percent_covered_display": "94.74", "missing_lines": 1, "excluded_lines": 0}, "missing_lines": [210], "excluded_lines": []}, "": {"executed_lines": [1, 8, 9, 10, 12, 14, 15, 16, 22, 23, 25, 35, 40, 70, 125, 207], "summary": {"covered_lines": 14, "num_statements": 17, "percent_covered": 82.3529411764706, "percent_covered_display": "82.35", "missing_lines": 3, "excluded_lines": 0}, "missing_lines": [17, 18, 19], "excluded_lines": []}}, "classes": {"NVMLBackend": {"executed_lines": [26, 27, 28, 29, 30, 31, 32, 33, 36, 37, 38, 42, 43, 45, 46, 47, 48, 49, 50, 51, 54, 56, 59, 68, 72, 73, 75, 76, 77, 80, 81, 82, 83, 84, 87, 88, 93, 94, 95, 96, 97, 100, 101, 106, 107, 111, 142, 143, 145, 146, 147, 149, 150, 151, 160, 161, 162, 163, 165, 167, 168, 171, 172, 174, 176, 177, 180, 181, 183, 184, 185, 187, 188, 189, 190, 193, 195, 203, 204, 205, 209, 212, 213, 214, 216, 217, 218, 221, 224, 225, 226, 227, 228, 230, 231, 233, 234, 235], "summary": {"covered_lines": 98, "num_statements": 116, "percent_covered": 84.48275862068965, "percent_covered_display": "84.48", "missing_lines": 18, "excluded_lines": 0}, "missing_lines": [55, 57, 65, 66, 89, 90, 102, 103, 108, 109, 121, 122, 123, 169, 170, 178, 179, 210], "excluded_lines": []}, "": {"executed_lines": [1, 8, 9, 10, 12, 14, 15, 16, 22, 23, 25, 35, 40, 70, 125, 207], "summary": {"covered_lines": 14, "num_statements": 17, "percent_covered": 82.3529411764706, "percent_covered_display": "82.35", "missing_lines": 3, "excluded_lines": 0}, "missing_lines": [17, 18, 19], "excluded_lines": []}}}, "quasim/hardware/nvml_backend.py": {"executed_lines": [1, 8, 9, 10, 12, 14, 15, 17, 23, 24, 26, 27, 28, 29, 30, 31, 32, 33, 34, 36, 37, 38, 39, 41, 43, 44, 46, 47, 48, 49, 50, 51, 52, 54, 62, 63, 65, 67, 69, 70, 72, 73, 74, 77, 78, 79, 80, 81, 84, 85, 90, 91, 92, 93, 94, 97, 98, 99, 100, 103, 104, 105, 106, 108, 118, 119, 120, 122, 135, 136, 138, 139, 140, 142, 143, 144, 153, 154, 155, 156, 158, 159, 160, 162, 163, 164, 166, 167, 168, 170, 171, 172, 173, 176, 178, 186, 187, 188, 190, 192, 193, 195, 196, 197, 199, 200, 201, 204, 207, 208, 209, 210, 211, 213, 214, 216, 217, 218], "summary": {"covered_lines": 116, "num_statements": 121, "percent_covered": 95.86776859504133, "percent_covered_display": "95.87", "missing_lines": 5, "excluded_lines": 0}, "missing_lines": [18, 19, 20, 86, 87], "excluded_lines": [], "functions": {"NVMLBackend.__init__": {"executed_lines": [27, 28, 29, 30, 31, 32, 33, 34], "summary": {"covered_lines": 8, "num_statements": 8, "percent_covered": 100.0, "percent_covered_display": "100.00", "missing_lines": 0, "excluded_lines": 0}, "missing_lines": [], "excluded_lines": []}, "NVMLBackend.__del__": {"executed_lines": [37, 38, 39], "summary": {"covered_lines": 3, "num_statements": 3, "percent_covered": 100.0, "percent_covered_display": "100.00", "missing_lines": 0, "excluded_lines": 0}, "missing_lines": [], "excluded_lines": []}, "NVMLBackend.list_devices": {"executed_lines": [43, 44, 46, 47, 48, 49, 50, 51, 52, 54, 62, 63, 65], "summary": {"covered_lines": 13, "num_statements": 13, "percent_covered": 100.0, "percent_covered_display": "100.00", "missing_lines": 0, "excluded_lines": 0}, "missing_lines": [], "excluded_lines": []}, "NVMLBackend.get_state": {"executed_lines": [69, 70, 72, 73, 74, 77, 78, 79, 80, 81, 84, 85, 90, 91, 92, 93, 94, 97, 98, 99, 100, 103, 104, 105, 106, 108, 118, 119, 120], "summary": {"covered_lines": 29, "num_statements": 31, "percent_covered": 93.54838709677419, "percent_covered_display": "93.55", "missing_lines": 2, "excluded_lines": 0}, "missing_lines": [86, 87], "excluded_lines": []}, "NVMLBackend.apply_setpoint": {"executed_lines": [135, 136, 138, 139, 140, 142, 143, 144, 153, 154, 155, 156, 158, 159, 160, 162, 163, 164, 166, 167, 168, 170, 171, 172, 173, 176, 178, 186, 187, 188], "summary": {"covered_lines": 30, "num_statements": 30, "percent_covered": 100.0, "percent_covered_display": "100.00", "missing_lines": 0, "excluded_lines": 0}, "missing_lines": [], "excluded_lines": []}, "NVMLBackend.reset_to_defaults": {"executed_lines": [192, 193, 195, 196, 197, 199, 200, 201, 204, 207, 208, 209, 210, 211, 213, 214, 216, 217, 218], "summary": {"covered_lines": 19, "num_statements": 19, "percent_covered": 100.0, "percent_covered_display": "100.00", "missing_lines": 0, "excluded_lines": 0}, "missing_lines": [], "excluded_lines": []}, "": {"executed_lines": [1, 8, 9, 10, 12, 14, 15, 17, 23, 24, 26, 36, 41, 67, 122, 190], "summary": {"covered_lines": 14, "num_statements": 17, "percent_covered": 82.3529411764706, "percent_covered_display": "82.35", "missing_lines": 3, "excluded_lines": 0}, "missing_lines": [18, 19, 20], "excluded_lines": []}}, "classes": {"NVMLBackend": {"executed_lines": [27, 28, 29, 30, 31, 32, 33, 34, 37, 38, 39, 43, 44, 46, 47, 48, 49, 50, 51, 52, 54, 62, 63, 65, 69, 70, 72, 73, 74, 77, 78, 79, 80, 81, 84, 85, 90, 91, 92, 93, 94, 97, 98, 99, 100, 103, 104, 105, 106, 108, 118, 119, 120, 135, 136, 138, 139, 140, 142, 143, 144, 153, 154, 155, 156, 158, 159, 160, 162, 163, 164, 166, 167, 168, 170, 171, 172, 173, 176, 178, 186, 187, 188, 192, 193, 195, 196, 197, 199, 200, 201, 204, 207, 208, 209, 210, 211, 213, 214, 216, 217, 218], "summary": {"covered_lines": 102, "num_statements": 104, "percent_covered": 98.07692307692308, "percent_covered_display": "98.08", "missing_lines": 2, "excluded_lines": 0}, "missing_lines": [86, 87], "excluded_lines": []}, "": {"executed_lines": [1, 8, 9, 10, 12, 14, 15, 17, 23, 24, 26, 36, 41, 67, 122, 190], "summary": {"covered_lines": 14, "num_statements": 17, "percent_covered": 82.3529411764706, "percent_covered_display": "82.35", "missing_lines": 3, "excluded_lines": 0}, "missing_lines": [18, 19, 20], "excluded_lines": []}}}, "quasim/hcal/__init__.py": {"executed_lines": [1, 12, 14, 15, 17, 18, 19, 21, 23, 24, 26, 29, 30, 32, 46, 49, 52, 55, 56, 57, 64, 67, 69, 70, 87, 88, 89, 91, 97, 99, 113, 114, 119, 120, 123, 125, 134, 135, 138, 140, 152, 153, 156, 160, 161, 163, 165, 178, 179, 182, 186, 187, 189, 191, 193, 195, 203, 211, 221, 222, 227], "summary": {"covered_lines": 59, "num_statements": 72, "percent_covered": 81.94444444444444, "percent_covered_display": "81.94", "missing_lines": 13, "excluded_lines": 0}, "missing_lines": [50, 115, 116, 136, 154, 157, 158, 180, 183, 184, 201, 209, 224], "excluded_lines": [], "functions": {"HCAL.__init__": {"executed_lines": [46, 49, 52, 55, 56, 57, 64, 67], "summary": {"covered_lines": 8, "num_statements": 9, "percent_covered": 88.88888888888889, "percent_covered_display": "88.89", "missing_lines": 1, "excluded_lines": 0}, "missing_lines": [50], "excluded_lines": []}, "HCAL.from_policy": {"executed_lines": [87, 88, 89], "summary": {"covered_lines": 3, "num_statements": 3, "percent_covered": 100.0, "percent_covered_display": "100.00", "missing_lines": 0, "excluded_lines": 0}, "missing_lines": [], "excluded_lines": []}, "HCAL.discover_topology": {"executed_lines": [97], "summary": {"covered_lines": 1, "num_statements": 1, "percent_covered": 100.0, "percent_covered_display": "100.00", "missing_lines": 0, "excluded_lines": 0}, "missing_lines": [], "excluded_lines": []}, "HCAL.apply_setpoint": {"executed_lines": [113, 114, 119, 120, 123], "summary": {"covered_lines": 5, "num_statements": 7, "percent_covered": 71.42857142857143, "percent_covered_display": "71.43", "missing_lines": 2, "excluded_lines": 0}, "missing_lines": [115, 116], "excluded_lines": []}, "HCAL.read_telemetry": {"executed_lines": [134, 135, 138], "summary": {"covered_lines": 3, "num_statements": 4, "percent_covered": 75.0, "percent_covered_display": "75.00", "missing_lines": 1, "excluded_lines": 0}, "missing_lines": [136], "excluded_lines": []}, "HCAL.calibrate_bias_trim": {"executed_lines": [152, 153, 156, 160, 163], "summary": {"covered_lines": 5, "num_statements": 6, "percent_covered": 83.33333333333333, "percent_covered_display": "83.33", "missing_lines": 1, "excluded_lines": 0}, "missing_lines": [154], "excluded_lines": []}, "HCAL.calibrate_bias_trim.measure_fn": {"executed_lines": [], "summary": {"covered_lines": 0, "num_statements": 2, "percent_covered": 0.0, "percent_covered_display": "0.00", "missing_lines": 2, "excluded_lines": 0}, "missing_lines": [157, 158], "excluded_lines": []}, "HCAL.calibrate_bias_trim.apply_fn": {"executed_lines": [161], "summary": {"covered_lines": 1, "num_statements": 1, "percent_covered": 100.0, "percent_covered_display": "100.00", "missing_lines": 0, "excluded_lines": 0}, "missing_lines": [], "excluded_lines": []}, "HCAL.run_power_sweep": {"executed_lines": [178, 179, 182, 186, 189], "summary": {"covered_lines": 5, "num_statements": 6, "percent_covered": 83.33333333333333, "percent_covered_display": "83.33", "missing_lines": 1, "excluded_lines": 0}, "missing_lines": [180], "excluded_lines": []}, "HCAL.run_power_sweep.measure_fn": {"executed_lines": [], "summary": {"covered_lines": 0, "num_statements": 2, "percent_covered": 0.0, "percent_covered_display": "0.00", "missing_lines": 2, "excluded_lines": 0}, "missing_lines": [183, 184], "excluded_lines": []}, "HCAL.run_power_sweep.apply_fn": {"executed_lines": [187], "summary": {"covered_lines": 1, "num_statements": 1, "percent_covered": 100.0, "percent_covered_display": "100.00", "missing_lines": 0, "excluded_lines": 0}, "missing_lines": [], "excluded_lines": []}, "HCAL.emergency_stop": {"executed_lines": [193], "summary": {"covered_lines": 1, "num_statements": 1, "percent_covered": 100.0, "percent_covered_display": "100.00", "missing_lines": 0, "excluded_lines": 0}, "missing_lines": [], "excluded_lines": []}, "HCAL.get_audit_log": {"executed_lines": [], "summary": {"covered_lines": 0, "num_statements": 1, "percent_covered": 0.0, "percent_covered_display": "0.00", "missing_lines": 1, "excluded_lines": 0}, "missing_lines": [201], "excluded_lines": []}, "HCAL.verify_audit_chain": {"executed_lines": [], "summary": {"covered_lines": 0, "num_statements": 1, "percent_covered": 0.0, "percent_covered_display": "0.00", "missing_lines": 1, "excluded_lines": 0}, "missing_lines": [209], "excluded_lines": []}, "HCAL._get_backend": {"executed_lines": [221, 222], "summary": {"covered_lines": 2, "num_statements": 3, "percent_covered": 66.66666666666667, "percent_covered_display": "66.67", "missing_lines": 1, "excluded_lines": 0}, "missing_lines": [224], "excluded_lines": []}, "": {"executed_lines": [1, 12, 14, 15, 17, 18, 19, 21, 23, 24, 26, 29, 30, 32, 69, 70, 91, 99, 125, 140, 165, 191, 195, 203, 211, 227], "summary": {"covered_lines": 24, "num_statements": 24, "percent_covered": 100.0, "percent_covered_display": "100.00", "missing_lines": 0, "excluded_lines": 0}, "missing_lines": [], "excluded_lines": []}}, "classes": {"HCAL": {"executed_lines": [46, 49, 52, 55, 56, 57, 64, 67, 87, 88, 89, 97, 113, 114, 119, 120, 123, 134, 135, 138, 152, 153, 156, 160, 161, 163, 178, 179, 182, 186, 187, 189, 193, 221, 222], "summary": {"covered_lines": 35, "num_statements": 48, "percent_covered": 72.91666666666667, "percent_covered_display": "72.92", "missing_lines": 13, "excluded_lines": 0}, "missing_lines": [50, 115, 116, 136, 154, 157, 158, 180, 183, 184, 201, 209, 224], "excluded_lines": []}, "": {"executed_lines": [1, 12, 14, 15, 17, 18, 19, 21, 23, 24, 26, 29, 30, 32, 69, 70, 91, 99, 125, 140, 165, 191, 195, 203, 211, 227], "summary": {"covered_lines": 24, "num_statements": 24, "percent_covered": 100.0, "percent_covered_display": "100.00", "missing_lines": 0, "excluded_lines": 0}, "missing_lines": [], "excluded_lines": []}}}, "quasim/hcal/actuator.py": {"executed_lines": [1, 3, 4, 7, 8, 10, 20, 43, 70, 102, 111, 132, 149, 150, 152, 153, 154, 155, 156, 157, 159, 162, 163, 164, 166, 167, 168, 169, 170, 171, 172, 173, 174, 177, 178, 179, 181, 182, 183, 186, 187, 189, 202, 203, 204, 205, 206, 207, 208, 210, 217, 220, 222, 240, 241, 242, 245, 298, 319, 355, 380, 382, 383, 384, 386, 391, 406, 419, 429, 430, 431, 433, 436, 437, 438, 439, 440, 442, 450], "summary": {"covered_lines": 74, "num_statements": 191, "percent_covered": 38.7434554973822, "percent_covered_display": "38.74", "missing_lines": 117, "excluded_lines": 0}, "missing_lines": [16, 17, 18, 29, 36, 37, 38, 40, 41, 52, 53, 54, 60, 61, 62, 64, 79, 85, 86, 87, 89, 90, 92, 98, 100, 109, 120, 122, 123, 125, 126, 127, 128, 130, 138, 146, 246, 247, 250, 251, 252, 255, 256, 257, 258, 261, 262, 263, 266, 267, 268, 269, 272, 273, 274, 275, 276, 278, 281, 282, 283, 284, 285, 287, 288, 289, 290, 291, 294, 296, 310, 311, 314, 315, 317, 331, 332, 335, 336, 337, 339, 342, 343, 344, 345, 346, 347, 349, 351, 352, 353, 365, 366, 367, 369, 370, 372, 373, 374, 375, 376, 377, 378, 388, 389, 448, 456, 458, 459, 460, 463, 473, 474, 476, 477, 479, 481], "excluded_lines": [], "functions": {"Actuator.__init__": {"executed_lines": [202, 203, 204, 205, 206, 207, 208], "summary": {"covered_lines": 7, "num_statements": 7, "percent_covered": 100.0, "percent_covered_display": "100.00", "missing_lines": 0, "excluded_lines": 0}, "missing_lines": [], "excluded_lines": []}, "Actuator.capture_baseline": {"executed_lines": [217, 220], "summary": {"covered_lines": 2, "num_statements": 2, "percent_covered": 100.0, "percent_covered_display": "100.00", "missing_lines": 0, "excluded_lines": 0}, "missing_lines": [], "excluded_lines": []}, "Actuator.rollback_device": {"executed_lines": [], "summary": {"covered_lines": 0, "num_statements": 7, "percent_covered": 0.0, "percent_covered_display": "0.00", "missing_lines": 7, "excluded_lines": 0}, "missing_lines": [52, 53, 54, 60, 61, 62, 64], "excluded_lines": []}, "Actuator.apply_plan": {"executed_lines": [], "summary": {"covered_lines": 0, "num_statements": 9, "percent_covered": 0.0, "percent_covered_display": "0.00", "missing_lines": 9, "excluded_lines": 0}, "missing_lines": [79, 85, 86, 87, 89, 90, 92, 98, 100], "excluded_lines": []}, "Actuator.register_backend": {"executed_lines": [], "summary": {"covered_lines": 0, "num_statements": 1, "percent_covered": 0.0, "percent_covered_display": "0.00", "missing_lines": 1, "excluded_lines": 0}, "missing_lines": [109], "excluded_lines": []}, "Actuator.get_telemetry": {"executed_lines": [], "summary": {"covered_lines": 0, "num_statements": 8, "percent_covered": 0.0, "percent_covered_display": "0.00", "missing_lines": 8, "excluded_lines": 0}, "missing_lines": [120, 122, 123, 125, 126, 127, 128, 130], "excluded_lines": []}, "Actuator.emergency_stop": {"executed_lines": [382, 383, 384], "summary": {"covered_lines": 3, "num_statements": 3, "percent_covered": 100.0, "percent_covered_display": "100.00", "missing_lines": 0, "excluded_lines": 0}, "missing_lines": [], "excluded_lines": []}, "Actuator.apply_setpoint": {"executed_lines": [240, 241, 242, 245], "summary": {"covered_lines": 4, "num_statements": 38, "percent_covered": 10.526315789473685, "percent_covered_display": "10.53", "missing_lines": 34, "excluded_lines": 0}, "missing_lines": [246, 247, 250, 251, 252, 255, 256, 257, 258, 261, 262, 263, 266, 267, 268, 269, 272, 273, 274, 275, 276, 278, 281, 282, 283, 284, 285, 287, 288, 289, 290, 291, 294, 296], "excluded_lines": []}, "Actuator._pre_validate": {"executed_lines": [], "summary": {"covered_lines": 0, "num_statements": 5, "percent_covered": 0.0, "percent_covered_display": "0.00", "missing_lines": 5, "excluded_lines": 0}, "missing_lines": [310, 311, 314, 315, 317], "excluded_lines": []}, "Actuator._post_validate": {"executed_lines": [], "summary": {"covered_lines": 0, "num_statements": 16, "percent_covered": 0.0, "percent_covered_display": "0.00", "missing_lines": 16, "excluded_lines": 0}, "missing_lines": [331, 332, 335, 336, 337, 339, 342, 343, 344, 345, 346, 347, 349, 351, 352, 353], "excluded_lines": []}, "Actuator.rollback": {"executed_lines": [], "summary": {"covered_lines": 0, "num_statements": 12, "percent_covered": 0.0, "percent_covered_display": "0.00", "missing_lines": 12, "excluded_lines": 0}, "missing_lines": [365, 366, 367, 369, 370, 372, 373, 374, 375, 376, 377, 378], "excluded_lines": []}, "Actuator.reset_emergency_stop": {"executed_lines": [], "summary": {"covered_lines": 0, "num_statements": 2, "percent_covered": 0.0, "percent_covered_display": "0.00", "missing_lines": 2, "excluded_lines": 0}, "missing_lines": [388, 389], "excluded_lines": []}, "Actuator._log_operation": {"executed_lines": [406, 419, 429, 430, 431, 433, 436, 437, 438, 439, 440], "summary": {"covered_lines": 11, "num_statements": 11, "percent_covered": 100.0, "percent_covered_display": "100.00", "missing_lines": 0, "excluded_lines": 0}, "missing_lines": [], "excluded_lines": []}, "Actuator.get_audit_log": {"executed_lines": [], "summary": {"covered_lines": 0, "num_statements": 1, "percent_covered": 0.0, "percent_covered_display": "0.00", "missing_lines": 1, "excluded_lines": 0}, "missing_lines": [448], "excluded_lines": []}, "Actuator.verify_audit_chain": {"executed_lines": [], "summary": {"covered_lines": 0, "num_statements": 11, "percent_covered": 0.0, "percent_covered_display": "0.00", "missing_lines": 11, "excluded_lines": 0}, "missing_lines": [456, 458, 459, 460, 463, 473, 474, 476, 477, 479, 481], "excluded_lines": []}, "": {"executed_lines": [1, 3, 4, 7, 8, 10, 20, 43, 70, 102, 111, 132, 149, 150, 152, 153, 154, 155, 156, 157, 159, 162, 163, 164, 166, 167, 168, 169, 170, 171, 172, 173, 174, 177, 178, 179, 181, 182, 183, 186, 187, 189, 210, 222, 298, 319, 355, 380, 386, 391, 442, 450], "summary": {"covered_lines": 47, "num_statements": 47, "percent_covered": 100.0, "percent_covered_display": "100.00", "missing_lines": 0, "excluded_lines": 0}, "missing_lines": [], "excluded_lines": []}}, "classes": {"Actuator": {"executed_lines": [202, 203, 204, 205, 206, 207, 208, 217, 220, 240, 241, 242, 245, 382, 383, 384, 406, 419, 429, 430, 431, 433, 436, 437, 438, 439, 440], "summary": {"covered_lines": 27, "num_statements": 108, "percent_covered": 25.0, "percent_covered_display": "25.00", "missing_lines": 81, "excluded_lines": 0}, "missing_lines": [246, 247, 250, 251, 252, 255, 256, 257, 258, 261, 262, 263, 266, 267, 268, 269, 272, 273, 274, 275, 276, 278, 281, 282, 283, 284, 285, 287, 288, 289, 290, 291, 294, 296, 310, 311, 314, 315, 317, 331, 332, 335, 336, 337, 339, 342, 343, 344, 345, 346, 347, 349, 351, 352, 353, 365, 366, 367, 369, 370, 372, 373, 374, 375, 376, 377, 378, 388, 389, 448, 456, 458, 459, 460, 463, 473, 474, 476, 477, 479, 481], "excluded_lines": []}, "AuditLogEntry": {"executed_lines": [], "summary": {"covered_lines": 0, "num_statements": 0, "percent_covered": 100.0, "percent_covered_display": "100.00", "missing_lines": 0, "excluded_lines": 0}, "missing_lines": [], "excluded_lines": []}, "Baseline": {"executed_lines": [], "summary": {"covered_lines": 0, "num_statements": 0, "percent_covered": 100.0, "percent_covered_display": "100.00", "missing_lines": 0, "excluded_lines": 0}, "missing_lines": [], "excluded_lines": []}, "": {"executed_lines": [1, 3, 4, 7, 8, 10, 20, 43, 70, 102, 111, 132, 149, 150, 152, 153, 154, 155, 156, 157, 159, 162, 163, 164, 166, 167, 168, 169, 170, 171, 172, 173, 174, 177, 178, 179, 181, 182, 183, 186, 187, 189, 210, 222, 298, 319, 355, 380, 386, 391, 442, 450], "summary": {"covered_lines": 47, "num_statements": 47, "percent_covered": 100.0, "percent_covered_display": "100.00", "missing_lines": 0, "excluded_lines": 0}, "missing_lines": [], "excluded_lines": []}}}, "quasim/hcal/audit.py": {"executed_lines": [], "summary": {"covered_lines": 0, "num_statements": 26, "percent_covered": 0.0, "percent_covered_display": "0.00", "missing_lines": 26, "excluded_lines": 0}, "missing_lines": [3, 4, 5, 6, 7, 8, 11, 14, 20, 21, 22, 24, 25, 26, 27, 29, 36, 37, 39, 47, 48, 49, 52, 53, 56, 59], "excluded_lines": [], "functions": {"AuditLogger.__init__": {"executed_lines": [], "summary": {"covered_lines": 0, "num_statements": 7, "percent_covered": 0.0, "percent_covered_display": "0.00", "missing_lines": 7, "excluded_lines": 0}, "missing_lines": [20, 21, 22, 24, 25, 26, 27], "excluded_lines": []}, "AuditLogger.log_event": {"executed_lines": [], "summary": {"covered_lines": 0, "num_statements": 9, "percent_covered": 0.0, "percent_covered_display": "0.00", "missing_lines": 9, "excluded_lines": 0}, "missing_lines": [36, 37, 39, 47, 48, 49, 52, 53, 56], "excluded_lines": []}, "": {"executed_lines": [], "summary": {"covered_lines": 0, "num_statements": 10, "percent_covered": 0.0, "percent_covered_display": "0.00", "missing_lines": 10, "excluded_lines": 0}, "missing_lines": [3, 4, 5, 6, 7, 8, 11, 14, 29, 59], "excluded_lines": []}}, "classes": {"AuditLogger": {"executed_lines": [], "summary": {"covered_lines": 0, "num_statements": 16, "percent_covered": 0.0, "percent_covered_display": "0.00", "missing_lines": 16, "excluded_lines": 0}, "missing_lines": [20, 21, 22, 24, 25, 26, 27, 36, 37, 39, 47, 48, 49, 52, 53, 56], "excluded_lines": []}, "": {"executed_lines": [], "summary": {"covered_lines": 0, "num_statements": 10, "percent_covered": 0.0, "percent_covered_display": "0.00", "missing_lines": 10, "excluded_lines": 0}, "missing_lines": [3, 4, 5, 6, 7, 8, 11, 14, 29, 59], "excluded_lines": []}}}, "quasim/hcal/backends/__init__.py": {"executed_lines": [1, 3, 6, 7, 9, 17, 25, 36, 44, 56, 57, 59, 62, 63, 65, 71, 73, 84, 96, 107], "summary": {"covered_lines": 17, "num_statements": 26, "percent_covered": 65.38461538461539, "percent_covered_display": "65.38", "missing_lines": 9, "excluded_lines": 0}, "missing_lines": [15, 23, 34, 42, 53, 82, 94, 105, 116], "excluded_lines": [], "functions": {"Backend.__init__": {"executed_lines": [], "summary": {"covered_lines": 0, "num_statements": 1, "percent_covered": 0.0, "percent_covered_display": "0.00", "missing_lines": 1, "excluded_lines": 0}, "missing_lines": [15], "excluded_lines": []}, "Backend.get_telemetry": {"executed_lines": [], "summary": {"covered_lines": 0, "num_statements": 1, "percent_covered": 0.0, "percent_covered_display": "0.00", "missing_lines": 1, "excluded_lines": 0}, "missing_lines": [23], "excluded_lines": []}, "Backend.apply_setpoint": {"executed_lines": [], "summary": {"covered_lines": 0, "num_statements": 1, "percent_covered": 0.0, "percent_covered_display": "0.00", "missing_lines": 1, "excluded_lines": 0}, "missing_lines": [34], "excluded_lines": []}, "Backend.capture_state": {"executed_lines": [], "summary": {"covered_lines": 0, "num_statements": 1, "percent_covered": 0.0, "percent_covered_display": "0.00", "missing_lines": 1, "excluded_lines": 0}, "missing_lines": [42], "excluded_lines": []}, "Backend.restore_state": {"executed_lines": [], "summary": {"covered_lines": 0, "num_statements": 1, "percent_covered": 0.0, "percent_covered_display": "0.00", "missing_lines": 1, "excluded_lines": 0}, "missing_lines": [53], "excluded_lines": []}, "BaseBackend.__init__": {"executed_lines": [71], "summary": {"covered_lines": 1, "num_statements": 1, "percent_covered": 100.0, "percent_covered_display": "100.00", "missing_lines": 0, "excluded_lines": 0}, "missing_lines": [], "excluded_lines": []}, "BaseBackend.device_exists": {"executed_lines": [], "summary": {"covered_lines": 0, "num_statements": 1, "percent_covered": 0.0, "percent_covered_display": "0.00", "missing_lines": 1, "excluded_lines": 0}, "missing_lines": [82], "excluded_lines": []}, "BaseBackend.apply_setpoint": {"executed_lines": [], "summary": {"covered_lines": 0, "num_statements": 1, "percent_covered": 0.0, "percent_covered_display": "0.00", "missing_lines": 1, "excluded_lines": 0}, "missing_lines": [94], "excluded_lines": []}, "BaseBackend.read_configuration": {"executed_lines": [], "summary": {"covered_lines": 0, "num_statements": 1, "percent_covered": 0.0, "percent_covered_display": "0.00", "missing_lines": 1, "excluded_lines": 0}, "missing_lines": [105], "excluded_lines": []}, "BaseBackend.read_telemetry": {"executed_lines": [], "summary": {"covered_lines": 0, "num_statements": 1, "percent_covered": 0.0, "percent_covered_display": "0.00", "missing_lines": 1, "excluded_lines": 0}, "missing_lines": [116], "excluded_lines": []}, "": {"executed_lines": [1, 3, 6, 7, 9, 17, 25, 36, 44, 56, 57, 59, 62, 63, 65, 73, 84, 96, 107], "summary": {"covered_lines": 16, "num_statements": 16, "percent_covered": 100.0, "percent_covered_display": "100.00", "missing_lines": 0, "excluded_lines": 0}, "missing_lines": [], "excluded_lines": []}}, "classes": {"Backend": {"executed_lines": [], "summary": {"covered_lines": 0, "num_statements": 5, "percent_covered": 0.0, "percent_covered_display": "0.00", "missing_lines": 5, "excluded_lines": 0}, "missing_lines": [15, 23, 34, 42, 53], "excluded_lines": []}, "BaseBackend": {"executed_lines": [71], "summary": {"covered_lines": 1, "num_statements": 5, "percent_covered": 20.0, "percent_covered_display": "20.00", "missing_lines": 4, "excluded_lines": 0}, "missing_lines": [82, 94, 105, 116], "excluded_lines": []}, "": {"executed_lines": [1, 3, 6, 7, 9, 17, 25, 36, 44, 56, 57, 59, 62, 63, 65, 73, 84, 96, 107], "summary": {"covered_lines": 16, "num_statements": 16, "percent_covered": 100.0, "percent_covered_display": "100.00", "missing_lines": 0, "excluded_lines": 0}, "missing_lines": [], "excluded_lines": []}}}, "quasim/hcal/backends/amd_rocm.py": {"executed_lines": [], "summary": {"covered_lines": 0, "num_statements": 14, "percent_covered": 0.0, "percent_covered_display": "0.00", "missing_lines": 14, "excluded_lines": 0}, "missing_lines": [3, 5, 8, 11, 17, 19, 21, 23, 25, 26, 28, 30, 32, 34], "excluded_lines": [], "functions": {"AmdRocmBackend.__init__": {"executed_lines": [], "summary": {"covered_lines": 0, "num_statements": 1, "percent_covered": 0.0, "percent_covered_display": "0.00", "missing_lines": 1, "excluded_lines": 0}, "missing_lines": [17], "excluded_lines": []}, "AmdRocmBackend.device_exists": {"executed_lines": [], "summary": {"covered_lines": 0, "num_statements": 1, "percent_covered": 0.0, "percent_covered_display": "0.00", "missing_lines": 1, "excluded_lines": 0}, "missing_lines": [21], "excluded_lines": []}, "AmdRocmBackend.apply_setpoint": {"executed_lines": [], "summary": {"covered_lines": 0, "num_statements": 2, "percent_covered": 0.0, "percent_covered_display": "0.00", "missing_lines": 2, "excluded_lines": 0}, "missing_lines": [25, 26], "excluded_lines": []}, "AmdRocmBackend.read_configuration": {"executed_lines": [], "summary": {"covered_lines": 0, "num_statements": 1, "percent_covered": 0.0, "percent_covered_display": "0.00", "missing_lines": 1, "excluded_lines": 0}, "missing_lines": [30], "excluded_lines": []}, "AmdRocmBackend.read_telemetry": {"executed_lines": [], "summary": {"covered_lines": 0, "num_statements": 1, "percent_covered": 0.0, "percent_covered_display": "0.00", "missing_lines": 1, "excluded_lines": 0}, "missing_lines": [34], "excluded_lines": []}, "": {"executed_lines": [], "summary": {"covered_lines": 0, "num_statements": 8, "percent_covered": 0.0, "percent_covered_display": "0.00", "missing_lines": 8, "excluded_lines": 0}, "missing_lines": [3, 5, 8, 11, 19, 23, 28, 32], "excluded_lines": []}}, "classes": {"AmdRocmBackend": {"executed_lines": [], "summary": {"covered_lines": 0, "num_statements": 6, "percent_covered": 0.0, "percent_covered_display": "0.00", "missing_lines": 6, "excluded_lines": 0}, "missing_lines": [17, 21, 25, 26, 30, 34], "excluded_lines": []}, "": {"executed_lines": [], "summary": {"covered_lines": 0, "num_statements": 8, "percent_covered": 0.0, "percent_covered_display": "0.00", "missing_lines": 8, "excluded_lines": 0}, "missing_lines": [3, 5, 8, 11, 19, 23, 28, 32], "excluded_lines": []}}}, "quasim/hcal/backends/nvidia_nvml.py": {"executed_lines": [1, 3, 5, 8, 9, 11, 19, 33, 50, 51, 53, 55, 58, 59, 61, 67, 68, 69, 71, 89, 98, 100, 104, 118, 119, 120, 159, 168, 170, 200, 213, 215, 262, 264], "summary": {"covered_lines": 31, "num_statements": 104, "percent_covered": 29.807692307692307, "percent_covered_display": "29.81", "missing_lines": 73, "excluded_lines": 0}, "missing_lines": [17, 26, 43, 72, 73, 75, 76, 77, 80, 81, 82, 83, 85, 86, 87, 102, 122, 123, 124, 126, 127, 128, 130, 132, 134, 135, 136, 139, 144, 147, 151, 153, 155, 156, 157, 176, 177, 179, 180, 182, 184, 185, 188, 189, 192
[...]
ines": []}}}, "quasim/simulation/quantacosmic/coupling_ops.py": {"executed_lines": [1, 3, 5, 6, 9, 10, 11, 13, 15, 16, 17, 19, 20, 23, 24, 26, 35, 38, 39, 41, 42, 43, 44, 45, 48], "summary": {"covered_lines": 23, "num_statements": 28, "percent_covered": 82.14285714285714, "percent_covered_display": "82.14", "missing_lines": 5, "excluded_lines": 0}, "missing_lines": [18, 21, 27, 28, 29], "excluded_lines": [], "functions": {"CouplingOperator.__post_init__": {"executed_lines": [16, 17, 19, 20], "summary": {"covered_lines": 4, "num_statements": 6, "percent_covered": 66.66666666666667, "percent_covered_display": "66.67", "missing_lines": 2, "excluded_lines": 0}, "missing_lines": [18, 21], "excluded_lines": []}, "CouplingOperator.matrix": {"executed_lines": [24], "summary": {"covered_lines": 1, "num_statements": 1, "percent_covered": 100.0, "percent_covered_display": "100.00", "missing_lines": 0, "excluded_lines": 0}, "missing_lines": [], "excluded_lines": []}, "CouplingOperator.apply": {"executed_lines": [], "summary": {"covered_lines": 0, "num_statements": 3, "percent_covered": 0.0, "percent_covered_display": "0.00", "missing_lines": 3, "excluded_lines": 0}, "missing_lines": [27, 28, 29], "excluded_lines": []}, "coupling_matrix": {"executed_lines": [38, 39, 41, 42, 43, 44, 45], "summary": {"covered_lines": 7, "num_statements": 7, "percent_covered": 100.0, "percent_covered_display": "100.00", "missing_lines": 0, "excluded_lines": 0}, "missing_lines": [], "excluded_lines": []}, "": {"executed_lines": [1, 3, 5, 6, 9, 10, 11, 13, 15, 23, 26, 35, 48], "summary": {"covered_lines": 11, "num_statements": 11, "percent_covered": 100.0, "percent_covered_display": "100.00", "missing_lines": 0, "excluded_lines": 0}, "missing_lines": [], "excluded_lines": []}}, "classes": {"CouplingOperator": {"executed_lines": [16, 17, 19, 20, 24], "summary": {"covered_lines": 5, "num_statements": 10, "percent_covered": 50.0, "percent_covered_display": "50.00", "missing_lines": 5, "excluded_lines": 0}, "missing_lines": [18, 21, 27, 28, 29], "excluded_lines": []}, "": {"executed_lines": [1, 3, 5, 6, 9, 10, 11, 13, 15, 23, 26, 35, 38, 39, 41, 42, 43, 44, 45, 48], "summary": {"covered_lines": 18, "num_statements": 18, "percent_covered": 100.0, "percent_covered_display": "100.00", "missing_lines": 0, "excluded_lines": 0}, "missing_lines": [], "excluded_lines": []}}}, "quasim/simulation/quantacosmic/field_dynamics.py": {"executed_lines": [1, 3, 5, 6, 8, 11, 12, 13, 15, 16, 18, 19, 21, 24, 25, 26, 28, 32, 35, 44, 46, 49, 50, 51, 54, 55, 57, 58, 59, 60, 61, 62, 63, 66], "summary": {"covered_lines": 32, "num_statements": 38, "percent_covered": 84.21052631578948, "percent_covered_display": "84.21", "missing_lines": 6, "excluded_lines": 0}, "missing_lines": [20, 22, 27, 45, 47, 52], "excluded_lines": [], "functions": {"FieldLattice.__post_init__": {"executed_lines": [19, 21], "summary": {"covered_lines": 2, "num_statements": 4, "percent_covered": 50.0, "percent_covered_display": "50.00", "missing_lines": 2, "excluded_lines": 0}, "missing_lines": [20, 22], "excluded_lines": []}, "FieldLattice.propagation_kernel": {"executed_lines": [25, 26, 28, 32], "summary": {"covered_lines": 4, "num_statements": 5, "percent_covered": 80.0, "percent_covered_display": "80.00", "missing_lines": 1, "excluded_lines": 0}, "missing_lines": [27], "excluded_lines": []}, "propagate_field": {"executed_lines": [44, 46, 49, 50, 51, 54, 55, 57, 58, 59, 60, 61, 62, 63], "summary": {"covered_lines": 14, "num_statements": 17, "percent_covered": 82.3529411764706, "percent_covered_display": "82.35", "missing_lines": 3, "excluded_lines": 0}, "missing_lines": [45, 47, 52], "excluded_lines": []}, "": {"executed_lines": [1, 3, 5, 6, 8, 11, 12, 13, 15, 16, 18, 24, 35, 66], "summary": {"covered_lines": 12, "num_statements": 12, "percent_covered": 100.0, "percent_covered_display": "100.00", "missing_lines": 0, "excluded_lines": 0}, "missing_lines": [], "excluded_lines": []}}, "classes": {"FieldLattice": {"executed_lines": [19, 21, 25, 26, 28, 32], "summary": {"covered_lines": 6, "num_statements": 9, "percent_covered": 66.66666666666667, "percent_covered_display": "66.67", "missing_lines": 3, "excluded_lines": 0}, "missing_lines": [20, 22, 27], "excluded_lines": []}, "": {"executed_lines": [1, 3, 5, 6, 8, 11, 12, 13, 15, 16, 18, 24, 35, 44, 46, 49, 50, 51, 54, 55, 57, 58, 59, 60, 61, 62, 63, 66], "summary": {"covered_lines": 26, "num_statements": 29, "percent_covered": 89.65517241379311, "percent_covered_display": "89.66", "missing_lines": 3, "excluded_lines": 0}, "missing_lines": [45, 47, 52], "excluded_lines": []}}}, "quasim/simulation/quantacosmic/geometry.py": {"executed_lines": [1, 3, 5, 6, 9, 10, 11, 13, 14, 18, 19, 20, 22, 23, 36, 37, 38, 40, 41, 43, 44, 45, 48, 49, 52, 55, 56, 58, 60, 63, 65, 66, 67, 68, 71, 78, 79, 80, 81, 82, 83, 89, 92], "summary": {"covered_lines": 41, "num_statements": 54, "percent_covered": 75.92592592592592, "percent_covered_display": "75.93", "missing_lines": 13, "excluded_lines": 0}, "missing_lines": [12, 15, 21, 25, 26, 27, 31, 32, 33, 46, 50, 57, 64], "excluded_lines": [], "functions": {"_validate_square": {"executed_lines": [10, 11, 13, 14], "summary": {"covered_lines": 4, "num_statements": 6, "percent_covered": 66.66666666666667, "percent_covered_display": "66.67", "missing_lines": 2, "excluded_lines": 0}, "missing_lines": [12, 15], "excluded_lines": []}, "_determinant": {"executed_lines": [19, 20, 22, 23], "summary": {"covered_lines": 4, "num_statements": 11, "percent_covered": 36.36363636363637, "percent_covered_display": "36.36", "missing_lines": 7, "excluded_lines": 0}, "missing_lines": [21, 25, 26, 27, 31, 32, 33], "excluded_lines": []}, "QuantumManifold.__post_init__": {"executed_lines": [44, 45], "summary": {"covered_lines": 2, "num_statements": 3, "percent_covered": 66.66666666666667, "percent_covered_display": "66.67", "missing_lines": 1, "excluded_lines": 0}, "missing_lines": [46], "excluded_lines": []}, "QuantumManifold.metric_tensor": {"executed_lines": [], "summary": {"covered_lines": 0, "num_statements": 1, "percent_covered": 0.0, "percent_covered_display": "0.00", "missing_lines": 1, "excluded_lines": 0}, "missing_lines": [50], "excluded_lines": []}, "QuantumManifold.volume_element": {"executed_lines": [55, 56, 58], "summary": {"covered_lines": 3, "num_statements": 4, "percent_covered": 75.0, "percent_covered_display": "75.00", "missing_lines": 1, "excluded_lines": 0}, "missing_lines": [57], "excluded_lines": []}, "QuantumManifold.project_vector": {"executed_lines": [63, 65, 66, 67, 68], "summary": {"covered_lines": 5, "num_statements": 6, "percent_covered": 83.33333333333333, "percent_covered_display": "83.33", "missing_lines": 1, "excluded_lines": 0}, "missing_lines": [64], "excluded_lines": []}, "curvature_scalar": {"executed_lines": [78, 79, 80, 81, 82, 83, 89], "summary": {"covered_lines": 7, "num_statements": 7, "percent_covered": 100.0, "percent_covered_display": "100.00", "missing_lines": 0, "excluded_lines": 0}, "missing_lines": [], "excluded_lines": []}, "": {"executed_lines": [1, 3, 5, 6, 9, 18, 36, 37, 38, 40, 41, 43, 48, 49, 52, 60, 71, 92], "summary": {"covered_lines": 16, "num_statements": 16, "percent_covered": 100.0, "percent_covered_display": "100.00", "missing_lines": 0, "excluded_lines": 0}, "missing_lines": [], "excluded_lines": []}}, "classes": {"QuantumManifold": {"executed_lines": [44, 45, 55, 56, 58, 63, 65, 66, 67, 68], "summary": {"covered_lines": 10, "num_statements": 14, "percent_covered": 71.42857142857143, "percent_covered_display": "71.43", "missing_lines": 4, "excluded_lines": 0}, "missing_lines": [46, 50, 57, 64], "excluded_lines": []}, "": {"executed_lines": [1, 3, 5, 6, 9, 10, 11, 13, 14, 18, 19, 20, 22, 23, 36, 37, 38, 40, 41, 43, 48, 49, 52, 60, 71, 78, 79, 80, 81, 82, 83, 89, 92], "summary": {"covered_lines": 31, "num_statements": 40, "percent_covered": 77.5, "percent_covered_display": "77.50", "missing_lines": 9, "excluded_lines": 0}, "missing_lines": [12, 15, 21, 25, 26, 27, 31, 32, 33], "excluded_lines": []}}}, "quasim/simulation/quantacosmic/metrics.py": {"executed_lines": [1, 3, 5, 6, 8, 11, 12, 13, 15, 17, 18, 20, 21, 22, 24, 25, 27, 28, 30, 31, 32, 34, 35, 39, 42, 53, 55, 56, 57, 60], "summary": {"covered_lines": 28, "num_statements": 30, "percent_covered": 93.33333333333333, "percent_covered_display": "93.33", "missing_lines": 2, "excluded_lines": 0}, "missing_lines": [33, 54], "excluded_lines": [], "functions": {"MetricTensor.__post_init__": {"executed_lines": [18], "summary": {"covered_lines": 1, "num_statements": 1, "percent_covered": 100.0, "percent_covered_display": "100.00", "missing_lines": 0, "excluded_lines": 0}, "missing_lines": [], "excluded_lines": []}, "MetricTensor.dimension": {"executed_lines": [22], "summary": {"covered_lines": 1, "num_statements": 1, "percent_covered": 100.0, "percent_covered_display": "100.00", "missing_lines": 0, "excluded_lines": 0}, "missing_lines": [], "excluded_lines": []}, "MetricTensor.trace": {"executed_lines": [25], "summary": {"covered_lines": 1, "num_statements": 1, "percent_covered": 100.0, "percent_covered_display": "100.00", "missing_lines": 0, "excluded_lines": 0}, "missing_lines": [], "excluded_lines": []}, "MetricTensor.determinant": {"executed_lines": [28], "summary": {"covered_lines": 1, "num_statements": 1, "percent_covered": 100.0, "percent_covered_display": "100.00", "missing_lines": 0, "excluded_lines": 0}, "missing_lines": [], "excluded_lines": []}, "MetricTensor.normalize": {"executed_lines": [31, 32, 34, 35, 39], "summary": {"covered_lines": 5, "num_statements": 6, "percent_covered": 83.33333333333333, "percent_covered_display": "83.33", "missing_lines": 1, "excluded_lines": 0}, "missing_lines": [33], "excluded_lines": []}, "revultra_temporal_curvature": {"executed_lines": [53, 55, 56, 57], "summary": {"covered_lines": 4, "num_statements": 5, "percent_covered": 80.0, "percent_covered_display": "80.00", "missing_lines": 1, "excluded_lines": 0}, "missing_lines": [54], "excluded_lines": []}, "": {"executed_lines": [1, 3, 5, 6, 8, 11, 12, 13, 15, 17, 20, 21, 24, 27, 30, 42, 60], "summary": {"covered_lines": 15, "num_statements": 15, "percent_covered": 100.0, "percent_covered_display": "100.00", "missing_lines": 0, "excluded_lines": 0}, "missing_lines": [], "excluded_lines": []}}, "classes": {"MetricTensor": {"executed_lines": [18, 22, 25, 28, 31, 32, 34, 35, 39], "summary": {"covered_lines": 9, "num_statements": 10, "percent_covered": 90.0, "percent_covered_display": "90.00", "missing_lines": 1, "excluded_lines": 0}, "missing_lines": [33], "excluded_lines": []}, "": {"executed_lines": [1, 3, 5, 6, 8, 11, 12, 13, 15, 17, 20, 21, 24, 27, 30, 42, 53, 55, 56, 57, 60], "summary": {"covered_lines": 19, "num_statements": 20, "percent_covered": 95.0, "percent_covered_display": "95.00", "missing_lines": 1, "excluded_lines": 0}, "missing_lines": [54], "excluded_lines": []}}}, "quasim/time/__init__.py": {"executed_lines": [], "summary": {"covered_lines": 0, "num_statements": 2, "percent_covered": 0.0, "percent_covered_display": "0.00", "missing_lines": 2, "excluded_lines": 0}, "missing_lines": [3, 7], "excluded_lines": [], "functions": {"": {"executed_lines": [], "summary": {"covered_lines": 0, "num_statements": 2, "percent_covered": 0.0, "percent_covered_display": "0.00", "missing_lines": 2, "excluded_lines": 0}, "missing_lines": [3, 7], "excluded_lines": []}}, "classes": {"": {"executed_lines": [], "summary": {"covered_lines": 0, "num_statements": 2, "percent_covered": 0.0, "percent_covered_display": "0.00", "missing_lines": 2, "excluded_lines": 0}, "missing_lines": [3, 7], "excluded_lines": []}}}, "quasim/time/interference.py": {"executed_lines": [], "summary": {"covered_lines": 0, "num_statements": 29, "percent_covered": 0.0, "percent_covered_display": "0.00", "missing_lines": 29, "excluded_lines": 0}, "missing_lines": [7, 9, 10, 12, 15, 41, 43, 45, 48, 50, 53, 86, 89, 94, 96, 99, 126, 127, 130, 133, 135, 138, 165, 166, 168, 170, 173, 176, 178], "excluded_lines": [], "functions": {"compute_emission_intensity": {"executed_lines": [], "summary": {"covered_lines": 0, "num_statements": 5, "percent_covered": 0.0, "percent_covered_display": "0.00", "missing_lines": 5, "excluded_lines": 0}, "missing_lines": [41, 43, 45, 48, 50], "excluded_lines": []}, "rabi_oscillation": {"executed_lines": [], "summary": {"covered_lines": 0, "num_statements": 4, "percent_covered": 0.0, "percent_covered_display": "0.00", "missing_lines": 4, "excluded_lines": 0}, "missing_lines": [86, 89, 94, 96], "excluded_lines": []}, "interference_pattern": {"executed_lines": [], "summary": {"covered_lines": 0, "num_statements": 5, "percent_covered": 0.0, "percent_covered_display": "0.00", "missing_lines": 5, "excluded_lines": 0}, "missing_lines": [126, 127, 130, 133, 135], "excluded_lines": []}, "multi_state_superposition_intensity": {"executed_lines": [], "summary": {"covered_lines": 0, "num_statements": 7, "percent_covered": 0.0, "percent_covered_display": "0.00", "missing_lines": 7, "excluded_lines": 0}, "missing_lines": [165, 166, 168, 170, 173, 176, 178], "excluded_lines": []}, "": {"executed_lines": [], "summary": {"covered_lines": 0, "num_statements": 8, "percent_covered": 0.0, "percent_covered_display": "0.00", "missing_lines": 8, "excluded_lines": 0}, "missing_lines": [7, 9, 10, 12, 15, 53, 99, 138], "excluded_lines": []}}, "classes": {"": {"executed_lines": [], "summary": {"covered_lines": 0, "num_statements": 29, "percent_covered": 0.0, "percent_covered_display": "0.00", "missing_lines": 29, "excluded_lines": 0}, "missing_lines": [7, 9, 10, 12, 15, 41, 43, 45, 48, 50, 53, 86, 89, 94, 96, 99, 126, 127, 130, 133, 135, 138, 165, 166, 168, 170, 173, 176, 178], "excluded_lines": []}}}, "quasim/time/process_tensor.py": {"executed_lines": [], "summary": {"covered_lines": 0, "num_statements": 43, "percent_covered": 0.0, "percent_covered_display": "0.00", "missing_lines": 43, "excluded_lines": 0}, "missing_lines": [7, 9, 10, 12, 15, 48, 49, 52, 53, 56, 58, 61, 88, 91, 92, 96, 99, 101, 104, 137, 138, 140, 141, 144, 145, 146, 147, 150, 152, 155, 177, 180, 182, 185, 187, 190, 210, 211, 213, 214, 215, 216, 218], "excluded_lines": [], "functions": {"two_time_correlation": {"executed_lines": [], "summary": {"covered_lines": 0, "num_statements": 6, "percent_covered": 0.0, "percent_covered_display": "0.00", "missing_lines": 6, "excluded_lines": 0}, "missing_lines": [48, 49, 52, 53, 56, 58], "excluded_lines": []}, "process_tensor_choi": {"executed_lines": [], "summary": {"covered_lines": 0, "num_statements": 6, "percent_covered": 0.0, "percent_covered_display": "0.00", "missing_lines": 6, "excluded_lines": 0}, "missing_lines": [88, 91, 92, 96, 99, 101], "excluded_lines": []}, "temporal_bell_inequality": {"executed_lines": [], "summary": {"covered_lines": 0, "num_statements": 10, "percent_covered": 0.0, "percent_covered_display": "0.00", "missing_lines": 10, "excluded_lines": 0}, "missing_lines": [137, 138, 140, 141, 144, 145, 146, 147, 150, 152], "excluded_lines": []}, "memory_kernel": {"executed_lines": [], "summary": {"covered_lines": 0, "num_statements": 5, "percent_covered": 0.0, "percent_covered_display": "0.00", "missing_lines": 5, "excluded_lines": 0}, "missing_lines": [177, 180, 182, 185, 187], "excluded_lines": []}, "quantum_coherence_measure": {"executed_lines": [], "summary": {"covered_lines": 0, "num_statements": 7, "percent_covered": 0.0, "percent_covered_display": "0.00", "missing_lines": 7, "excluded_lines": 0}, "missing_lines": [210, 211, 213, 214, 215, 216, 218], "excluded_lines": []}, "": {"executed_lines": [], "summary": {"covered_lines": 0, "num_statements": 9, "percent_covered": 0.0, "percent_covered_display": "0.00", "missing_lines": 9, "excluded_lines": 0}, "missing_lines": [7, 9, 10, 12, 15, 61, 104, 155, 190], "excluded_lines": []}}, "classes": {"": {"executed_lines": [], "summary": {"covered_lines": 0, "num_statements": 43, "percent_covered": 0.0, "percent_covered_display": "0.00", "missing_lines": 43, "excluded_lines": 0}, "missing_lines": [7, 9, 10, 12, 15, 48, 49, 52, 53, 56, 58, 61, 88, 91, 92, 96, 99, 101, 104, 137, 138, 140, 141, 144, 145, 146, 147, 150, 152, 155, 177, 180, 182, 185, 187, 190, 210, 211, 213, 214, 215, 216, 218], "excluded_lines": []}}}, "quasim/vacuum/__init__.py": {"executed_lines": [], "summary": {"covered_lines": 0, "num_statements": 2, "percent_covered": 0.0, "percent_covered_display": "0.00", "missing_lines": 2, "excluded_lines": 0}, "missing_lines": [3, 8], "excluded_lines": [], "functions": {"": {"executed_lines": [], "summary": {"covered_lines": 0, "num_statements": 2, "percent_covered": 0.0, "percent_covered_display": "0.00", "missing_lines": 2, "excluded_lines": 0}, "missing_lines": [3, 8], "excluded_lines": []}}, "classes": {"": {"executed_lines": [], "summary": {"covered_lines": 0, "num_statements": 2, "percent_covered": 0.0, "percent_covered_display": "0.00", "missing_lines": 2, "excluded_lines": 0}, "missing_lines": [3, 8], "excluded_lines": []}}}, "quasim/vacuum/casimir.py": {"executed_lines": [], "summary": {"covered_lines": 0, "num_statements": 40, "percent_covered": 0.0, "percent_covered_display": "0.00", "missing_lines": 40, "excluded_lines": 0}, "missing_lines": [8, 10, 11, 13, 16, 43, 46, 47, 51, 54, 61, 65, 68, 88, 89, 90, 93, 113, 117, 118, 121, 122, 125, 127, 130, 149, 150, 153, 155, 158, 180, 181, 183, 185, 188, 212, 213, 216, 218, 220], "excluded_lines": [], "functions": {"casimir_energy_parallel_plates": {"executed_lines": [], "summary": {"covered_lines": 0, "num_statements": 7, "percent_covered": 0.0, "percent_covered_display": "0.00", "missing_lines": 7, "excluded_lines": 0}, "missing_lines": [43, 46, 47, 51, 54, 61, 65], "excluded_lines": []}, "casimir_force_parallel_plates": {"executed_lines": [], "summary": {"covered_lines": 0, "num_statements": 3, "percent_covered": 0.0, "percent_covered_display": "0.00", "missing_lines": 3, "excluded_lines": 0}, "missing_lines": [88, 89, 90], "excluded_lines": []}, "casimir_energy_scaling_test": {"executed_lines": [], "summary": {"covered_lines": 0, "num_statements": 7, "percent_covered": 0.0, "percent_covered_display": "0.00", "missing_lines": 7, "excluded_lines": 0}, "missing_lines": [113, 117, 118, 121, 122, 125, 127], "excluded_lines": []}, "mode_density_confined": {"executed_lines": [], "summary": {"covered_lines": 0, "num_statements": 4, "percent_covered": 0.0, "percent_covered_display": "0.00", "missing_lines": 4, "excluded_lines": 0}, "missing_lines": [149, 150, 153, 155], "excluded_lines": []}, "vacuum_energy_shift": {"executed_lines": [], "summary": {"covered_lines": 0, "num_statements": 4, "percent_covered": 0.0, "percent_covered_display": "0.00", "missing_lines": 4, "excluded_lines": 0}, "missing_lines": [180, 181, 183, 185], "excluded_lines": []}, "casimir_energy_sphere_plate": {"executed_lines": [], "summary": {"covered_lines": 0, "num_statements": 5, "percent_covered": 0.0, "percent_covered_display": "0.00", "missing_lines": 5, "excluded_lines": 0}, "missing_lines": [212, 213, 216, 218, 220], "excluded_lines": []}, "": {"executed_lines": [], "summary": {"covered_lines": 0, "num_statements": 10, "percent_covered": 0.0, "percent_covered_display": "0.00", "missing_lines": 10, "excluded_lines": 0}, "missing_lines": [8, 10, 11, 13, 16, 68, 93, 130, 158, 188], "excluded_lines": []}}, "classes": {"": {"executed_lines": [], "summary": {"covered_lines": 0, "num_statements": 40, "percent_covered": 0.0, "percent_covered_display": "0.00", "missing_lines": 40, "excluded_lines": 0}, "missing_lines": [8, 10, 11, 13, 16, 43, 46, 47, 51, 54, 61, 65, 68, 88, 89, 90, 93, 113, 117, 118, 121, 122, 125, 127, 130, 149, 150, 153, 155, 158, 180, 181, 183, 185, 188, 212, 213, 216, 218, 220], "excluded_lines": []}}}}, "totals": {"covered_lines": 1720, "num_statements": 4778, "percent_covered": 35.998325659271664, "percent_covered_display": "36.00", "missing_lines": 3058, "excluded_lines": 0}}