{"meta": {"format": 3, "version": "7.13.0", "timestamp": "2025-12-12T14:24:00.792648", "branch_coverage": false, "show_contexts": false}, "files": {"quasim/__init__.py": {"executed_lines": [1, 13, 15, 16, 17, 19, 20, 23, 24, 25, 34, 35, 36, 37, 40, 41, 43, 49, 50, 51, 53, 55, 56, 58, 60, 61, 63, 72, 73, 76, 77, 79, 80, 83, 85, 88, 89, 98, 99, 100, 102, 105], "summary": {"covered_lines": 39, "num_statements": 39, "percent_covered": 100.0, "percent_covered_display": "100.00", "missing_lines": 0, "excluded_lines": 0, "percent_statements_covered": 100.0, "percent_statements_covered_display": "100.00"}, "missing_lines": [], "excluded_lines": [], "functions": {"Runtime.__init__": {"executed_lines": [49, 50, 51], "summary": {"covered_lines": 3, "num_statements": 3, "percent_covered": 100.0, "percent_covered_display": "100.00", "missing_lines": 0, "excluded_lines": 0, "percent_statements_covered": 100.0, "percent_statements_covered_display": "100.00"}, "missing_lines": [], "excluded_lines": []}, "Runtime.__enter__": {"executed_lines": [55, 56], "summary": {"covered_lines": 2, "num_statements": 2, "percent_covered": 100.0, "percent_covered_display": "100.00", "missing_lines": 0, "excluded_lines": 0, "percent_statements_covered": 100.0, "percent_statements_covered_display": "100.00"}, "missing_lines": [], "excluded_lines": []}, "Runtime.__exit__": {"executed_lines": [60, 61], "summary": {"covered_lines": 2, "num_statements": 2, "percent_covered": 100.0, "percent_covered_display": "100.00", "missing_lines": 0, "excluded_lines": 0, "percent_statements_covered": 100.0, "percent_statements_covered_display": "100.00"}, "missing_lines": [], "excluded_lines": []}, "Runtime.simulate": {"executed_lines": [72, 73, 76, 77, 79, 80, 83, 85], "summary": {"covered_lines": 8, "num_statements": 8, "percent_covered": 100.0, "percent_covered_display": "100.00", "missing_lines": 0, "excluded_lines": 0, "percent_statements_covered": 100.0, "percent_statements_covered_display": "100.00"}, "missing_lines": [], "excluded_lines": []}, "runtime": {"executed_lines": [98, 99, 100, 102], "summary": {"covered_lines": 4, "num_statements": 4, "percent_covered": 100.0, "percent_covered_display": "100.00", "missing_lines": 0, "excluded_lines": 0, "percent_statements_covered": 100.0, "percent_statements_covered_display": "100.00"}, "missing_lines": [], "excluded_lines": []}, "": {"executed_lines": [1, 13, 15, 16, 17, 19, 20, 23, 24, 25, 34, 35, 36, 37, 40, 41, 43, 53, 58, 63, 88, 89, 105], "summary": {"covered_lines": 20, "num_statements": 20, "percent_covered": 100.0, "percent_covered_display": "100.00", "missing_lines": 0, "excluded_lines": 0, "percent_statements_covered": 100.0, "percent_statements_covered_display": "100.00"}, "missing_lines": [], "excluded_lines": []}}, "classes": {"Config": {"executed_lines": [], "summary": {"covered_lines": 0, "num_statements": 0, "percent_covered": 100.0, "percent_covered_display": "100.00", "missing_lines": 0, "excluded_lines": 0, "percent_statements_covered": 100.0, "percent_statements_covered_display": "100.00"}, "missing_lines": [], "excluded_lines": []}, "Runtime": {"executed_lines": [49, 50, 51, 55, 56, 60, 61, 72, 73, 76, 77, 79, 80, 83, 85], "summary": {"covered_lines": 15, "num_statements": 15, "percent_covered": 100.0, "percent_covered_display": "100.00", "missing_lines": 0, "excluded_lines": 0, "percent_statements_covered": 100.0, "percent_statements_covered_display": "100.00"}, "missing_lines": [], "excluded_lines": []}, "": {"executed_lines": [1, 13, 15, 16, 17, 19, 20, 23, 24, 25, 34, 35, 36, 37, 40, 41, 43, 53, 58, 63, 88, 89, 98, 99, 100, 102, 105], "summary": {"covered_lines": 24, "num_statements": 24, "percent_covered": 100.0, "percent_covered_display": "100.00", "missing_lines": 0, "excluded_lines": 0, "percent_statements_covered": 100.0, "percent_statements_covered_display": "100.00"}, "missing_lines": [], "excluded_lines": []}}}, "quasim/analog/__init__.py": {"executed_lines": [], "summary": {"covered_lines": 0, "num_statements": 2, "percent_covered": 0.0, "percent_covered_display": "0.00", "missing_lines": 2, "excluded_lines": 0, "percent_statements_covered": 0.0, "percent_statements_covered_display": "0.00"}, "missing_lines": [3, 11], "excluded_lines": [], "functions": {"": {"executed_lines": [], "summary": {"covered_lines": 0, "num_statements": 2, "percent_covered": 0.0, "percent_covered_display": "0.00", "missing_lines": 2, "excluded_lines": 0, "percent_statements_covered": 0.0, "percent_statements_covered_display": "0.00"}, "missing_lines": [3, 11], "excluded_lines": []}}, "classes": {"": {"executed_lines": [], "summary": {"covered_lines": 0, "num_statements": 2, "percent_covered": 0.0, "percent_covered_display": "0.00", "missing_lines": 2, "excluded_lines": 0, "percent_statements_covered": 0.0, "percent_statements_covered_display": "0.00"}, "missing_lines": [3, 11], "excluded_lines": []}}}, "quasim/analog/metric.py": {"executed_lines": [], "summary": {"covered_lines": 0, "num_statements": 68, "percent_covered": 0.0, "percent_covered_display": "0.00", "missing_lines": 68, "excluded_lines": 0, "percent_statements_covered": 0.0, "percent_statements_covered_display": "0.00"}, "missing_lines": [7, 9, 10, 12, 15, 41, 44, 46, 47, 50, 51, 54, 55, 56, 57, 59, 61, 64, 92, 94, 95, 97, 98, 100, 101, 102, 105, 108, 115, 116, 119, 122, 123, 124, 125, 127, 129, 132, 134, 137, 161, 164, 165, 166, 167, 168, 171, 172, 174, 175, 177, 180, 198, 199, 201, 202, 204, 205, 206, 209, 211, 213, 216, 239, 242, 245, 248, 250], "excluded_lines": [], "functions": {"refractive_index_to_metric": {"executed_lines": [], "summary": {"covered_lines": 0, "num_statements": 12, "percent_covered": 0.0, "percent_covered_display": "0.00", "missing_lines": 12, "excluded_lines": 0, "percent_statements_covered": 0.0, "percent_statements_covered_display": "0.00"}, "missing_lines": [41, 44, 46, 47, 50, 51, 54, 55, 56, 57, 59, 61], "excluded_lines": []}, "geodesic_propagation": {"executed_lines": [], "summary": {"covered_lines": 0, "num_statements": 21, "percent_covered": 0.0, "percent_covered_display": "0.00", "missing_lines": 21, "excluded_lines": 0, "percent_statements_covered": 0.0, "percent_statements_covered_display": "0.00"}, "missing_lines": [92, 94, 95, 97, 98, 100, 101, 102, 105, 108, 115, 116, 119, 122, 123, 124, 125, 127, 129, 132, 134], "excluded_lines": []}, "check_normalization_preservation": {"executed_lines": [], "summary": {"covered_lines": 0, "num_statements": 11, "percent_covered": 0.0, "percent_covered_display": "0.00", "missing_lines": 11, "excluded_lines": 0, "percent_statements_covered": 0.0, "percent_statements_covered_display": "0.00"}, "missing_lines": [161, 164, 165, 166, 167, 168, 171, 172, 174, 175, 177], "excluded_lines": []}, "effective_potential_from_metric": {"executed_lines": [], "summary": {"covered_lines": 0, "num_statements": 10, "percent_covered": 0.0, "percent_covered_display": "0.00", "missing_lines": 10, "excluded_lines": 0, "percent_statements_covered": 0.0, "percent_statements_covered_display": "0.00"}, "missing_lines": [198, 199, 201, 202, 204, 205, 206, 209, 211, 213], "excluded_lines": []}, "acoustic_black_hole_metric": {"executed_lines": [], "summary": {"covered_lines": 0, "num_statements": 5, "percent_covered": 0.0, "percent_covered_display": "0.00", "missing_lines": 5, "excluded_lines": 0, "percent_statements_covered": 0.0, "percent_statements_covered_display": "0.00"}, "missing_lines": [239, 242, 245, 248, 250], "excluded_lines": []}, "": {"executed_lines": [], "summary": {"covered_lines": 0, "num_statements": 9, "percent_covered": 0.0, "percent_covered_display": "0.00", "missing_lines": 9, "excluded_lines": 0, "percent_statements_covered": 0.0, "percent_statements_covered_display": "0.00"}, "missing_lines": [7, 9, 10, 12, 15, 64, 137, 180, 216], "excluded_lines": []}}, "classes": {"": {"executed_lines": [], "summary": {"covered_lines": 0, "num_statements": 68, "percent_covered": 0.0, "percent_covered_display": "0.00", "missing_lines": 68, "excluded_lines": 0, "percent_statements_covered": 0.0, "percent_statements_covered_display": "0.00"}, "missing_lines": [7, 9, 10, 12, 15, 41, 44, 46, 47, 50, 51, 54, 55, 56, 57, 59, 61, 64, 92, 94, 95, 97, 98, 100, 101, 102, 105, 108, 115, 116, 119, 122, 123, 124, 125, 127, 129, 132, 134, 137, 161, 164, 165, 166, 167, 168, 171, 172, 174, 175, 177, 180, 198, 199, 201, 202, 204, 205, 206, 209, 211, 213, 216, 239, 242, 245, 248, 250], "excluded_lines": []}}}, "quasim/api/__init__.py": {"executed_lines": [], "summary": {"covered_lines": 0, "num_statements": 3, "percent_covered": 0.0, "percent_covered_display": "0.00", "missing_lines": 3, "excluded_lines": 0, "percent_statements_covered": 0.0, "percent_statements_covered_display": "0.00"}, "missing_lines": [7, 9, 11], "excluded_lines": [], "functions": {"": {"executed_lines": [], "summary": {"covered_lines": 0, "num_statements": 3, "percent_covered": 0.0, "percent_covered_display": "0.00", "missing_lines": 3, "excluded_lines": 0, "percent_statements_covered": 0.0, "percent_statements_covered_display": "0.00"}, "missing_lines": [7, 9, 11], "excluded_lines": []}}, "classes": {"": {"executed_lines": [], "summary": {"covered_lines": 0, "num_statements": 3, "percent_covered": 0.0, "percent_covered_display": "0.00", "missing_lines": 3, "excluded_lines": 0, "percent_statements_covered": 0.0, "percent_statements_covered_display": "0.00"}, "missing_lines": [7, 9, 11], "excluded_lines": []}}}, "quasim/api/grpc_service.py": {"executed_lines": [], "summary": {"covered_lines": 0, "num_statements": 26, "percent_covered": 0.0, "percent_covered_display": "0.00", "missing_lines": 26, "excluded_lines": 0, "percent_statements_covered": 0.0, "percent_statements_covered_display": "0.00"}, "missing_lines": [7, 9, 12, 24, 26, 28, 37, 39, 48, 50, 59, 61, 70, 73, 90, 93, 94, 95, 96, 98, 100, 101, 103, 105, 106, 108], "excluded_lines": [], "functions": {"QuASIMService.__init__": {"executed_lines": [], "summary": {"covered_lines": 0, "num_statements": 1, "percent_covered": 0.0, "percent_covered_display": "0.00", "missing_lines": 1, "excluded_lines": 0, "percent_statements_covered": 0.0, "percent_statements_covered_display": "0.00"}, "missing_lines": [26], "excluded_lines": []}, "QuASIMService.SimulateCircuit": {"executed_lines": [], "summary": {"covered_lines": 0, "num_statements": 1, "percent_covered": 0.0, "percent_covered_display": "0.00", "missing_lines": 1, "excluded_lines": 0, "percent_statements_covered": 0.0, "percent_statements_covered_display": "0.00"}, "missing_lines": [37], "excluded_lines": []}, "QuASIMService.CreateDigitalTwin": {"executed_lines": [], "summary": {"covered_lines": 0, "num_statements": 1, "percent_covered": 0.0, "percent_covered_display": "0.00", "missing_lines": 1, "excluded_lines": 0, "percent_statements_covered": 0.0, "percent_statements_covered_display": "0.00"}, "missing_lines": [48], "excluded_lines": []}, "QuASIMService.SubmitOptimization": {"executed_lines": [], "summary": {"covered_lines": 0, "num_statements": 1, "percent_covered": 0.0, "percent_covered_display": "0.00", "missing_lines": 1, "excluded_lines": 0, "percent_statements_covered": 0.0, "percent_statements_covered_display": "0.00"}, "missing_lines": [59], "excluded_lines": []}, "QuASIMService.GetClusterStatus": {"executed_lines": [], "summary": {"covered_lines": 0, "num_statements": 1, "percent_covered": 0.0, "percent_covered_display": "0.00", "missing_lines": 1, "excluded_lines": 0, "percent_statements_covered": 0.0, "percent_statements_covered_display": "0.00"}, "missing_lines": [70], "excluded_lines": []}, "create_grpc_server": {"executed_lines": [], "summary": {"covered_lines": 0, "num_statements": 5, "percent_covered": 0.0, "percent_covered_display": "0.00", "missing_lines": 5, "excluded_lines": 0, "percent_statements_covered": 0.0, "percent_statements_covered_display": "0.00"}, "missing_lines": [90, 93, 98, 103, 108], "excluded_lines": []}, "create_grpc_server.MockGRPCServer.__init__": {"executed_lines": [], "summary": {"covered_lines": 0, "num_statements": 3, "percent_covered": 0.0, "percent_covered_display": "0.00", "missing_lines": 3, "excluded_lines": 0, "percent_statements_covered": 0.0, "percent_statements_covered_display": "0.00"}, "missing_lines": [94, 95, 96], "excluded_lines": []}, "create_grpc_server.MockGRPCServer.start": {"executed_lines": [], "summary": {"covered_lines": 0, "num_statements": 2, "percent_covered": 0.0, "percent_covered_display": "0.00", "missing_lines": 2, "excluded_lines": 0, "percent_statements_covered": 0.0, "percent_statements_covered_display": "0.00"}, "missing_lines": [100, 101], "excluded_lines": []}, "create_grpc_server.MockGRPCServer.stop": {"executed_lines": [], "summary": {"covered_lines": 0, "num_statements": 2, "percent_covered": 0.0, "percent_covered_display": "0.00", "missing_lines": 2, "excluded_lines": 0, "percent_statements_covered": 0.0, "percent_statements_covered_display": "0.00"}, "missing_lines": [105, 106], "excluded_lines": []}, "": {"executed_lines": [], "summary": {"covered_lines": 0, "num_statements": 9, "percent_covered": 0.0, "percent_covered_display": "0.00", "missing_lines": 9, "excluded_lines": 0, "percent_statements_covered": 0.0, "percent_statements_covered_display": "0.00"}, "missing_lines": [7, 9, 12, 24, 28, 39, 50, 61, 73], "excluded_lines": []}}, "classes": {"QuASIMService": {"executed_lines": [], "summary": {"covered_lines": 0, "num_statements": 5, "percent_covered": 0.0, "percent_covered_display": "0.00", "missing_lines": 5, "excluded_lines": 0, "percent_statements_covered": 0.0, "percent_statements_covered_display": "0.00"}, "missing_lines": [26, 37, 48, 59, 70], "excluded_lines": []}, "create_grpc_server.MockGRPCServer": {"executed_lines": [], "summary": {"covered_lines": 0, "num_statements": 7, "percent_covered": 0.0, "percent_covered_display": "0.00", "missing_lines": 7, "excluded_lines": 0, "percent_statements_covered": 0.0, "percent_statements_covered_display": "0.00"}, "missing_lines": [94, 95, 96, 100, 101, 105, 106], "excluded_lines": []}, "": {"executed_lines": [], "summary": {"covered_lines": 0, "num_statements": 14, "percent_covered": 0.0, "percent_covered_display": "0.00", "missing_lines": 14, "excluded_lines": 0, "percent_statements_covered": 0.0, "percent_statements_covered_display": "0.00"}, "missing_lines": [7, 9, 12, 24, 28, 39, 50, 61, 73, 90, 93, 98, 103, 108], "excluded_lines": []}}}, "quasim/api/scenarios.py": {"executed_lines": [], "summary": {"covered_lines": 0, "num_statements": 23, "percent_covered": 0.0, "percent_covered_display": "0.00", "missing_lines": 23, "excluded_lines": 0, "percent_statements_covered": 0.0, "percent_statements_covered_display": "0.00"}, "missing_lines": [8, 10, 11, 12, 15, 16, 31, 32, 33, 34, 37, 40, 43, 46, 49, 57, 58, 59, 61, 62, 63, 65, 68], "excluded_lines": [], "functions": {"_base_pattern": {"executed_lines": [], "summary": {"covered_lines": 0, "num_statements": 1, "percent_covered": 0.0, "percent_covered_display": "0.00", "missing_lines": 1, "excluded_lines": 0, "percent_statements_covered": 0.0, "percent_statements_covered_display": "0.00"}, "missing_lines": [40], "excluded_lines": []}, "_scenario_variant": {"executed_lines": [], "summary": {"covered_lines": 0, "num_statements": 1, "percent_covered": 0.0, "percent_covered_display": "0.00", "missing_lines": 1, "excluded_lines": 0, "percent_statements_covered": 0.0, "percent_statements_covered_display": "0.00"}, "missing_lines": [46], "excluded_lines": []}, "build_circuit": {"executed_lines": [], "summary": {"covered_lines": 0, "num_statements": 7, "percent_covered": 0.0, "percent_covered_display": "0.00", "missing_lines": 7, "excluded_lines": 0, "percent_statements_covered": 0.0, "percent_statements_covered_display": "0.00"}, "missing_lines": [57, 58, 59, 61, 62, 63, 65], "excluded_lines": []}, "": {"executed_lines": [], "summary": {"covered_lines": 0, "num_statements": 14, "percent_covered": 0.0, "percent_covered_display": "0.00", "missing_lines": 14, "excluded_lines": 0, "percent_statements_covered": 0.0, "percent_statements_covered_display": "0.00"}, "missing_lines": [8, 10, 11, 12, 15, 16, 31, 32, 33, 34, 37, 43, 49, 68], "excluded_lines": []}}, "classes": {"ScenarioSpec": {"executed_lines": [], "summary": {"covered_lines": 0, "num_statements": 0, "percent_covered": 100.0, "percent_covered_display": "100.00", "missing_lines": 0, "excluded_lines": 0, "percent_statements_covered": 100.0, "percent_statements_covered_display": "100.00"}, "missing_lines": [], "excluded_lines": []}, "": {"executed_lines": [], "summary": {"covered_lines": 0, "num_statements": 23, "percent_covered": 0.0, "percent_covered_display": "0.00", "missing_lines": 23, "excluded_lines": 0, "percent_statements_covered": 0.0, "percent_statements_covered_display": "0.00"}, "missing_lines": [8, 10, 11, 12, 15, 16, 31, 32, 33, 34, 37, 40, 43, 46, 49, 57, 58, 59, 61, 62, 63, 65, 68], "excluded_lines": []}}}, "quasim/api/server.py": {"executed_lines": [], "summary": {"covered_lines": 0, "num_statements": 65, "percent_covered": 0.0, "percent_covered_display": "0.00", "missing_lines": 65, "excluded_lines": 0, "percent_statements_covered": 0.0, "percent_statements_covered_display": "0.00"}, "missing_lines": [3, 5, 13, 16, 17, 18, 19, 22, 25, 26, 27, 28, 31, 34, 37, 38, 39, 40, 43, 46, 49, 50, 51, 52, 55, 77, 80, 81, 82, 83, 85, 88, 89, 90, 92, 94, 97, 98, 99, 101, 103, 106, 107, 109, 112, 113, 123, 124, 126, 127, 136, 146, 147, 156, 162, 163, 173, 176, 177, 186, 187, 190, 191, 197, 199], "excluded_lines": [], "functions": {"SimulationRequest.__init__": {"executed_lines": [], "summary": {"covered_lines": 0, "num_statements": 3, "percent_covered": 0.0, "percent_covered_display": "0.00", "missing_lines": 3, "excluded_lines": 0, "percent_statements_covered": 0.0, "percent_statements_covered_display": "0.00"}, "missing_lines": [17, 18, 19], "excluded_lines": []}, "SimulationResponse.__init__": {"executed_lines": [], "summary": {"covered_lines": 0, "num_statements": 3, "percent_covered": 0.0, "percent_covered_display": "0.00", "missing_lines": 3, "excluded_lines": 0, "percent_statements_covered": 0.0, "percent_statements_covered_display": "0.00"}, "missing_lines": [26, 27, 28], "excluded_lines": []}, "DigitalTwinRequest.__init__": {"executed_lines": [], "summary": {"covered_lines": 0, "num_statements": 4, "percent_covered": 0.0, "percent_covered_display": "0.00", "missing_lines": 4, "excluded_lines": 0, "percent_statements_covered": 0.0, "percent_statements_covered_display": "0.00"}, "missing_lines": [37, 38, 39, 40], "excluded_lines": []}, "OptimizationRequest.__init__": {"executed_lines": [], "summary": {"covered_lines": 0, "num_statements": 4, "percent_covered": 0.0, "percent_covered_display": "0.00", "missing_lines": 4, "excluded_lines": 0, "percent_statements_covered": 0.0, "percent_statements_covered_display": "0.00"}, "missing_lines": [49, 50, 51, 52], "excluded_lines": []}, "create_app": {"executed_lines": [], "summary": {"covered_lines": 0, "num_statements": 20, "percent_covered": 0.0, "percent_covered_display": "0.00", "missing_lines": 20, "excluded_lines": 0, "percent_statements_covered": 0.0, "percent_statements_covered_display": "0.00"}, "missing_lines": [77, 80, 85, 94, 103, 106, 107, 112, 113, 126, 127, 146, 147, 162, 163, 176, 177, 190, 191, 199], "excluded_lines": []}, "create_app.MockApp.__init__": {"executed_lines": [], "summary": {"covered_lines": 0, "num_statements": 3, "percent_covered": 0.0, "percent_covered_display": "0.00", "missing_lines": 3, "excluded_lines": 0, "percent_statements_covered": 0.0, "percent_statements_covered_display": "0.00"}, "missing_lines": [81, 82, 83], "excluded_lines": []}, "create_app.MockApp.get": {"executed_lines": [], "summary": {"covered_lines": 0, "num_statements": 2, "percent_covered": 0.0, "percent_covered_display": "0.00", "missing_lines": 2, "excluded_lines": 0, "percent_statements_covered": 0.0, "percent_statements_covered_display": "0.00"}, "missing_lines": [88, 92], "excluded_lines": []}, "create_app.MockApp.get.decorator": {"executed_lines": [], "summary": {"covered_lines": 0, "num_statements": 2, "percent_covered": 0.0, "percent_covered_display": "0.00", "missing_lines": 2, "excluded_lines": 0, "percent_statements_covered": 0.0, "percent_statements_covered_display": "0.00"}, "missing_lines": [89, 90], "excluded_lines": []}, "create_app.MockApp.post": {"executed_lines": [], "summary": {"covered_lines": 0, "num_statements": 2, "percent_covered": 0.0, "percent_covered_display": "0.00", "missing_lines": 2, "excluded_lines": 0, "percent_statements_covered": 0.0, "percent_statements_covered_display": "0.00"}, "missing_lines": [97, 101], "excluded_lines": []}, "create_app.MockApp.post.decorator": {"executed_lines": [], "summary": {"covered_lines": 0, "num_statements": 2, "percent_covered": 0.0, "percent_covered_display": "0.00", "missing_lines": 2, "excluded_lines": 0, "percent_statements_covered": 0.0, "percent_statements_covered_display": "0.00"}, "missing_lines": [98, 99], "excluded_lines": []}, "create_app.health_check": {"executed_lines": [], "summary": {"covered_lines": 0, "num_statements": 1, "percent_covered": 0.0, "percent_covered_display": "0.00", "missing_lines": 1, "excluded_lines": 0, "percent_statements_covered": 0.0, "percent_statements_covered_display": "0.00"}, "missing_lines": [109], "excluded_lines": []}, "create_app.simulate_circuit": {"executed_lines": [], "summary": {"covered_lines": 0, "num_statements": 2, "percent_covered": 0.0, "percent_covered_display": "0.00", "missing_lines": 2, "excluded_lines": 0, "percent_statements_covered": 0.0, "percent_statements_covered_display": "0.00"}, "missing_lines": [123, 124], "excluded_lines": []}, "create_app.get_simulation_status": {"executed_lines": [], "summary": {"covered_lines": 0, "num_statements": 1, "percent_covered": 0.0, "percent_covered_display": "0.00", "missing_lines": 1, "excluded_lines": 0, "percent_statements_covered": 0.0, "percent_statements_covered_display": "0.00"}, "missing_lines": [136], "excluded_lines": []}, "create_app.create_digital_twin": {"executed_lines": [], "summary": {"covered_lines": 0, "num_statements": 1, "percent_covered": 0.0, "percent_covered_display": "0.00", "missing_lines": 1, "excluded_lines": 0, "percent_statements_covered": 0.0, "percent_statements_covered_display": "0.00"}, "missing_lines": [156], "excluded_lines": []}, "create_app.simulate_digital_twin": {"executed_lines": [], "summary": {"covered_lines": 0, "num_statements": 1, "percent_covered": 0.0, "percent_covered_display": "0.00", "missing_lines": 1, "excluded_lines": 0, "percent_statements_covered": 0.0, "percent_statements_covered_display": "0.00"}, "missing_lines": [173], "excluded_lines": []}, "create_app.run_optimization": {"executed_lines": [], "summary": {"covered_lines": 0, "num_statements": 2, "percent_covered": 0.0, "percent_covered_display": "0.00", "missing_lines": 2, "excluded_lines": 0, "percent_statements_covered": 0.0, "percent_statements_covered_display": "0.00"}, "missing_lines": [186, 187], "excluded_lines": []}, "create_app.get_cluster_status": {"executed_lines": [], "summary": {"covered_lines": 0, "num_statements": 1, "percent_covered": 0.0, "percent_covered_display": "0.00", "missing_lines": 1, "excluded_lines": 0, "percent_statements_covered": 0.0, "percent_statements_covered_display": "0.00"}, "missing_lines": [197], "excluded_lines": []}, "": {"executed_lines": [], "summary": {"covered_lines": 0, "num_statements": 11, "percent_covered": 0.0, "percent_covered_display": "0.00", "missing_lines": 11, "excluded_lines": 0, "percent_statements_covered": 0.0, "percent_statements_covered_display": "0.00"}, "missing_lines": [3, 5, 13, 16, 22, 25, 31, 34, 43, 46, 55], "excluded_lines": []}}, "classes": {"SimulationRequest": {"executed_lines": [], "summary": {"covered_lines": 0, "num_statements": 3, "percent_covered": 0.0, "percent_covered_display": "0.00", "missing_lines": 3, "excluded_lines": 0, "percent_statements_covered": 0.0, "percent_statements_covered_display": "0.00"}, "missing_lines": [17, 18, 19], "excluded_lines": []}, "SimulationResponse": {"executed_lines": [], "summary": {"covered_lines": 0, "num_statements": 3, "percent_covered": 0.0, "percent_covered_display": "0.00", "missing_lines": 3, "excluded_lines": 0, "percent_statements_covered": 0.0, "percent_statements_covered_display": "0.00"}, "missing_lines": [26, 27, 28], "excluded_lines": []}, "DigitalTwinRequest": {"executed_lines": [], "summary": {"covered_lines": 0, "num_statements": 4, "percent_covered": 0.0, "percent_covered_display": "0.00", "missing_lines": 4, "excluded_lines": 0, "percent_statements_covered": 0.0, "percent_statements_covered_display": "0.00"}, "missing_lines": [37, 38, 39, 40], "excluded_lines": []}, "OptimizationRequest": {"executed_lines": [], "summary": {"covered_lines": 0, "num_statements": 4, "percent_covered": 0.0, "percent_covered_display": "0.00", "missing_lines": 4, "excluded_lines": 0, "percent_statements_covered": 0.0, "percent_statements_covered_display": "0.00"}, "missing_lines": [49, 50, 51, 52], "excluded_lines": []}, "create_app.MockApp": {"executed_lines": [], "summary": {"covered_lines": 0, "num_statements": 11, "percent_covered": 0.0, "percent_covered_display": "0.00", "missing_lines": 11, "excluded_lines": 0, "percent_statements_covered": 0.0, "percent_statements_covered_display": "0.00"}, "missing_lines": [81, 82, 83, 88, 89, 90, 92, 97, 98, 99, 101], "excluded_lines": []}, "": {"executed_lines": [], "summary": {"covered_lines": 0, "num_statements": 40, "percent_covered": 0.0, "percent_covered_display": "0.00", "missing_lines": 40, "excluded_lines": 0, "percent_statements_covered": 0.0, "percent_statements_covered_display": "0.00"}, "missing_lines": [3, 5, 13, 16, 22, 25, 31, 34, 43, 46, 55, 77, 80, 85, 94, 103, 106, 107, 109, 112, 113, 123, 124, 126, 127, 136, 146, 147, 156, 162, 163, 173, 176, 177, 186, 187, 190, 191, 197, 199], "excluded_lines": []}}}, "quasim/api/simulate.py": {"executed_lines": [], "summary": {"covered_lines": 0, "num_statements": 36, "percent_covered": 0.0, "percent_covered_display": "0.00", "missing_lines": 36, "excluded_lines": 0, "percent_statements_covered": 0.0, "percent_statements_covered_display": "0.00"}, "missing_lines": [7, 9, 10, 11, 12, 14, 16, 19, 20, 23, 24, 25, 26, 27, 29, 30, 33, 34, 36, 37, 47, 50, 53, 56, 59, 60, 61, 62, 76, 85, 86, 90, 91, 98, 107, 109], "excluded_lines": [], "functions": {"ScenarioResult.simulation_hash": {"executed_lines": [], "summary": {"covered_lines": 0, "num_statements": 2, "percent_covered": 0.0, "percent_covered_display": "0.00", "missing_lines": 2, "excluded_lines": 0, "percent_statements_covered": 0.0, "percent_statements_covered_display": "0.00"}, "missing_lines": [33, 34], "excluded_lines": []}, "ScenarioResult.to_dict": {"executed_lines": [], "summary": {"covered_lines": 0, "num_statements": 1, "percent_covered": 0.0, "percent_covered_display": "0.00", "missing_lines": 1, "excluded_lines": 0, "percent_statements_covered": 0.0, "percent_statements_covered_display": "0.00"}, "missing_lines": [37], "excluded_lines": []}, "register_engine": {"executed_lines": [], "summary": {"covered_lines": 0, "num_statements": 1, "percent_covered": 0.0, "percent_covered_display": "0.00", "missing_lines": 1, "excluded_lines": 0, "percent_statements_covered": 0.0, "percent_statements_covered_display": "0.00"}, "missing_lines": [53], "excluded_lines": []}, "_run_modern_engine": {"executed_lines": [], "summary": {"covered_lines": 0, "num_statements": 4, "percent_covered": 0.0, "percent_covered_display": "0.00", "missing_lines": 4, "excluded_lines": 0, "percent_statements_covered": 0.0, "percent_statements_covered_display": "0.00"}, "missing_lines": [59, 60, 61, 62], "excluded_lines": []}, "run_scenario": {"executed_lines": [], "summary": {"covered_lines": 0, "num_statements": 5, "percent_covered": 0.0, "percent_covered_display": "0.00", "missing_lines": 5, "excluded_lines": 0, "percent_statements_covered": 0.0, "percent_statements_covered_display": "0.00"}, "missing_lines": [85, 86, 90, 91, 98], "excluded_lines": []}, "": {"executed_lines": [], "summary": {"covered_lines": 0, "num_statements": 23, "percent_covered": 0.0, "percent_covered_display": "0.00", "missing_lines": 23, "excluded_lines": 0, "percent_statements_covered": 0.0, "percent_statements_covered_display": "0.00"}, "missing_lines": [7, 9, 10, 11, 12, 14, 16, 19, 20, 23, 24, 25, 26, 27, 29, 30, 36, 47, 50, 56, 76, 107, 109], "excluded_lines": []}}, "classes": {"ScenarioResult": {"executed_lines": [], "summary": {"covered_lines": 0, "num_statements": 3, "percent_covered": 0.0, "percent_covered_display": "0.00", "missing_lines": 3, "excluded_lines": 0, "percent_statements_covered": 0.0, "percent_statements_covered_display": "0.00"}, "missing_lines": [33, 34, 37], "excluded_lines": []}, "": {"executed_lines": [], "summary": {"covered_lines": 0, "num_statements": 33, "percent_covered": 0.0, "percent_covered_display": "0.00", "missing_lines": 33, "excluded_lines": 0, "percent_statements_covered": 0.0, "percent_statements_covered_display": "0.00"}, "missing_lines": [7, 9, 10, 11, 12, 14, 16, 19, 20, 23, 24, 25, 26, 27, 29, 30, 36, 47, 50, 53, 56, 59, 60, 61, 62, 76, 85, 86, 90, 91, 98, 107, 109], "excluded_lines": []}}}, "quasim/audit/__init__.py": {"executed_lines": [], "summary": {"covered_lines": 0, "num_statements": 0, "percent_covered": 100.0, "percent_covered_display": "100.00", "missing_lines": 0, "excluded_lines": 0, "percent_statements_covered": 100.0, "percent_statements_covered_display": "100.00"}, "missing_lines": [], "excluded_lines": [], "functions": {"": {"executed_lines": [], "summary": {"covered_lines": 0, "num_statements": 0, "percent_covered": 100.0, "percent_covered_display": "100.00", "missing_lines": 0, "excluded_lines": 0, "percent_statements_covered": 100.0, "percent_statements_covered_display": "100.00"}, "missing_lines": [], "excluded_lines": []}}, "classes": {"": {"executed_lines": [], "summary": {"covered_lines": 0, "num_statements": 0, "percent_covered": 100.0, "percent_covered_display": "100.00", "missing_lines": 0, "excluded_lines": 0, "percent_statements_covered": 100.0, "percent_statements_covered_display": "100.00"}, "missing_lines": [], "excluded_lines": []}}}, "quasim/audit/log.py": {"executed_lines": [], "summary": {"covered_lines": 0, "num_statements": 51, "percent_covered": 0.0, "percent_covered_display": "0.00", "missing_lines": 51, "excluded_lines": 0, "percent_statements_covered": 0.0, "percent_statements_covered_display": "0.00"}, "missing_lines": [7, 8, 9, 10, 11, 13, 16, 42, 43, 44, 47, 48, 49, 50, 51, 52, 53, 56, 59, 60, 68, 69, 72, 73, 74, 77, 78, 80, 83, 106, 107, 109, 110, 112, 113, 115, 116, 117, 120, 121, 124, 125, 126, 129, 130, 131, 133, 134, 136, 137, 139], "excluded_lines": [], "functions": {"audit_event": {"executed_lines": [], "summary": {"covered_lines": 0, "num_statements": 21, "percent_covered": 0.0, "percent_covered_display": "0.00", "missing_lines": 21, "excluded_lines": 0, "percent_statements_covered": 0.0, "percent_statements_covered_display": "0.00"}, "missing_lines": [42, 43, 44, 47, 48, 49, 50, 51, 52, 53, 56, 59, 60, 68, 69, 72, 73, 74, 77, 78, 80], "excluded_lines": []}, "verify_audit_chain": {"executed_lines": [], "summary": {"covered_lines": 0, "num_statements": 22, "percent_covered": 0.0, "percent_covered_display": "0.00", "missing_lines": 22, "excluded_lines": 0, "percent_statements_covered": 0.0, "percent_statements_covered_display": "0.00"}, "missing_lines": [106, 107, 109, 110, 112, 113, 115, 116, 117, 120, 121, 124, 125, 126, 129, 130, 131, 133, 134, 136, 137, 139], "excluded_lines": []}, "": {"executed_lines": [], "summary": {"covered_lines": 0, "num_statements": 8, "percent_covered": 0.0, "percent_covered_display": "0.00", "missing_lines": 8, "excluded_lines": 0, "percent_statements_covered": 0.0, "percent_statements_covered_display": "0.00"}, "missing_lines": [7, 8, 9, 10, 11, 13, 16, 83], "excluded_lines": []}}, "classes": {"": {"executed_lines": [], "summary": {"covered_lines": 0, "num_statements": 51, "percent_covered": 0.0, "percent_covered_display": "0.00", "missing_lines": 51, "excluded_lines": 0, "percent_statements_covered": 0.0, "percent_statements_covered_display": "0.00"}, "missing_lines": [7, 8, 9, 10, 11, 13, 16, 42, 43, 44, 47, 48, 49, 50, 51, 52, 53, 56, 59, 60, 68, 69, 72, 73, 74, 77, 78, 80, 83, 106, 107, 109, 110, 112, 113, 115, 116, 117, 120, 121, 124, 125, 126, 129, 130, 131, 133, 134, 136, 137, 139], "excluded_lines": []}}}, "quasim/audit/run.py": {"executed_lines": [], "summary": {"covered_lines": 0, "num_statements": 218, "percent_covered": 0.0, "percent_covered_display": "0.00", "missing_lines": 218, "excluded_lines": 0, "percent_statements_covered": 0.0, "percent_statements_covered_display": "0.00"}, "missing_lines": [7, 8, 9, 10, 11, 12, 13, 15, 18, 21, 44, 45, 46, 47, 48, 51, 54, 62, 63, 65, 67, 68, 71, 72, 78, 79, 80, 81, 88, 89, 90, 97, 100, 101, 105, 111, 112, 113, 114, 115, 122, 123, 124, 125, 126, 134, 135, 143, 145, 146, 149, 151, 157, 158, 159, 160, 161, 162, 169, 170, 171, 172, 173, 182, 189, 190, 191, 197, 198, 199, 200, 207, 208, 210, 211, 221, 223, 224, 227, 233, 234, 235, 236, 237, 244, 247, 248, 249, 256, 259, 260, 261, 269, 270, 272, 273, 284, 286, 287, 290, 291, 292, 299, 300, 303, 304, 306, 315, 316, 324, 325, 326, 327, 328, 329, 337, 338, 339, 346, 347, 354, 356, 358, 366, 368, 369, 372, 376, 377, 378, 379, 381, 382, 390, 397, 399, 400, 408, 410, 411, 414, 421, 422, 423, 430, 433, 434, 441, 444, 445, 446, 447, 455, 462, 464, 465, 473, 481, 482, 483, 486, 495, 496, 497, 498, 499, 500, 501, 502, 505, 508, 509, 510, 512, 513, 514, 515, 516, 519, 528, 530, 532, 535, 536, 539, 540, 541, 542, 543, 545, 548, 549, 550, 551, 552, 561, 562, 563, 564, 567, 568, 573, 574, 578, 615, 617, 618, 623, 630, 632, 633, 634, 636, 637, 640, 641, 644, 645], "excluded_lines": [], "functions": {"AuditResult.__init__": {"executed_lines": [], "summary": {"covered_lines": 0, "num_statements": 5, "percent_covered": 0.0, "percent_covered_display": "0.00", "missing_lines": 5, "excluded_lines": 0, "percent_statements_covered": 0.0, "percent_statements_covered_display": "0.00"}, "missing_lines": [44, 45, 46, 47, 48], "excluded_lines": []}, "RepositoryAuditor.__init__": {"executed_lines": [], "summary": {"covered_lines": 0, "num_statements": 2, "percent_covered": 0.0, "percent_covered_display": "0.00", "missing_lines": 2, "excluded_lines": 0, "percent_statements_covered": 0.0, "percent_statements_covered_display": "0.00"}, "missing_lines": [62, 63], "excluded_lines": []}, "RepositoryAuditor.run_code_quality_check": {"executed_lines": [], "summary": {"covered_lines": 0, "num_statements": 27, "percent_covered": 0.0, "percent_covered_display": "0.00", "missing_lines": 27, "excluded_lines": 0, "percent_statements_covered": 0.0, "percent_statements_covered_display": "0.00"}, "missing_lines": [67, 68, 71, 72, 78, 79, 80, 81, 88, 89, 90, 97, 100, 101, 105, 111, 112, 113, 114, 115, 122, 123, 124, 125, 126, 134, 135], "excluded_lines": []}, "RepositoryAuditor.run_security_check": {"executed_lines": [], "summary": {"covered_lines": 0, "num_statements": 27, "percent_covered": 0.0, "percent_covered_display": "0.00", "missing_lines": 27, "excluded_lines": 0, "percent_statements_covered": 0.0, "percent_statements_covered_display": "0.00"}, "missing_lines": [145, 146, 149, 151, 157, 158, 159, 160, 161, 162, 169, 170, 171, 172, 173, 182, 189, 190, 191, 197, 198, 199, 200, 207, 208, 210, 211], "excluded_lines": []}, "RepositoryAuditor.run_compliance_check": {"executed_lines": [], "summary": {"covered_lines": 0, "num_statements": 20, "percent_covered": 0.0, "percent_covered_display": "0.00", "missing_lines": 20, "excluded_lines": 0, "percent_statements_covered": 0.0, "percent_statements_covered_display": "0.00"}, "missing_lines": [223, 224, 227, 233, 234, 235, 236, 237, 244, 247, 248, 249, 256, 259, 260, 261, 269, 270, 272, 273], "excluded_lines": []}, "RepositoryAuditor.run_test_coverage_check": {"executed_lines": [], "summary": {"covered_lines": 0, "num_statements": 26, "percent_covered": 0.0, "percent_covered_display": "0.00", "missing_lines": 26, "excluded_lines": 0, "percent_statements_covered": 0.0, "percent_statements_covered_display": "0.00"}, "missing_lines": [286, 287, 290, 291, 292, 299, 300, 303, 304, 306, 315, 316, 324, 325, 326, 327, 328, 329, 337, 338, 339, 346, 347, 354, 356, 358], "excluded_lines": []}, "RepositoryAuditor.run_performance_check": {"executed_lines": [], "summary": {"covered_lines": 0, "num_statements": 13, "percent_covered": 0.0, "percent_covered_display": "0.00", "missing_lines": 13, "excluded_lines": 0, "percent_statements_covered": 0.0, "percent_statements_covered_display": "0.00"}, "missing_lines": [368, 369, 372, 376, 377, 378, 379, 381, 382, 390, 397, 399, 400], "excluded_lines": []}, "RepositoryAuditor.run_documentation_check": {"executed_lines": [], "summary": {"covered_lines": 0, "num_statements": 18, "percent_covered": 0.0, "percent_covered_display": "0.00", "missing_lines": 18, "excluded_lines": 0, "percent_statements_covered": 0.0, "percent_statements_covered_display": "0.00"}, "missing_lines": [410, 411, 414, 421, 422, 423, 430, 433, 434, 441, 444, 445, 446, 447, 455, 462, 464, 465], "excluded_lines": []}, "RepositoryAuditor.run_full_audit": {"executed_lines": [], "summary": {"covered_lines": 0, "num_statements": 23, "percent_covered": 0.0, "percent_covered_display": "0.00", "missing_lines": 23, "excluded_lines": 0, "percent_statements_covered": 0.0, "percent_statements_covered_display": "0.00"}, "missing_lines": [481, 482, 483, 486, 495, 496, 497, 498, 499, 500, 501, 502, 505, 508, 509, 510, 512, 513, 514, 515, 516, 519, 528], "excluded_lines": []}, "RepositoryAuditor._generate_summary": {"executed_lines": [], "summary": {"covered_lines": 0, "num_statements": 23, "percent_covered": 0.0, "percent_covered_display": "0.00", "missing_lines": 23, "excluded_lines": 0, "percent_statements_covered": 0.0, "percent_statements_covered_display": "0.00"}, "missing_lines": [532, 535, 536, 539, 540, 541, 542, 543, 545, 548, 549, 550, 551, 552, 561, 562, 563, 564, 567, 568, 573, 574, 578], "excluded_lines": []}, "main": {"executed_lines": [], "summary": {"covered_lines": 0, "num_statements": 11, "percent_covered": 0.0, "percent_covered_display": "0.00", "missing_lines": 11, "excluded_lines": 0, "percent_statements_covered": 0.0, "percent_statements_covered_display": "0.00"}, "missing_lines": [617, 618, 623, 630, 632, 633, 634, 636, 637, 640, 641], "excluded_lines": []}, "": {"executed_lines": [], "summary": {"covered_lines": 0, "num_statements": 23, "percent_covered": 0.0, "percent_covered_display": "0.00", "missing_lines": 23, "excluded_lines": 0, "percent_statements_covered": 0.0, "percent_statements_covered_display": "0.00"}, "missing_lines": [7, 8, 9, 10, 11, 12, 13, 15, 18, 21, 51, 54, 65, 143, 221, 284, 366, 408, 473, 530, 615, 644, 645], "excluded_lines": []}}, "classes": {"AuditResult": {"executed_lines": [], "summary": {"covered_lines": 0, "num_statements": 5, "percent_covered": 0.0, "percent_covered_display": "0.00", "missing_lines": 5, "excluded_lines": 0, "percent_statements_covered": 0.0, "percent_statements_covered_display": "0.00"}, "missing_lines": [44, 45, 46, 47, 48], "excluded_lines": []}, "RepositoryAuditor": {"executed_lines": [], "summary": {"covered_lines": 0, "num_statements": 179, "percent_covered": 0.0, "percent_covered_display": "0.00", "missing_lines": 179, "excluded_lines": 0, "percent_statements_covered": 0.0, "percent_statements_covered_display": "0.00"}, "missing_lines": [62, 63, 67, 68, 71, 72, 78, 79, 80, 81, 88, 89, 90, 97, 100, 101, 105, 111, 112, 113, 114, 115, 122, 123, 124, 125, 126, 134, 135, 145, 146, 149, 151, 157, 158, 159, 160, 161, 162, 169, 170, 171, 172, 173, 182, 189, 190, 191, 197, 198, 199, 200, 207, 208, 210, 211, 223, 224, 227, 233, 234, 235, 236, 237, 244, 247, 248, 249, 256, 259, 260, 261, 269, 270, 272, 273, 286, 287, 290, 291, 292, 299, 300, 303, 304, 306, 315, 316, 324, 325, 326, 327, 328, 329, 337, 338, 339, 346, 347, 354, 356, 358, 368, 369, 372, 376, 377, 378, 379, 381, 382, 390, 397, 399, 400, 410, 411, 414, 421, 422, 423, 430, 433, 434, 441, 444, 445, 446, 447, 455, 462, 464, 465, 481, 482, 483, 486, 495, 496, 497, 498, 499, 500, 501, 502, 505, 508, 509, 510, 512, 513, 514, 515, 516, 519, 528, 532, 535, 536, 539, 540, 541, 542, 543, 545, 548, 549, 550, 551, 552, 561, 562, 563, 564, 567, 568, 573, 574, 578], "excluded_lines": []}, "": {"executed_lines": [], "summary": {"covered_lines": 0, "num_statements": 34, "percent_covered": 0.0, "percent_covered_display": "0.00", "missing_lines": 34, "excluded_lines": 0, "percent_statements_covered": 0.0, "percent_statements_covered_display": "0.00"}, "missing_lines": [7, 8, 9, 10, 11, 12, 13, 15, 18, 21, 51, 54, 65, 143, 221, 284, 366, 408, 473, 530, 615, 617, 618, 623, 630, 632, 633, 634, 636, 637, 640, 641, 644, 645], "excluded_lines": []}}}, "quasim/baselines/__init__.py": {"executed_lines": [], "summary": {"covered_lines": 0, "num_statements": 2, "percent_covered": 0.0, "percent_covered_display": "0.00", "missing_lines": 2, "excluded_lines": 0, "percent_statements_covered": 0.0, "percent_statements_covered_display": "0.00"}, "missing_lines": [3, 5], "excluded_lines": [], "functions": {"": {"executed_lines": [], "summary": {"covered_lines": 0, "num_statements": 2, "percent_covered": 0.0, "percent_covered_display": "0.00", "missing_lines": 2, "excluded_lines": 0, "percent_statements_covered": 0.0, "percent_statements_covered_display": "0.00"}, "missing_lines": [3, 5], "excluded_lines": []}}, "classes": {"": {"executed_lines": [], "summary": {"covered_lines": 0, "num_statements": 2, "percent_covered": 0.0, "percent_covered_display": "0.00", "missing_lines": 2, "excluded_lines": 0, "percent_statements_covered": 0.0, "percent_statements_covered_display": "0.00"}, "missing_lines": [3, 5], "excluded_lines": []}}}, "quasim/baselines/sklearn_models.py": {"executed_lines": [], "summary": {"covered_lines": 0, "num_statements": 21, "percent_covered": 0.0, "percent_covered_display": "0.00", "missing_lines": 21, "excluded_lines": 0, "percent_statements_covered": 0.0, "percent_statements_covered_display": "0.00"}, "missing_lines": [3, 4, 5, 7, 10, 23, 24, 31, 44, 45, 52, 65, 66, 72, 87, 88, 96, 111, 112, 120, 128], "excluded_lines": [], "functions": {"get_logistic_regression": {"executed_lines": [], "summary": {"covered_lines": 0, "num_statements": 2, "percent_covered": 0.0, "percent_covered_display": "0.00", "missing_lines": 2, "excluded_lines": 0, "percent_statements_covered": 0.0, "percent_statements_covered_display": "0.00"}, "missing_lines": [23, 24], "excluded_lines": []}, "get_linear_svc": {"executed_lines": [], "summary": {"covered_lines": 0, "num_statements": 2, "percent_covered": 0.0, "percent_covered_display": "0.00", "missing_lines": 2, "excluded_lines": 0, "percent_statements_covered": 0.0, "percent_statements_covered_display": "0.00"}, "missing_lines": [44, 45], "excluded_lines": []}, "get_linear_svr": {"executed_lines": [], "summary": {"covered_lines": 0, "num_statements": 2, "percent_covered": 0.0, "percent_covered_display": "0.00", "missing_lines": 2, "excluded_lines": 0, "percent_statements_covered": 0.0, "percent_statements_covered_display": "0.00"}, "missing_lines": [65, 66], "excluded_lines": []}, "get_random_forest_classifier": {"executed_lines": [], "summary": {"covered_lines": 0, "num_statements": 2, "percent_covered": 0.0, "percent_covered_display": "0.00", "missing_lines": 2, "excluded_lines": 0, "percent_statements_covered": 0.0, "percent_statements_covered_display": "0.00"}, "missing_lines": [87, 88], "excluded_lines": []}, "get_random_forest_regressor": {"executed_lines": [], "summary": {"covered_lines": 0, "num_statements": 2, "percent_covered": 0.0, "percent_covered_display": "0.00", "missing_lines": 2, "excluded_lines": 0, "percent_statements_covered": 0.0, "percent_statements_covered_display": "0.00"}, "missing_lines": [111, 112], "excluded_lines": []}, "get_linear_regression": {"executed_lines": [], "summary": {"covered_lines": 0, "num_statements": 1, "percent_covered": 0.0, "percent_covered_display": "0.00", "missing_lines": 1, "excluded_lines": 0, "percent_statements_covered": 0.0, "percent_statements_covered_display": "0.00"}, "missing_lines": [128], "excluded_lines": []}, "": {"executed_lines": [], "summary": {"covered_lines": 0, "num_statements": 10, "percent_covered": 0.0, "percent_covered_display": "0.00", "missing_lines": 10, "excluded_lines": 0, "percent_statements_covered": 0.0, "percent_statements_covered_display": "0.00"}, "missing_lines": [3, 4, 5, 7, 10, 31, 52, 72, 96, 120], "excluded_lines": []}}, "classes": {"": {"executed_lines": [], "summary": {"covered_lines": 0, "num_statements": 21, "percent_covered": 0.0, "percent_covered_display": "0.00", "missing_lines": 21, "excluded_lines": 0, "percent_statements_covered": 0.0, "percent_statements_covered_display": "0.00"}, "missing_lines": [3, 4, 5, 7, 10, 23, 24, 31, 44, 45, 52, 65, 66, 72, 87, 88, 96, 111, 112, 120, 128], "excluded_lines": []}}}, "quasim/baselines/xgboost_lightgbm.py": {"executed_lines": [], "summary": {"covered_lines": 0, "num_statements": 29, "percent_covered": 0.0, "percent_covered_display": "0.00", "missing_lines": 29, "excluded_lines": 0, "percent_statements_covered": 0.0, "percent_statements_covered_display": "0.00"}, "missing_lines": [3, 6, 21, 22, 24, 25, 33, 34, 37, 52, 53, 55, 56, 64, 65, 68, 83, 84, 86, 87, 96, 97, 100, 115, 116, 118, 119, 128, 129], "excluded_lines": [], "functions": {"get_xgboost_classifier": {"executed_lines": [], "summary": {"covered_lines": 0, "num_statements": 6, "percent_covered": 0.0, "percent_covered_display": "0.00", "missing_lines": 6, "excluded_lines": 0, "percent_statements_covered": 0.0, "percent_statements_covered_display": "0.00"}, "missing_lines": [21, 22, 24, 25, 33, 34], "excluded_lines": []}, "get_xgboost_regressor": {"executed_lines": [], "summary": {"covered_lines": 0, "num_statements": 6, "percent_covered": 0.0, "percent_covered_display": "0.00", "missing_lines": 6, "excluded_lines": 0, "percent_statements_covered": 0.0, "percent_statements_covered_display": "0.00"}, "missing_lines": [52, 53, 55, 56, 64, 65], "excluded_lines": []}, "get_lightgbm_classifier": {"executed_lines": [], "summary": {"covered_lines": 0, "num_statements": 6, "percent_covered": 0.0, "percent_covered_display": "0.00", "missing_lines": 6, "excluded_lines": 0, "percent_statements_covered": 0.0, "percent_statements_covered_display": "0.00"}, "missing_lines": [83, 84, 86, 87, 96, 97], "excluded_lines": []}, "get_lightgbm_regressor": {"executed_lines": [], "summary": {"covered_lines": 0, "num_statements": 6, "percent_covered": 0.0, "percent_covered_display": "0.00", "missing_lines": 6, "excluded_lines": 0, "percent_statements_covered": 0.0, "percent_statements_covered_display": "0.00"}, "missing_lines": [115, 116, 118, 119, 128, 129], "excluded_lines": []}, "": {"executed_lines": [], "summary": {"covered_lines": 0, "num_statements": 5, "percent_covered": 0.0, "percent_covered_display": "0.00", "missing_lines": 5, "excluded_lines": 0, "percent_statements_covered": 0.0, "percent_statements_covered_display": "0.00"}, "missing_lines": [3, 6, 37, 68, 100], "excluded_lines": []}}, "classes": {"": {"executed_lines": [], "summary": {"covered_lines": 0, "num_statements": 29, "percent_covered": 0.0, "percent_covered_display": "0.00", "missing_lines": 29, "excluded_lines": 0, "percent_statements_covered": 0.0, "percent_statements_covered_display": "0.00"}, "missing_lines": [3, 6, 21, 22, 24, 25, 33, 34, 37, 52, 53, 55, 56, 64, 65, 68, 83, 84, 86, 87, 96, 97, 100, 115, 116, 118, 119, 128, 129], "excluded_lines": []}}}, "quasim/cli/__init__.py": {"executed_lines": [], "summary": {"covered_lines": 0, "num_statements": 2, "percent_covered": 0.0, "percent_covered_display": "0.00", "missing_lines": 2, "excluded_lines": 0, "percent_statements_covered": 0.0, "percent_statements_covered_display": "0.00"}, "missing_lines": [3, 5], "excluded_lines": [], "functions": {"": {"executed_lines": [], "summary": {"covered_lines": 0, "num_statements": 2, "percent_covered": 0.0, "percent_covered_display": "0.00", "missing_lines": 2, "excluded_lines": 0, "percent_statements_covered": 0.0, "percent_statements_covered_display": "0.00"}, "missing_lines": [3, 5], "excluded_lines": []}}, "classes": {"": {"executed_lines": [], "summary": {"covered_lines": 0, "num_statements": 2, "percent_covered": 0.0, "percent_covered_display": "0.00", "missing_lines": 2, "excluded_lines": 0, "percent_statements_covered": 0.0, "percent_statements_covered_display": "0.00"}, "missing_lines": [3, 5], "excluded_lines": []}}}, "quasim/cli/main.py": {"executed_lines": [], "summary": {"covered_lines": 0, "num_statements": 149, "percent_covered": 0.0, "percent_covered_display": "0.00", "missing_lines": 149, "excluded_lines": 0, "percent_statements_covered": 0.0, "percent_statements_covered_display": "0.00"}, "missing_lines": [4, 5, 6, 7, 9, 12, 13, 14, 20, 23, 24, 25, 32, 64, 65, 67, 68, 69, 70, 71, 72, 73, 74, 75, 76, 77, 78, 79, 80, 83, 84, 89, 90, 91, 98, 101, 122, 123, 124, 125, 127, 139, 140, 154, 155, 156, 158, 159, 160, 161, 162, 163, 166, 167, 168, 171, 172, 178, 180, 181, 182, 184, 185, 187, 188, 189, 190, 196, 197, 198, 200, 201, 202, 203, 205, 206, 207, 208, 209, 211, 213, 214, 215, 216, 217, 219, 220, 221, 222, 223, 224, 225, 227, 228, 229, 230, 235, 236, 237, 240, 241, 242, 249, 250, 251, 252, 253, 256, 274, 275, 276, 277, 278, 279, 280, 281, 283, 285, 288, 289, 290, 292, 293, 298, 306, 307, 310, 311, 312, 313, 319, 320, 321, 323, 324, 325, 327, 328, 330, 331, 332, 333, 334, 336, 337, 339, 340, 343, 344], "excluded_lines": [], "functions": {"main": {"executed_lines": [], "summary": {"covered_lines": 0, "num_statements": 1, "percent_covered": 0.0, "percent_covered_display": "0.00", "missing_lines": 1, "excluded_lines": 0, "percent_statements_covered": 0.0, "percent_statements_covered_display": "0.00"}, "missing_lines": [20], "excluded_lines": []}, "discover": {"executed_lines": [], "summary": {"covered_lines": 0, "num_statements": 17, "percent_covered": 0.0, "percent_covered_display": "0.00", "missing_lines": 17, "excluded_lines": 0, "percent_statements_covered": 0.0, "percent_statements_covered_display": "0.00"}, "missing_lines": [32, 64, 65, 67, 68, 69, 70, 71, 72, 73, 74, 75, 76, 77, 78, 79, 80], "excluded_lines": []}, "plan": {"executed_lines": [], "summary": {"covered_lines": 0, "num_statements": 18, "percent_covered": 0.0, "percent_covered_display": "0.00", "missing_lines": 18, "excluded_lines": 0, "percent_statements_covered": 0.0, "percent_statements_covered_display": "0.00"}, "missing_lines": [98, 101, 122, 123, 124, 125, 127, 139, 140, 154, 155, 156, 158, 159, 160, 161, 162, 163], "excluded_lines": []}, "apply": {"executed_lines": [], "summary": {"covered_lines": 0, "num_statements": 39, "percent_covered": 0.0, "percent_covered_display": "0.00", "missing_lines": 39, "excluded_lines": 0, "percent_statements_covered": 0.0, "percent_statements_covered_display": "0.00"}, "missing_lines": [178, 180, 181, 182, 184, 185, 187, 188, 189, 190, 196, 197, 198, 200, 201, 202, 203, 205, 206, 207, 208, 209, 211, 213, 214, 215, 216, 217, 219, 220, 221, 222, 223, 224, 225, 227, 228, 229, 230], "excluded_lines": []}, "calibrate": {"executed_lines": [], "summary": {"covered_lines": 0, "num_statements": 24, "percent_covered": 0.0, "percent_covered_display": "0.00", "missing_lines": 24, "excluded_lines": 0, "percent_statements_covered": 0.0, "percent_statements_covered_display": "0.00"}, "missing_lines": [249, 250, 251, 252, 253, 256, 274, 275, 276, 277, 278, 279, 280, 281, 283, 285, 288, 289, 290, 292, 293, 298, 306, 307], "excluded_lines": []}, "stop": {"executed_lines": [], "summary": {"covered_lines": 0, "num_statements": 17, "percent_covered": 0.0, "percent_covered_display": "0.00", "missing_lines": 17, "excluded_lines": 0, "percent_statements_covered": 0.0, "percent_statements_covered_display": "0.00"}, "missing_lines": [319, 320, 321, 323, 324, 325, 327, 328, 330, 331, 332, 333, 334, 336, 337, 339, 340], "excluded_lines": []}, "": {"executed_lines": [], "summary": {"covered_lines": 0, "num_statements": 33, "percent_covered": 0.0, "percent_covered_display": "0.00", "missing_lines": 33, "excluded_lines": 0, "percent_statements_covered": 0.0, "percent_statements_covered_display": "0.00"}, "missing_lines": [4, 5, 6, 7, 9, 12, 13, 14, 23, 24, 25, 83, 84, 89, 90, 91, 166, 167, 168, 171, 172, 235, 236, 237, 240, 241, 242, 310, 311, 312, 313, 343, 344], "excluded_lines": []}}, "classes": {"": {"executed_lines": [], "summary": {"covered_lines": 0, "num_statements": 149, "percent_covered": 0.0, "percent_covered_display": "0.00", "missing_lines": 149, "excluded_lines": 0, "percent_statements_covered": 0.0, "percent_statements_covered_display": "0.00"}, "missing_lines": [4, 5, 6, 7, 9, 12, 13, 14, 20, 23, 24, 25, 32, 64, 65, 67, 68, 69, 70, 71, 72, 73, 74, 75, 76, 77, 78, 79, 80, 83, 84, 89, 90, 91, 98, 101, 122, 123, 124, 125, 127, 139, 140, 154, 155, 156, 158, 159, 160, 161, 162, 163, 166, 167, 168, 171, 172, 178, 180, 181, 182, 184, 185, 187, 188, 189, 190, 196, 197, 198, 200, 201, 202, 203, 205, 206, 207, 208, 209, 211, 213, 214, 215, 216, 217, 219, 220, 221, 222, 223, 224, 225, 227, 228, 229, 230, 235, 236, 237, 240, 241, 242, 249, 250, 251, 252, 253, 256, 274, 275, 276, 277, 278, 279, 280, 281, 283, 285, 288, 289, 290, 292, 293, 298, 306, 307, 310, 311, 312, 313, 319, 320, 321, 323, 324, 325, 327, 328, 330, 331, 332, 333, 334, 336, 337, 339, 340, 343, 344], "excluded_lines": []}}}, "quasim/cli/qgh_cli.py": {"executed_lines": [], "summary": {"covered_lines": 0, "num_statements": 78, "percent_covered": 0.0, "percent_covered_display": "0.00", "missing_lines": 78, "excluded_lines": 0, "percent_statements_covered": 0.0, "percent_statements_covered_display": "0.00"}, "missing_lines": [4, 5, 7, 8, 10, 18, 21, 22, 23, 29, 32, 33, 41, 42, 58, 60, 61, 70, 78, 79, 81, 83, 84, 85, 86, 88, 89, 92, 93, 95, 96, 97, 100, 101, 102, 103, 104, 110, 112, 113, 114, 115, 116, 118, 121, 122, 124, 125, 127, 128, 129, 130, 133, 134, 135, 136, 137, 143, 145, 147, 148, 151, 152, 153, 154, 156, 159, 160, 163, 165, 166, 167, 170, 171, 172, 173, 176, 177], "excluded_lines": [], "functions": {"cli": {"executed_lines": [], "summary": {"covered_lines": 0, "num_statements": 1, "percent_covered": 0.0, "percent_covered_display": "0.00", "missing_lines": 1, "excluded_lines": 0, "percent_statements_covered": 0.0, "percent_statements_covered_display": "0.00"}, "missing_lines": [29], "excluded_lines": []}, "demo": {"executed_lines": [], "summary": {"covered_lines": 0, "num_statements": 18, "percent_covered": 0.0, "percent_covered_display": "0.00", "missing_lines": 18, "excluded_lines": 0, "percent_statements_covered": 0.0, "percent_statements_covered_display": "0.00"}, "missing_lines": [58, 60, 61, 70, 78, 79, 81, 83, 84, 85, 86, 88, 89, 92, 93, 95, 96, 97], "excluded_lines": []}, "resolve": {"executed_lines": [], "summary": {"covered_lines": 0, "num_statements": 14, "percent_covered": 0.0, "percent_covered_display": "0.00", "missing_lines": 14, "excluded_lines": 0, "percent_statements_covered": 0.0, "percent_statements_covered_display": "0.00"}, "missing_lines": [110, 112, 113, 114, 115, 116, 118, 121, 124, 125, 127, 128, 129, 130], "excluded_lines": []}, "resolve.normalize": {"executed_lines": [], "summary": {"covered_lines": 0, "num_statements": 1, "percent_covered": 0.0, "percent_covered_display": "0.00", "missing_lines": 1, "excluded_lines": 0, "percent_statements_covered": 0.0, "percent_statements_covered_display": "0.00"}, "missing_lines": [122], "excluded_lines": []}, "monitor": {"executed_lines": [], "summary": {"covered_lines": 0, "num_statements": 19, "percent_covered": 0.0, "percent_covered_display": "0.00", "missing_lines": 19, "excluded_lines": 0, "percent_statements_covered": 0.0, "percent_statements_covered_display": "0.00"}, "missing_lines": [143, 145, 147, 148, 151, 152, 153, 154, 156, 159, 160, 163, 165, 166, 167, 170, 171, 172, 173], "excluded_lines": []}, "": {"executed_lines": [], "summary": {"covered_lines": 0, "num_statements": 25, "percent_covered": 0.0, "percent_covered_display": "0.00", "missing_lines": 25, "excluded_lines": 0, "percent_statements_covered": 0.0, "percent_statements_covered_display": "0.00"}, "missing_lines": [4, 5, 7, 8, 10, 18, 21, 22, 23, 32, 33, 41, 42, 100, 101, 102, 103, 104, 133, 134, 135, 136, 137, 176, 177], "excluded_lines": []}}, "classes": {"": {"executed_lines": [], "summary": {"covered_lines": 0, "num_statements": 78, "percent_covered": 0.0, "percent_covered_display": "0.00", "missing_lines": 78, "excluded_lines": 0, "percent_statements_covered": 0.0, "percent_statements_covered_display": "0.00"}, "missing_lines": [4, 5, 7, 8, 10, 18, 21, 22, 23, 29, 32, 33, 41, 42, 58, 60, 61, 70, 78, 79, 81, 83, 84, 85, 86, 88, 89, 92, 93, 95, 96, 97, 100, 101, 102, 103, 104, 110, 112, 113, 114, 115, 116, 118, 121, 122, 124, 125, 127, 128, 129, 130, 133, 134, 135, 136, 137, 143, 145, 147, 148, 151, 152, 153, 154, 156, 159, 160, 163, 165, 166, 167, 170, 171, 172, 173, 176, 177], "excluded_lines": []}}}, "quasim/cli/quasim_own.py": {"executed_lines": [], "summary": {"covered_lines": 0, "num_statements": 131, "percent_covered": 0.0, "percent_covered_display": "0.00", "missing_lines": 131, "excluded_lines": 0, "percent_statements_covered": 0.0, "percent_statements_covered_display": "0.00"}, "missing_lines": [3, 4, 5, 7, 9, 10, 11, 16, 17, 18, 24, 25, 27, 30, 31, 32, 33, 34, 35, 36, 38, 40, 41, 42, 44, 45, 48, 49, 50, 65, 66, 67, 76, 77, 78, 80, 81, 82, 85, 86, 87, 88, 90, 92, 93, 94, 96, 97, 98, 99, 101, 102, 104, 105, 106, 107, 108, 111, 112, 113, 114, 115, 116, 118, 120, 121, 123, 125, 127, 128, 129, 132, 133, 135, 138, 139, 140, 143, 144, 145, 148, 149, 150, 153, 154, 155, 156, 159, 160, 161, 162, 163, 165, 166, 167, 170, 171, 172, 173, 174, 176, 179, 180, 182, 183, 184, 186, 187, 189, 190, 192, 193, 195, 198, 199, 200, 201, 203, 204, 206, 207, 208, 210, 211, 214, 216, 231, 232, 234, 237, 238], "excluded_lines": [], "functions": {"cli": {"executed_lines": [], "summary": {"covered_lines": 0, "num_statements": 1, "percent_covered": 0.0, "percent_covered_display": "0.00", "missing_lines": 1, "excluded_lines": 0, "percent_statements_covered": 0.0, "percent_statements_covered_display": "0.00"}, "missing_lines": [27], "excluded_lines": []}, "train": {"executed_lines": [], "summary": {"covered_lines": 0, "num_statements": 18, "percent_covered": 0.0, "percent_covered_display": "0.00", "missing_lines": 18, "excluded_lines": 0, "percent_statements_covered": 0.0, "percent_statements_covered_display": "0.00"}, "missing_lines": [38, 40, 41, 42, 44, 45, 48, 49, 50, 65, 66, 67, 76, 77, 78, 80, 81, 82], "excluded_lines": []}, "eval": {"executed_lines": [], "summary": {"covered_lines": 0, "num_statements": 15, "percent_covered": 0.0, "percent_covered_display": "0.00", "missing_lines": 15, "excluded_lines": 0, "percent_statements_covered": 0.0, "percent_statements_covered_display": "0.00"}, "missing_lines": [90, 92, 93, 94, 96, 97, 98, 99, 101, 102, 104, 105, 106, 107, 108], "excluded_lines": []}, "benchmark": {"executed_lines": [], "summary": {"covered_lines": 0, "num_statements": 32, "percent_covered": 0.0, "percent_covered_display": "0.00", "missing_lines": 32, "excluded_lines": 0, "percent_statements_covered": 0.0, "percent_statements_covered_display": "0.00"}, "missing_lines": [118, 120, 121, 123, 125, 127, 128, 129, 132, 133, 135, 138, 139, 140, 143, 144, 145, 148, 149, 150, 153, 154, 155, 156, 159, 160, 161, 162, 163, 165, 166, 167], "excluded_lines": []}, "export": {"executed_lines": [], "summary": {"covered_lines": 0, "num_statements": 13, "percent_covered": 0.0, "percent_covered_display": "0.00", "missing_lines": 13, "excluded_lines": 0, "percent_statements_covered": 0.0, "percent_statements_covered_display": "0.00"}, "missing_lines": [176, 179, 180, 182, 183, 184, 186, 187, 189, 190, 192, 193, 195], "excluded_lines": []}, "modelcard": {"executed_lines": [], "summary": {"covered_lines": 0, "num_statements": 12, "percent_covered": 0.0, "percent_covered_display": "0.00", "missing_lines": 12, "excluded_lines": 0, "percent_statements_covered": 0.0, "percent_statements_covered_display": "0.00"}, "missing_lines": [203, 204, 206, 207, 208, 210, 211, 214, 216, 231, 232, 234], "excluded_lines": []}, "": {"executed_lines": [], "summary": {"covered_lines": 0, "num_statements": 40, "percent_covered": 0.0, "percent_covered_display": "0.00", "missing_lines": 40, "excluded_lines": 0, "percent_statements_covered": 0.0, "percent_statements_covered_display": "0.00"}, "missing_lines": [3, 4, 5, 7, 9, 10, 11, 16, 17, 18, 24, 25, 30, 31, 32, 33, 34, 35, 36, 85, 86, 87, 88, 111, 112, 113, 114, 115, 116, 170, 171, 172, 173, 174, 198, 199, 200, 201, 237, 238], "excluded_lines": []}}, "classes": {"": {"executed_lines": [], "summary": {"covered_lines": 0, "num_statements": 131, "percent_covered": 0.0, "percent_covered_display": "0.00", "missing_lines": 131, "excluded_lines": 0, "percent_statements_covered": 0.0, "percent_statements_covered_display": "0.00"}, "missing_lines": [3, 4, 5, 7, 9, 10, 11, 16, 17, 18, 24, 25, 27, 30, 31, 32, 33, 34, 35, 36, 38, 40, 41, 42, 44, 45, 48, 49, 50, 65, 66, 67, 76, 77, 78, 80, 81, 82, 85, 86, 87, 88, 90, 92, 93, 94, 96, 97, 98, 99, 101, 102, 104, 105, 106, 107, 108, 111, 112, 113, 114, 115, 116, 118, 120, 121, 123, 125, 127, 128, 129, 132, 133, 135, 138, 139, 140, 143, 144, 145, 148, 149, 150, 153, 154, 155, 156, 159, 160, 161, 162, 163, 165, 166, 167, 170, 171, 172, 173, 174, 176, 179, 180, 182, 183, 184, 186, 187, 189, 190, 192, 193, 195, 198, 199, 200, 201, 203, 204, 206, 207, 208, 210, 211, 214, 216, 231, 232, 234, 237, 238], "excluded_lines": []}}}, "quasim/cli/revultra_cli.py": {"executed_lines": [], "summary": {"covered_lines": 0, "num_statements": 90, "percent_covered": 0.0, "percent_covered_display": "0.00", "missing_lines": 90, "excluded_lines": 0, "percent_statements_covered": 0.0, "percent_statements_covered_display": "0.00"}, "missing_lines": [4, 5, 7, 9, 10, 11, 12, 15, 16, 17, 23, 26, 27, 28, 29, 30, 31, 32, 45, 46, 47, 48, 50, 51, 53, 56, 58, 67, 68, 69, 70, 73, 74, 75, 76, 79, 80, 81, 84, 85, 88, 89, 90, 93, 96, 99, 100, 101, 102, 103, 105, 106, 109, 110, 116, 117, 124, 125, 126, 127, 128, 130, 132, 133, 134, 135, 137, 138, 139, 141, 142, 143, 146, 147, 148, 149, 155, 156, 157, 158, 160, 161, 163, 164, 166, 167, 168, 169, 172, 173], "excluded_lines": [], "functions": {"cli": {"executed_lines": [], "summary": {"covered_lines": 0, "num_statements": 1, "percent_covered": 0.0, "percent_covered_display": "0.00", "missing_lines": 1, "excluded_lines": 0, "percent_statements_covered": 0.0, "percent_statements_covered_display": "0.00"}, "missing_lines": [23], "excluded_lines": []}, "analyze": {"executed_lines": [], "summary": {"covered_lines": 0, "num_statements": 34, "percent_covered": 0.0, "percent_covered_display": "0.00", "missing_lines": 34, "excluded_lines": 0, "percent_statements_covered": 0.0, "percent_statements_covered_display": "0.00"}, "missing_lines": [45, 46, 47, 48, 50, 51, 53, 56, 58, 67, 68, 69, 70, 73, 74, 75, 76, 79, 80, 81, 84, 85, 88, 89, 90, 93, 96, 99, 100, 101, 102, 103, 105, 106], "excluded_lines": []}, "demo": {"executed_lines": [], "summary": {"covered_lines": 0, "num_statements": 16, "percent_covered": 0.0, "percent_covered_display": "0.00", "missing_lines": 16, "excluded_lines": 0, "percent_statements_covered": 0.0, "percent_statements_covered_display": "0.00"}, "missing_lines": [124, 125, 126, 127, 128, 130, 132, 133, 134, 135, 137, 138, 139, 141, 142, 143], "excluded_lines": []}, "frequency": {"executed_lines": [], "summary": {"covered_lines": 0, "num_statements": 12, "percent_covered": 0.0, "percent_covered_display": "0.00", "missing_lines": 12, "excluded_lines": 0, "percent_statements_covered": 0.0, "percent_statements_covered_display": "0.00"}, "missing_lines": [155, 156, 157, 158, 160, 161, 163, 164, 166, 167, 168, 169], "excluded_lines": []}, "": {"executed_lines": [], "summary": {"covered_lines": 0, "num_statements": 27, "percent_covered": 0.0, "percent_covered_display": "0.00", "missing_lines": 27, "excluded_lines": 0, "percent_statements_covered": 0.0, "percent_statements_covered_display": "0.00"}, "missing_lines": [4, 5, 7, 9, 10, 11, 12, 15, 16, 17, 26, 27, 28, 29, 30, 31, 32, 109, 110, 116, 117, 146, 147, 148, 149, 172, 173], "excluded_lines": []}}, "classes": {"": {"executed_lines": [], "summary": {"covered_lines": 0, "num_statements": 90, "percent_covered": 0.0, "percent_covered_display": "0.00", "missing_lines": 90, "excluded_lines": 0, "percent_statements_covered": 0.0, "percent_statements_covered_display": "0.00"}, "missing_lines": [4, 5, 7, 9, 10, 11, 12, 15, 16, 17, 23, 26, 27, 28, 29, 30, 31, 32, 45, 46, 47, 48, 50, 51, 53, 56, 58, 67, 68, 69, 70, 73, 74, 75, 76, 79, 80, 81, 84, 85, 88, 89, 90, 93, 96, 99, 100, 101, 102, 103, 105, 106, 109, 110, 116, 117, 124, 125, 126, 127, 128, 130, 132, 133, 134, 135, 137, 138, 139, 141, 142, 143, 146, 147, 148, 149, 155, 156, 157, 158, 160, 161, 163, 164, 166, 167, 168, 169, 172, 173], "excluded_lines": []}}}, "quasim/cli/run_flow.py": {"executed_lines": [], "summary": {"covered_lines": 0, "num_statements": 67, "percent_covered": 0.0, "percent_covered_display": "0.00", "missing_lines": 67, "excluded_lines": 0, "percent_statements_covered": 0.0, "percent_statements_covered_display": "0.00"}, "missing_lines": [4, 5, 6, 7, 9, 11, 12, 15, 17, 18, 21, 42, 45, 46, 49, 52, 55, 56, 57, 58, 59, 71, 72, 75, 76, 77, 80, 81, 82, 85, 86, 89, 90, 91, 92, 95, 96, 97, 98, 100, 102, 103, 105, 106, 107, 110, 111, 114, 115, 116, 117, 118, 119, 122, 124, 141, 142, 143, 144, 147, 150, 151, 154, 155, 166, 169, 170], "excluded_lines": [], "functions": {"_generate_video_hash": {"executed_lines": [], "summary": {"covered_lines": 0, "num_statements": 2, "percent_covered": 0.0, "percent_covered_display": "0.00", "missing_lines": 2, "excluded_lines": 0, "percent_statements_covered": 0.0, "percent_statements_covered_display": "0.00"}, "missing_lines": [17, 18], "excluded_lines": []}, "_create_video_artifacts": {"executed_lines": [], "summary": {"covered_lines": 0, "num_statements": 34, "percent_covered": 0.0, "percent_covered_display": "0.00", "missing_lines": 34, "excluded_lines": 0, "percent_statements_covered": 0.0, "percent_statements_covered_display": "0.00"}, "missing_lines": [42, 45, 46, 49, 52, 55, 56, 57, 58, 59, 71, 72, 75, 76, 77, 80, 81, 82, 85, 86, 89, 90, 91, 92, 95, 96, 97, 98, 100, 102, 103, 105, 106, 107], "excluded_lines": []}, "main": {"executed_lines": [], "summary": {"covered_lines": 0, "num_statements": 19, "percent_covered": 0.0, "percent_covered_display": "0.00", "missing_lines": 19, "excluded_lines": 0, "percent_statements_covered": 0.0, "percent_statements_covered_display": "0.00"}, "missing_lines": [111, 114, 115, 116, 117, 118, 119, 122, 124, 141, 142, 143, 144, 147, 150, 151, 154, 155, 166], "excluded_lines": []}, "": {"executed_lines": [], "summary": {"covered_lines": 0, "num_statements": 12, "percent_covered": 0.0, "percent_covered_display": "0.00", "missing_lines": 12, "excluded_lines": 0, "percent_statements_covered": 0.0, "percent_statements_covered_display": "0.00"}, "missing_lines": [4, 5, 6, 7, 9, 11, 12, 15, 21, 110, 169, 170], "excluded_lines": []}}, "classes": {"": {"executed_lines": [], "summary": {"covered_lines": 0, "num_statements": 67, "percent_covered": 0.0, "percent_covered_display": "0.00", "missing_lines": 67, "excluded_lines": 0, "percent_statements_covered": 0.0, "percent_statements_covered_display": "0.00"}, "missing_lines": [4, 5, 6, 7, 9, 11, 12, 15, 17, 18, 21, 42, 45, 46, 49, 52, 55, 56, 57, 58, 59, 71, 72, 75, 76, 77, 80, 81, 82, 85, 86, 89, 90, 91, 92, 95, 96, 97, 98, 100, 102, 103, 105, 106, 107, 110, 111, 114, 115, 116, 117, 118, 119, 122, 124, 141, 142, 143, 144, 147, 150, 151, 154, 155, 166, 169, 170], "excluded_lines": []}}}, "quasim/cli/terc_obs_cli.py": {"executed_lines": [], "summary": {"covered_lines": 0, "num_statements": 103, "percent_covered": 0.0, "percent_covered_display": "0.00", "missing_lines": 103, "excluded_lines": 0, "percent_statements_covered": 0.0, "percent_statements_covered_display": "0.00"}, "missing_lines": [4, 5, 7, 8, 10, 11, 17, 20, 21, 22, 28, 31, 32, 33, 34, 35, 36, 44, 45, 46, 47, 49, 50, 52, 54, 56, 57, 58, 59, 60, 61, 62, 64, 65, 66, 67, 68, 69, 72, 73, 74, 75, 76, 78, 79, 82, 85, 86, 88, 89, 92, 93, 95, 97, 98, 99, 100, 101, 104, 105, 106, 107, 108, 114, 117, 118, 121, 123, 125, 126, 127, 128, 130, 132, 135, 136, 139, 145, 146, 147, 149, 152, 153, 154, 156, 157, 159, 160, 162, 163, 164, 165, 168, 169, 170, 172, 173, 174, 175, 176, 177, 180, 181], "excluded_lines": [], "functions": {"cli": {"executed_lines": [], "summary": {"covered_lines": 0, "num_statements": 1, "percent_covered": 0.0, "percent_covered_display": "0.00", "missing_lines": 1, "excluded_lines": 0, "percent_statements_covered": 0.0, "percent_statements_covered_display": "0.00"}, "missing_lines": [28], "excluded_lines": []}, "emit": {"executed_lines": [], "summary": {"covered_lines": 0, "num_statements": 33, "percent_covered": 0.0, "percent_covered_display": "0.00", "missing_lines": 33, "excluded_lines": 0, "percent_statements_covered": 0.0, "percent_statements_covered_display": "0.00"}, "missing_lines": [44, 45, 46, 47, 49, 50, 52, 54, 56, 57, 58, 59, 60, 61, 62, 64, 65, 66, 67, 68, 69, 72, 73, 74, 75, 76, 78, 79, 82, 85, 86, 88, 89], "excluded_lines": []}, "list_cmd": {"executed_lines": [], "summary": {"covered_lines": 0, "num_statements": 6, "percent_covered": 0.0, "percent_covered_display": "0.00", "missing_lines": 6, "excluded_lines": 0, "percent_statements_covered": 0.0, "percent_statements_covered_display": "0.00"}, "missing_lines": [95, 97, 98, 99, 100, 101], "excluded_lines": []}, "consensus": {"executed_lines": [], "summary": {"covered_lines": 0, "num_statements": 11, "percent_covered": 0.0, "percent_covered_display": "0.00", "missing_lines": 11, "excluded_lines": 0, "percent_statements_covered": 0.0, "percent_statements_covered_display": "0.00"}, "missing_lines": [114, 117, 118, 121, 123, 125, 126, 127, 128, 130, 132], "excluded_lines": []}, "validate": {"executed_lines": [], "summary": {"covered_lines": 0, "num_statements": 24, "percent_covered": 0.0, "percent_covered_display": "0.00", "missing_lines": 24, "excluded_lines": 0, "percent_statements_covered": 0.0, "percent_statements_covered_display": "0.00"}, "missing_lines": [145, 146, 147, 149, 152, 153, 154, 156, 157, 159, 160, 162, 163, 164, 165, 168, 169, 170, 172, 173, 174, 175, 176, 177], "excluded_lines": []}, "": {"executed_lines": [], "summary": {"covered_lines": 0, "num_statements": 28, "percent_covered": 0.0, "percent_covered_display": "0.00", "missing_lines": 28, "excluded_lines": 0, "percent_statements_covered": 0.0, "percent_statements_covered_display": "0.00"}, "missing_lines": [4, 5, 7, 8, 10, 11, 17, 20, 21, 22, 31, 32, 33, 34, 35, 36, 92, 93, 104, 105, 106, 107, 108, 135, 136, 139, 180, 181], "excluded_lines": []}}, "classes": {"": {"executed_lines": [], "summary": {"covered_lines": 0, "num_statements": 103, "percent_covered": 0.0, "percent_covered_display": "0.00", "missing_lines": 103, "excluded_lines": 0, "percent_statements_covered": 0.0, "percent_statements_covered_display": "0.00"}, "missing_lines": [4, 5, 7, 8, 10, 11, 17, 20, 21, 22, 28, 31, 32, 33, 34, 35, 36, 44, 45, 46, 47, 49, 50, 52, 54, 56, 57, 58, 59, 60, 61, 62, 64, 65, 66, 67, 68, 69, 72, 73, 74, 75, 76, 78, 79, 82, 85, 86, 88, 89, 92, 93, 95, 97, 98, 99, 100, 101, 104, 105, 106, 107, 108, 114, 117, 118, 121, 123, 125, 126, 127, 128, 130, 132, 135, 136, 139, 145, 146, 147, 149, 152, 153, 154, 156, 157, 159, 160, 162, 163, 164, 165, 168, 169, 170, 172, 173, 174, 175, 176, 177, 180, 181], "excluded_lines": []}}}, "quasim/common.py": {"executed_lines": [], "summary": {"covered_lines": 0, "num_statements": 87, "percent_covered": 0.0, "percent_covered_display": "0.00", "missing_lines": 87, "excluded_lines": 0, "percent_statements_covered": 0.0, "percent_statements_covered_display": "0.00"}, "missing_lines": [9, 10, 11, 12, 14, 15, 16, 18, 21, 23, 24, 27, 49, 51, 54, 56, 58, 60, 61, 63, 64, 65, 66, 67, 70, 71, 72, 73, 75, 85, 86, 89, 90, 92, 93, 95, 96, 97, 99, 102, 103, 104, 105, 106, 107, 108, 110, 111, 119, 136, 137, 139, 140, 142, 144, 145, 146, 149, 150, 151, 158, 159, 160, 161, 162, 164, 167, 168, 169, 170, 171, 173, 176, 188, 189, 190, 191, 192, 193, 194, 196, 197, 199, 202, 229, 244, 245], "excluded_lines": [], "functions": {"load_profile": {"executed_lines": [], "summary": {"covered_lines": 0, "num_statements": 2, "percent_covered": 0.0, "percent_covered_display": "0.00", "missing_lines": 2, "excluded_lines": 0, "percent_statements_covered": 0.0, "percent_statements_covered_display": "0.00"}, "missing_lines": [23, 24], "excluded_lines": []}, "evolutionary_optimization": {"executed_lines": [], "summary": {"covered_lines": 0, "num_statements": 36, "percent_covered": 0.0, "percent_covered_display": "0.00", "missing_lines": 36, "excluded_lines": 0, "percent_statements_covered": 0.0, "percent_statements_covered_display": "0.00"}, "missing_lines": [49, 51, 54, 56, 58, 60, 61, 63, 64, 65, 66, 67, 70, 71, 72, 73, 75, 85, 86, 89, 90, 92, 93, 95, 96, 97, 99, 102, 103, 104, 105, 106, 107, 108, 110, 111], "excluded_lines": []}, "create_visualization_generic": {"executed_lines": [], "summary": {"covered_lines": 0, "num_statements": 23, "percent_covered": 0.0, "percent_covered_display": "0.00", "missing_lines": 23, "excluded_lines": 0, "percent_statements_covered": 0.0, "percent_statements_covered_display": "0.00"}, "missing_lines": [136, 137, 139, 140, 142, 144, 145, 146, 149, 150, 151, 158, 159, 160, 161, 162, 164, 167, 168, 169, 170, 171, 173], "excluded_lines": []}, "calculate_fidelity": {"executed_lines": [], "summary": {"covered_lines": 0, "num_statements": 10, "percent_covered": 0.0, "percent_covered_display": "0.00", "missing_lines": 10, "excluded_lines": 0, "percent_statements_covered": 0.0, "percent_statements_covered_display": "0.00"}, "missing_lines": [188, 189, 190, 191, 192, 193, 194, 196, 197, 199], "excluded_lines": []}, "generate_report": {"executed_lines": [], "summary": {"covered_lines": 0, "num_statements": 3, "percent_covered": 0.0, "percent_covered_display": "0.00", "missing_lines": 3, "excluded_lines": 0, "percent_statements_covered": 0.0, "percent_statements_covered_display": "0.00"}, "missing_lines": [229, 244, 245], "excluded_lines": []}, "": {"executed_lines": [], "summary": {"covered_lines": 0, "num_statements": 13, "percent_covered": 0.0, "percent_covered_display": "0.00", "missing_lines": 13, "excluded_lines": 0, "percent_statements_covered": 0.0, "percent_statements_covered_display": "0.00"}, "missing_lines": [9, 10, 11, 12, 14, 15, 16, 18, 21, 27, 119, 176, 202], "excluded_lines": []}}, "classes": {"": {"executed_lines": [], "summary": {"covered_lines": 0, "num_statements": 87, "percent_covered": 0.0, "percent_covered_display": "0.00", "missing_lines": 87, "excluded_lines": 0, "percent_statements_covered": 0.0, "percent_statements_covered_display": "0.00"}, "missing_lines": [9, 10, 11, 12, 14, 15, 16, 18, 21, 23, 24, 27, 49, 51, 54, 56, 58, 60, 61, 63, 64, 65, 66, 67, 70, 71, 72, 73, 75, 85, 86, 89, 90, 92, 93, 95, 96, 97, 99, 102, 103, 104, 105, 106, 107, 108, 110, 111, 119, 136, 137, 139, 140, 142, 144, 145, 146, 149, 150, 151, 158, 159, 160, 161, 162, 164, 167, 168, 169, 170, 171, 173, 176, 188, 189, 190, 191, 192, 193, 194, 196, 197, 199, 202, 229, 244, 245], "excluded_lines": []}}}, "quasim/common/__init__.py": {"executed_lines": [], "summary": {"covered_lines": 0, "num_statements": 2, "percent_covered": 0.0, "percent_covered_display": "0.00", "missing_lines": 2, "excluded_lines": 0, "percent_statements_covered": 0.0, "percent_statements_covered_display": "0.00"}, "missing_lines": [12, 14], "excluded_lines": [], "functions": {"": {"executed_lines": [], "summary": {"covered_lines": 0, "num_statements": 2, "percent_covered": 0.0, "percent_covered_display": "0.00", "missing_lines": 2, "excluded_lines": 0, "percent_statements_covered": 0.0, "percent_statements_covered_display": "0.00"}, "missing_lines": [12, 14], "excluded_lines": []}}, "classes": {"": {"executed_lines": [], "summary": {"covered_lines": 0, "num_statements": 2, "percent_covered": 0.0, "percent_covered_display": "0.00", "missing_lines": 2, "excluded_lines": 0, "percent_statements_covered": 0.0, "percent_statements_covered_display": "0.00"}, "missing_lines": [12, 14], "excluded_lines": []}}}, "quasim/common/config.py": {"executed_lines": [], "summary": {"covered_lines": 0, "num_statements": 69, "percent_covered": 0.0, "percent_covered_display": "0.00", "missing_lines": 69, "excluded_lines": 0, "percent_statements_covered": 0.0, "percent_statements_covered_display": "0.00"}, "missing_lines": [6, 8, 9, 10, 11, 13, 16, 29, 31, 32, 34, 36, 37, 38, 39, 40, 41, 42, 43, 44, 46, 47, 48, 50, 51, 52, 53, 54, 55, 56, 57, 58, 59, 60, 61, 62, 63, 65, 66, 67, 68, 70, 73, 80, 81, 83, 85, 86, 87, 88, 89, 90, 91, 93, 94, 95, 96, 97, 98, 100, 101, 103, 106, 116, 118, 119, 120, 122, 124], "excluded_lines": [], "functions": {"load_config": {"executed_lines": [], "summary": {"covered_lines": 0, "num_statements": 35, "percent_covered": 0.0, "percent_covered_display": "0.00", "missing_lines": 35, "excluded_lines": 0, "percent_statements_covered": 0.0, "percent_statements_covered_display": "0.00"}, "missing_lines": [29, 31, 32, 34, 36, 37, 38, 39, 40, 41, 42, 43, 44, 46, 47, 48, 50, 51, 52, 53, 54, 55, 56, 57, 58, 59, 60, 61, 62, 63, 65, 66, 67, 68, 70], "excluded_lines": []}, "save_config": {"executed_lines": [], "summary": {"covered_lines": 0, "num_statements": 19, "percent_covered": 0.0, "percent_covered_display": "0.00", "missing_lines": 19, "excluded_lines": 0, "percent_statements_covered": 0.0, "percent_statements_covered_display": "0.00"}, "missing_lines": [80, 81, 83, 85, 86, 87, 88, 89, 90, 91, 93, 94, 95, 96, 97, 98, 100, 101, 103], "excluded_lines": []}, "merge_configs": {"executed_lines": [], "summary": {"covered_lines": 0, "num_statements": 6, "percent_covered": 0.0, "percent_covered_display": "0.00", "missing_lines": 6, "excluded_lines": 0, "percent_statements_covered": 0.0, "percent_statements_covered_display": "0.00"}, "missing_lines": [116, 118, 119, 120, 122, 124], "excluded_lines": []}, "": {"executed_lines": [], "summary": {"covered_lines": 0, "num_statements": 9, "percent_covered": 0.0, "percent_covered_display": "0.00", "missing_lines": 9, "excluded_lines": 0, "percent_statements_covered": 0.0, "percent_statements_covered_display": "0.00"}, "missing_lines": [6, 8, 9, 10, 11, 13, 16, 73, 106], "excluded_lines": []}}, "classes": {"": {"executed_lines": [], "summary": {"covered_lines": 0, "num_statements": 69, "percent_covered": 0.0, "percent_covered_display": "0.00", "missing_lines": 69, "excluded_lines": 0, "percent_statements_covered": 0.0, "percent_statements_covered_display": "0.00"}, "missing_lines": [6, 8, 9, 10, 11, 13, 16, 29, 31, 32, 34, 36, 37, 38, 39, 40, 41, 42, 43, 44, 46, 47, 48, 50, 51, 52, 53, 54, 55, 56, 57, 58, 59, 60, 61, 62, 63, 65, 66, 67, 68, 70, 73, 80, 81, 83, 85, 86, 87, 88, 89, 90, 91, 93, 94, 95, 96, 97, 98, 100, 101, 103, 106, 116, 118, 119, 120, 122, 124], "excluded_lines": []}}}, "quasim/common/metrics.py": {"executed_lines": [], "summary": {"covered_lines": 0, "num_statements": 46, "percent_covered": 0.0, "percent_covered_display": "0.00", "missing_lines": 46, "excluded_lines": 0, "percent_statements_covered": 0.0, "percent_statements_cover
[...]
ssing_lines": 1, "excluded_lines": 0, "percent_statements_covered": 0.0, "percent_statements_covered_display": "0.00"}, "missing_lines": [66], "excluded_lines": []}, "_complex_to_json": {"executed_lines": [], "summary": {"covered_lines": 0, "num_statements": 1, "percent_covered": 0.0, "percent_covered_display": "0.00", "missing_lines": 1, "excluded_lines": 0, "percent_statements_covered": 0.0, "percent_statements_covered_display": "0.00"}, "missing_lines": [75], "excluded_lines": []}, "_generate_tensors": {"executed_lines": [], "summary": {"covered_lines": 0, "num_statements": 6, "percent_covered": 0.0, "percent_covered_display": "0.00", "missing_lines": 6, "excluded_lines": 0, "percent_statements_covered": 0.0, "percent_statements_covered_display": "0.00"}, "missing_lines": [79, 80, 81, 82, 83, 89], "excluded_lines": []}, "_run_modern_backend": {"executed_lines": [], "summary": {"covered_lines": 0, "num_statements": 5, "percent_covered": 0.0, "percent_covered_display": "0.00", "missing_lines": 5, "excluded_lines": 0, "percent_statements_covered": 0.0, "percent_statements_covered_display": "0.00"}, "missing_lines": [100, 101, 102, 103, 105], "excluded_lines": []}, "_run_legacy_backend": {"executed_lines": [], "summary": {"covered_lines": 0, "num_statements": 6, "percent_covered": 0.0, "percent_covered_display": "0.00", "missing_lines": 6, "excluded_lines": 0, "percent_statements_covered": 0.0, "percent_statements_covered_display": "0.00"}, "missing_lines": [121, 122, 123, 124, 126, 128], "excluded_lines": []}, "_run_qvr_backend": {"executed_lines": [], "summary": {"covered_lines": 0, "num_statements": 14, "percent_covered": 0.0, "percent_covered_display": "0.00", "missing_lines": 14, "excluded_lines": 2, "percent_statements_covered": 0.0, "percent_statements_covered_display": "0.00"}, "missing_lines": [146, 147, 148, 150, 151, 152, 154, 161, 162, 164, 165, 166, 167, 169], "excluded_lines": [143, 144]}, "run_scenario": {"executed_lines": [], "summary": {"covered_lines": 0, "num_statements": 5, "percent_covered": 0.0, "percent_covered_display": "0.00", "missing_lines": 5, "excluded_lines": 0, "percent_statements_covered": 0.0, "percent_statements_covered_display": "0.00"}, "missing_lines": [200, 201, 206, 207, 214], "excluded_lines": []}, "": {"executed_lines": [], "summary": {"covered_lines": 0, "num_statements": 33, "percent_covered": 0.0, "percent_covered_display": "0.00", "missing_lines": 33, "excluded_lines": 0, "percent_statements_covered": 0.0, "percent_statements_covered_display": "0.00"}, "missing_lines": [12, 14, 15, 16, 17, 18, 19, 20, 21, 23, 24, 31, 32, 33, 34, 35, 36, 37, 39, 40, 45, 61, 64, 74, 78, 97, 117, 140, 187, 227, 228, 229, 231], "excluded_lines": []}}, "classes": {"ScenarioResult": {"executed_lines": [], "summary": {"covered_lines": 0, "num_statements": 3, "percent_covered": 0.0, "percent_covered_display": "0.00", "missing_lines": 3, "excluded_lines": 0, "percent_statements_covered": 0.0, "percent_statements_covered_display": "0.00"}, "missing_lines": [42, 43, 46], "excluded_lines": []}, "": {"executed_lines": [], "summary": {"covered_lines": 0, "num_statements": 71, "percent_covered": 0.0, "percent_covered_display": "0.00", "missing_lines": 71, "excluded_lines": 2, "percent_statements_covered": 0.0, "percent_statements_covered_display": "0.00"}, "missing_lines": [12, 14, 15, 16, 17, 18, 19, 20, 21, 23, 24, 31, 32, 33, 34, 35, 36, 37, 39, 40, 45, 61, 64, 66, 74, 75, 78, 79, 80, 81, 82, 83, 89, 97, 100, 101, 102, 103, 105, 117, 121, 122, 123, 124, 126, 128, 140, 146, 147, 148, 150, 151, 152, 154, 161, 162, 164, 165, 166, 167, 169, 187, 200, 201, 206, 207, 214, 227, 228, 229, 231], "excluded_lines": [143, 144]}}}, "quasim/vacuum/__init__.py": {"executed_lines": [], "summary": {"covered_lines": 0, "num_statements": 2, "percent_covered": 0.0, "percent_covered_display": "0.00", "missing_lines": 2, "excluded_lines": 0, "percent_statements_covered": 0.0, "percent_statements_covered_display": "0.00"}, "missing_lines": [3, 12], "excluded_lines": [], "functions": {"": {"executed_lines": [], "summary": {"covered_lines": 0, "num_statements": 2, "percent_covered": 0.0, "percent_covered_display": "0.00", "missing_lines": 2, "excluded_lines": 0, "percent_statements_covered": 0.0, "percent_statements_covered_display": "0.00"}, "missing_lines": [3, 12], "excluded_lines": []}}, "classes": {"": {"executed_lines": [], "summary": {"covered_lines": 0, "num_statements": 2, "percent_covered": 0.0, "percent_covered_display": "0.00", "missing_lines": 2, "excluded_lines": 0, "percent_statements_covered": 0.0, "percent_statements_covered_display": "0.00"}, "missing_lines": [3, 12], "excluded_lines": []}}}, "quasim/vacuum/casimir.py": {"executed_lines": [], "summary": {"covered_lines": 0, "num_statements": 40, "percent_covered": 0.0, "percent_covered_display": "0.00", "missing_lines": 40, "excluded_lines": 0, "percent_statements_covered": 0.0, "percent_statements_covered_display": "0.00"}, "missing_lines": [8, 10, 11, 13, 16, 43, 46, 47, 51, 54, 61, 65, 68, 88, 89, 90, 93, 113, 117, 118, 121, 122, 125, 127, 130, 149, 150, 153, 155, 158, 180, 181, 183, 185, 188, 212, 213, 216, 218, 220], "excluded_lines": [], "functions": {"casimir_energy_parallel_plates": {"executed_lines": [], "summary": {"covered_lines": 0, "num_statements": 7, "percent_covered": 0.0, "percent_covered_display": "0.00", "missing_lines": 7, "excluded_lines": 0, "percent_statements_covered": 0.0, "percent_statements_covered_display": "0.00"}, "missing_lines": [43, 46, 47, 51, 54, 61, 65], "excluded_lines": []}, "casimir_force_parallel_plates": {"executed_lines": [], "summary": {"covered_lines": 0, "num_statements": 3, "percent_covered": 0.0, "percent_covered_display": "0.00", "missing_lines": 3, "excluded_lines": 0, "percent_statements_covered": 0.0, "percent_statements_covered_display": "0.00"}, "missing_lines": [88, 89, 90], "excluded_lines": []}, "casimir_energy_scaling_test": {"executed_lines": [], "summary": {"covered_lines": 0, "num_statements": 7, "percent_covered": 0.0, "percent_covered_display": "0.00", "missing_lines": 7, "excluded_lines": 0, "percent_statements_covered": 0.0, "percent_statements_covered_display": "0.00"}, "missing_lines": [113, 117, 118, 121, 122, 125, 127], "excluded_lines": []}, "mode_density_confined": {"executed_lines": [], "summary": {"covered_lines": 0, "num_statements": 4, "percent_covered": 0.0, "percent_covered_display": "0.00", "missing_lines": 4, "excluded_lines": 0, "percent_statements_covered": 0.0, "percent_statements_covered_display": "0.00"}, "missing_lines": [149, 150, 153, 155], "excluded_lines": []}, "vacuum_energy_shift": {"executed_lines": [], "summary": {"covered_lines": 0, "num_statements": 4, "percent_covered": 0.0, "percent_covered_display": "0.00", "missing_lines": 4, "excluded_lines": 0, "percent_statements_covered": 0.0, "percent_statements_covered_display": "0.00"}, "missing_lines": [180, 181, 183, 185], "excluded_lines": []}, "casimir_energy_sphere_plate": {"executed_lines": [], "summary": {"covered_lines": 0, "num_statements": 5, "percent_covered": 0.0, "percent_covered_display": "0.00", "missing_lines": 5, "excluded_lines": 0, "percent_statements_covered": 0.0, "percent_statements_covered_display": "0.00"}, "missing_lines": [212, 213, 216, 218, 220], "excluded_lines": []}, "": {"executed_lines": [], "summary": {"covered_lines": 0, "num_statements": 10, "percent_covered": 0.0, "percent_covered_display": "0.00", "missing_lines": 10, "excluded_lines": 0, "percent_statements_covered": 0.0, "percent_statements_covered_display": "0.00"}, "missing_lines": [8, 10, 11, 13, 16, 68, 93, 130, 158, 188], "excluded_lines": []}}, "classes": {"": {"executed_lines": [], "summary": {"covered_lines": 0, "num_statements": 40, "percent_covered": 0.0, "percent_covered_display": "0.00", "missing_lines": 40, "excluded_lines": 0, "percent_statements_covered": 0.0, "percent_statements_covered_display": "0.00"}, "missing_lines": [8, 10, 11, 13, 16, 43, 46, 47, 51, 54, 61, 65, 68, 88, 89, 90, 93, 113, 117, 118, 121, 122, 125, 127, 130, 149, 150, 153, 155, 158, 180, 181, 183, 185, 188, 212, 213, 216, 218, 220], "excluded_lines": []}}}, "quasim/validation/__init__.py": {"executed_lines": [], "summary": {"covered_lines": 0, "num_statements": 0, "percent_covered": 100.0, "percent_covered_display": "100.00", "missing_lines": 0, "excluded_lines": 0, "percent_statements_covered": 100.0, "percent_statements_covered_display": "100.00"}, "missing_lines": [], "excluded_lines": [], "functions": {"": {"executed_lines": [], "summary": {"covered_lines": 0, "num_statements": 0, "percent_covered": 100.0, "percent_covered_display": "100.00", "missing_lines": 0, "excluded_lines": 0, "percent_statements_covered": 100.0, "percent_statements_covered_display": "100.00"}, "missing_lines": [], "excluded_lines": []}}, "classes": {"": {"executed_lines": [], "summary": {"covered_lines": 0, "num_statements": 0, "percent_covered": 100.0, "percent_covered_display": "100.00", "missing_lines": 0, "excluded_lines": 0, "percent_statements_covered": 100.0, "percent_statements_covered_display": "100.00"}, "missing_lines": [], "excluded_lines": []}}}, "quasim/validation/compare.py": {"executed_lines": [], "summary": {"covered_lines": 0, "num_statements": 64, "percent_covered": 0.0, "percent_covered_display": "0.00", "missing_lines": 64, "excluded_lines": 0, "percent_statements_covered": 0.0, "percent_statements_covered_display": "0.00"}, "missing_lines": [3, 4, 6, 7, 9, 12, 36, 37, 38, 40, 41, 43, 46, 47, 48, 50, 61, 63, 64, 65, 66, 67, 68, 69, 70, 73, 76, 78, 79, 82, 83, 84, 86, 88, 95, 98, 116, 118, 119, 120, 121, 122, 123, 126, 127, 129, 130, 131, 132, 134, 135, 138, 139, 140, 141, 142, 143, 144, 146, 147, 149, 150, 151, 153], "excluded_lines": [], "functions": {"compare_observables": {"executed_lines": [], "summary": {"covered_lines": 0, "num_statements": 29, "percent_covered": 0.0, "percent_covered_display": "0.00", "missing_lines": 29, "excluded_lines": 0, "percent_statements_covered": 0.0, "percent_statements_covered_display": "0.00"}, "missing_lines": [36, 37, 38, 40, 41, 43, 46, 47, 48, 50, 61, 63, 64, 65, 66, 67, 68, 69, 70, 73, 76, 78, 79, 82, 83, 84, 86, 88, 95], "excluded_lines": []}, "_extract_observable": {"executed_lines": [], "summary": {"covered_lines": 0, "num_statements": 28, "percent_covered": 0.0, "percent_covered_display": "0.00", "missing_lines": 28, "excluded_lines": 0, "percent_statements_covered": 0.0, "percent_statements_covered_display": "0.00"}, "missing_lines": [116, 118, 119, 120, 121, 122, 123, 126, 127, 129, 130, 131, 132, 134, 135, 138, 139, 140, 141, 142, 143, 144, 146, 147, 149, 150, 151, 153], "excluded_lines": []}, "": {"executed_lines": [], "summary": {"covered_lines": 0, "num_statements": 7, "percent_covered": 0.0, "percent_covered_display": "0.00", "missing_lines": 7, "excluded_lines": 0, "percent_statements_covered": 0.0, "percent_statements_covered_display": "0.00"}, "missing_lines": [3, 4, 6, 7, 9, 12, 98], "excluded_lines": []}}, "classes": {"": {"executed_lines": [], "summary": {"covered_lines": 0, "num_statements": 64, "percent_covered": 0.0, "percent_covered_display": "0.00", "missing_lines": 64, "excluded_lines": 0, "percent_statements_covered": 0.0, "percent_statements_covered_display": "0.00"}, "missing_lines": [3, 4, 6, 7, 9, 12, 36, 37, 38, 40, 41, 43, 46, 47, 48, 50, 61, 63, 64, 65, 66, 67, 68, 69, 70, 73, 76, 78, 79, 82, 83, 84, 86, 88, 95, 98, 116, 118, 119, 120, 121, 122, 123, 126, 127, 129, 130, 131, 132, 134, 135, 138, 139, 140, 141, 142, 143, 144, 146, 147, 149, 150, 151, 153], "excluded_lines": []}}}, "quasim/viz/__init__.py": {"executed_lines": [], "summary": {"covered_lines": 0, "num_statements": 3, "percent_covered": 0.0, "percent_covered_display": "0.00", "missing_lines": 3, "excluded_lines": 0, "percent_statements_covered": 0.0, "percent_statements_covered_display": "0.00"}, "missing_lines": [4, 5, 7], "excluded_lines": [], "functions": {"": {"executed_lines": [], "summary": {"covered_lines": 0, "num_statements": 3, "percent_covered": 0.0, "percent_covered_display": "0.00", "missing_lines": 3, "excluded_lines": 0, "percent_statements_covered": 0.0, "percent_statements_covered_display": "0.00"}, "missing_lines": [4, 5, 7], "excluded_lines": []}}, "classes": {"": {"executed_lines": [], "summary": {"covered_lines": 0, "num_statements": 3, "percent_covered": 0.0, "percent_covered_display": "0.00", "missing_lines": 3, "excluded_lines": 0, "percent_statements_covered": 0.0, "percent_statements_covered_display": "0.00"}, "missing_lines": [4, 5, 7], "excluded_lines": []}}}, "quasim/viz/renderer.py": {"executed_lines": [], "summary": {"covered_lines": 0, "num_statements": 48, "percent_covered": 0.0, "percent_covered_display": "0.00", "missing_lines": 48, "excluded_lines": 0, "percent_statements_covered": 0.0, "percent_statements_covered_display": "0.00"}, "missing_lines": [5, 7, 10, 21, 22, 24, 27, 28, 33, 36, 37, 38, 39, 42, 52, 53, 54, 55, 58, 68, 69, 70, 71, 74, 84, 85, 86, 87, 90, 100, 103, 104, 105, 106, 109, 119, 128, 129, 130, 131, 133, 136, 137, 138, 139, 142, 144, 146], "excluded_lines": [], "functions": {"render_frame": {"executed_lines": [], "summary": {"covered_lines": 0, "num_statements": 45, "percent_covered": 0.0, "percent_covered_display": "0.00", "missing_lines": 45, "excluded_lines": 0, "percent_statements_covered": 0.0, "percent_statements_covered_display": "0.00"}, "missing_lines": [21, 22, 24, 27, 28, 33, 36, 37, 38, 39, 42, 52, 53, 54, 55, 58, 68, 69, 70, 71, 74, 84, 85, 86, 87, 90, 100, 103, 104, 105, 106, 109, 119, 128, 129, 130, 131, 133, 136, 137, 138, 139, 142, 144, 146], "excluded_lines": []}, "": {"executed_lines": [], "summary": {"covered_lines": 0, "num_statements": 3, "percent_covered": 0.0, "percent_covered_display": "0.00", "missing_lines": 3, "excluded_lines": 0, "percent_statements_covered": 0.0, "percent_statements_covered_display": "0.00"}, "missing_lines": [5, 7, 10], "excluded_lines": []}}, "classes": {"": {"executed_lines": [], "summary": {"covered_lines": 0, "num_statements": 48, "percent_covered": 0.0, "percent_covered_display": "0.00", "missing_lines": 48, "excluded_lines": 0, "percent_statements_covered": 0.0, "percent_statements_covered_display": "0.00"}, "missing_lines": [5, 7, 10, 21, 22, 24, 27, 28, 33, 36, 37, 38, 39, 42, 52, 53, 54, 55, 58, 68, 69, 70, 71, 74, 84, 85, 86, 87, 90, 100, 103, 104, 105, 106, 109, 119, 128, 129, 130, 131, 133, 136, 137, 138, 139, 142, 144, 146], "excluded_lines": []}}}, "quasim/viz/run_capture.py": {"executed_lines": [], "summary": {"covered_lines": 0, "num_statements": 87, "percent_covered": 0.0, "percent_covered_display": "0.00", "missing_lines": 87, "excluded_lines": 0, "percent_statements_covered": 0.0, "percent_statements_covered_display": "0.00"}, "missing_lines": [6, 8, 9, 10, 12, 14, 17, 18, 28, 29, 30, 31, 33, 39, 40, 43, 44, 47, 49, 51, 54, 55, 56, 58, 60, 78, 79, 81, 84, 85, 87, 88, 89, 90, 93, 94, 95, 96, 97, 98, 99, 102, 103, 104, 106, 107, 108, 109, 110, 111, 114, 115, 116, 118, 119, 120, 121, 122, 123, 125, 127, 129, 131, 132, 133, 136, 153, 155, 157, 158, 159, 160, 161, 162, 164, 166, 167, 168, 169, 171, 172, 173, 175, 177, 179, 180, 182], "excluded_lines": [], "functions": {"RunCapture.record": {"executed_lines": [], "summary": {"covered_lines": 0, "num_statements": 11, "percent_covered": 0.0, "percent_covered_display": "0.00", "missing_lines": 11, "excluded_lines": 0, "percent_statements_covered": 0.0, "percent_statements_covered_display": "0.00"}, "missing_lines": [39, 40, 43, 44, 47, 49, 51, 54, 55, 56, 58], "excluded_lines": []}, "RunCapture.finalize": {"executed_lines": [], "summary": {"covered_lines": 0, "num_statements": 36, "percent_covered": 0.0, "percent_covered_display": "0.00", "missing_lines": 36, "excluded_lines": 0, "percent_statements_covered": 0.0, "percent_statements_covered_display": "0.00"}, "missing_lines": [78, 79, 81, 84, 85, 87, 88, 89, 90, 93, 94, 95, 96, 97, 98, 99, 102, 103, 104, 106, 107, 108, 109, 110, 111, 114, 115, 116, 118, 119, 120, 121, 122, 123, 125, 127], "excluded_lines": []}, "RunCapture.clear": {"executed_lines": [], "summary": {"covered_lines": 0, "num_statements": 3, "percent_covered": 0.0, "percent_covered_display": "0.00", "missing_lines": 3, "excluded_lines": 0, "percent_statements_covered": 0.0, "percent_statements_covered_display": "0.00"}, "missing_lines": [131, 132, 133], "excluded_lines": []}, "create_dummy_frame": {"executed_lines": [], "summary": {"covered_lines": 0, "num_statements": 21, "percent_covered": 0.0, "percent_covered_display": "0.00", "missing_lines": 21, "excluded_lines": 0, "percent_statements_covered": 0.0, "percent_statements_covered_display": "0.00"}, "missing_lines": [153, 155, 157, 158, 159, 160, 161, 162, 164, 166, 167, 168, 169, 171, 172, 173, 175, 177, 179, 180, 182], "excluded_lines": []}, "": {"executed_lines": [], "summary": {"covered_lines": 0, "num_statements": 16, "percent_covered": 0.0, "percent_covered_display": "0.00", "missing_lines": 16, "excluded_lines": 0, "percent_statements_covered": 0.0, "percent_statements_covered_display": "0.00"}, "missing_lines": [6, 8, 9, 10, 12, 14, 17, 18, 28, 29, 30, 31, 33, 60, 129, 136], "excluded_lines": []}}, "classes": {"RunCapture": {"executed_lines": [], "summary": {"covered_lines": 0, "num_statements": 50, "percent_covered": 0.0, "percent_covered_display": "0.00", "missing_lines": 50, "excluded_lines": 0, "percent_statements_covered": 0.0, "percent_statements_covered_display": "0.00"}, "missing_lines": [39, 40, 43, 44, 47, 49, 51, 54, 55, 56, 58, 78, 79, 81, 84, 85, 87, 88, 89, 90, 93, 94, 95, 96, 97, 98, 99, 102, 103, 104, 106, 107, 108, 109, 110, 111, 114, 115, 116, 118, 119, 120, 121, 122, 123, 125, 127, 131, 132, 133], "excluded_lines": []}, "": {"executed_lines": [], "summary": {"covered_lines": 0, "num_statements": 37, "percent_covered": 0.0, "percent_covered_display": "0.00", "missing_lines": 37, "excluded_lines": 0, "percent_statements_covered": 0.0, "percent_statements_covered_display": "0.00"}, "missing_lines": [6, 8, 9, 10, 12, 14, 17, 18, 28, 29, 30, 31, 33, 60, 129, 136, 153, 155, 157, 158, 159, 160, 161, 162, 164, 166, 167, 168, 169, 171, 172, 173, 175, 177, 179, 180, 182], "excluded_lines": []}}}, "quasim/viz/specs.py": {"executed_lines": [], "summary": {"covered_lines": 0, "num_statements": 13, "percent_covered": 0.0, "percent_covered_display": "0.00", "missing_lines": 13, "excluded_lines": 0, "percent_statements_covered": 0.0, "percent_statements_covered_display": "0.00"}, "missing_lines": [4, 7, 8, 25, 26, 27, 28, 29, 30, 31, 32, 33, 34], "excluded_lines": [], "functions": {"": {"executed_lines": [], "summary": {"covered_lines": 0, "num_statements": 13, "percent_covered": 0.0, "percent_covered_display": "0.00", "missing_lines": 13, "excluded_lines": 0, "percent_statements_covered": 0.0, "percent_statements_covered_display": "0.00"}, "missing_lines": [4, 7, 8, 25, 26, 27, 28, 29, 30, 31, 32, 33, 34], "excluded_lines": []}}, "classes": {"FlowFrameSpec": {"executed_lines": [], "summary": {"covered_lines": 0, "num_statements": 0, "percent_covered": 100.0, "percent_covered_display": "100.00", "missing_lines": 0, "excluded_lines": 0, "percent_statements_covered": 100.0, "percent_statements_covered_display": "100.00"}, "missing_lines": [], "excluded_lines": []}, "": {"executed_lines": [], "summary": {"covered_lines": 0, "num_statements": 13, "percent_covered": 0.0, "percent_covered_display": "0.00", "missing_lines": 13, "excluded_lines": 0, "percent_statements_covered": 0.0, "percent_statements_covered_display": "0.00"}, "missing_lines": [4, 7, 8, 25, 26, 27, 28, 29, 30, 31, 32, 33, 34], "excluded_lines": []}}}}, "totals": {"covered_lines": 200, "num_statements": 9484, "percent_covered": 2.108814846056516, "percent_covered_display": "2.11", "missing_lines": 9284, "excluded_lines": 4, "percent_statements_covered": 2.108814846056516, "percent_statements_covered_display": "2.11"}}